[1.671s] Invoking command in '/home/anaskh007/Anasros2_ws/build/pub_sub_ex': PYTHONPATH=/home/anaskh007/Anasros2_ws/build/pub_sub_ex/prefix_override:/usr/lib/python3/dist-packages/colcon_core/task/python/colcon_distutils_commands:/home/anaskh007/Anasros2_ws/install/pub_sub_ex/lib/python3.10/site-packages:${PYTHONPATH} /usr/bin/python3 -W ignore:setup.py install is deprecated -W ignore:easy_install command is deprecated setup.py develop --editable --build-directory /home/anaskh007/Anasros2_ws/build/pub_sub_ex/build --no-deps symlink_data
[2.049s] running develop
[2.303s] running egg_info
[2.304s] creating pub_sub_ex.egg-info
[2.304s] writing pub_sub_ex.egg-info/PKG-INFO
[2.304s] writing dependency_links to pub_sub_ex.egg-info/dependency_links.txt
[2.304s] writing entry points to pub_sub_ex.egg-info/entry_points.txt
[2.305s] writing requirements to pub_sub_ex.egg-info/requires.txt
[2.305s] writing top-level names to pub_sub_ex.egg-info/top_level.txt
[2.305s] writing manifest file 'pub_sub_ex.egg-info/SOURCES.txt'
[2.306s] reading manifest file 'pub_sub_ex.egg-info/SOURCES.txt'
[2.307s] writing manifest file 'pub_sub_ex.egg-info/SOURCES.txt'
[2.308s] running build_ext
[2.310s] Creating /home/anaskh007/Anasros2_ws/install/pub_sub_ex/lib/python3.10/site-packages/pub-sub-ex.egg-link (link to .)
[2.310s] Installing nav_goals script to /home/anaskh007/Anasros2_ws/install/pub_sub_ex/lib/pub_sub_ex
[2.310s] Installing nav_goals_fixed script to /home/anaskh007/Anasros2_ws/install/pub_sub_ex/lib/pub_sub_ex
[2.310s] Installing nav_simple script to /home/anaskh007/Anasros2_ws/install/pub_sub_ex/lib/pub_sub_ex
[2.310s] Installing pub script to /home/anaskh007/Anasros2_ws/install/pub_sub_ex/lib/pub_sub_ex
[2.310s] Installing sub script to /home/anaskh007/Anasros2_ws/install/pub_sub_ex/lib/pub_sub_ex
[2.311s] 
[2.311s] Installed /home/anaskh007/Anasros2_ws/build/pub_sub_ex
[2.311s] running symlink_data
[2.311s] creating /home/anaskh007/Anasros2_ws/install/pub_sub_ex/share/ament_index
[2.311s] creating /home/anaskh007/Anasros2_ws/install/pub_sub_ex/share/ament_index/resource_index
[2.311s] creating /home/anaskh007/Anasros2_ws/install/pub_sub_ex/share/ament_index/resource_index/packages
[2.311s] symbolically linking /home/anaskh007/Anasros2_ws/build/pub_sub_ex/resource/pub_sub_ex -> /home/anaskh007/Anasros2_ws/install/pub_sub_ex/share/ament_index/resource_index/packages
[2.311s] symbolically linking /home/anaskh007/Anasros2_ws/build/pub_sub_ex/package.xml -> /home/anaskh007/Anasros2_ws/install/pub_sub_ex/share/pub_sub_ex
[2.311s] creating /home/anaskh007/Anasros2_ws/install/pub_sub_ex/share/pub_sub_ex/launch
[2.311s] symbolically linking /home/anaskh007/Anasros2_ws/build/pub_sub_ex/launch/pub_sub.launch.py -> /home/anaskh007/Anasros2_ws/install/pub_sub_ex/share/pub_sub_ex/launch
[2.352s] Invoked command in '/home/anaskh007/Anasros2_ws/build/pub_sub_ex' returned '0': PYTHONPATH=/home/anaskh007/Anasros2_ws/build/pub_sub_ex/prefix_override:/usr/lib/python3/dist-packages/colcon_core/task/python/colcon_distutils_commands:/home/anaskh007/Anasros2_ws/install/pub_sub_ex/lib/python3.10/site-packages:${PYTHONPATH} /usr/bin/python3 -W ignore:setup.py install is deprecated -W ignore:easy_install command is deprecated setup.py develop --editable --build-directory /home/anaskh007/Anasros2_ws/build/pub_sub_ex/build --no-deps symlink_data
