[0.033s] Invoking command in '/home/anaskh007/Anasros2_ws/build/turtlebot3_description': CMAKE_PREFIX_PATH=${CMAKE_PREFIX_PATH}:/home/anaskh007/Anasros2_ws/install/turtlebot3_teleop:/home/anaskh007/Anasros2_ws/install/turtlebot3_example:/home/anaskh007/Anasros2_ws/install/dual_robot_nav:/home/anaskh007/Anasros2_ws/install/pub_sub_ex:/home/anaskh007/Anasros2_ws/install/mission_planner:/opt/ros/humble /usr/bin/cmake --build /home/anaskh007/Anasros2_ws/build/turtlebot3_description -- -j16 -l16
[0.723s] Invoked command in '/home/anaskh007/Anasros2_ws/build/turtlebot3_description' returned '0': CMAKE_PREFIX_PATH=${CMAKE_PREFIX_PATH}:/home/anaskh007/Anasros2_ws/install/turtlebot3_teleop:/home/anaskh007/Anasros2_ws/install/turtlebot3_example:/home/anaskh007/Anasros2_ws/install/dual_robot_nav:/home/anaskh007/Anasros2_ws/install/pub_sub_ex:/home/anaskh007/Anasros2_ws/install/mission_planner:/opt/ros/humble /usr/bin/cmake --build /home/anaskh007/Anasros2_ws/build/turtlebot3_description -- -j16 -l16
[0.724s] Invoking command in '/home/anaskh007/Anasros2_ws/build/turtlebot3_description': CMAKE_PREFIX_PATH=${CMAKE_PREFIX_PATH}:/home/anaskh007/Anasros2_ws/install/turtlebot3_teleop:/home/anaskh007/Anasros2_ws/install/turtlebot3_example:/home/anaskh007/Anasros2_ws/install/dual_robot_nav:/home/anaskh007/Anasros2_ws/install/pub_sub_ex:/home/anaskh007/Anasros2_ws/install/mission_planner:/opt/ros/humble /usr/bin/cmake --install /home/anaskh007/Anasros2_ws/build/turtlebot3_description
[0.747s] -- Install configuration: ""
[0.747s] -- Execute custom install script
[0.747s] -- Up-to-date symlink: /home/anaskh007/Anasros2_ws/install/turtlebot3_description/share/turtlebot3_description/meshes/bases/burger_base.stl
[0.747s] -- Up-to-date symlink: /home/anaskh007/Anasros2_ws/install/turtlebot3_description/share/turtlebot3_description/meshes/bases/waffle_base.stl
[0.747s] -- Up-to-date symlink: /home/anaskh007/Anasros2_ws/install/turtlebot3_description/share/turtlebot3_description/meshes/bases/waffle_pi_base.stl
[0.747s] -- Up-to-date symlink: /home/anaskh007/Anasros2_ws/install/turtlebot3_description/share/turtlebot3_description/meshes/sensors/astra.dae
[0.747s] -- Up-to-date symlink: /home/anaskh007/Anasros2_ws/install/turtlebot3_description/share/turtlebot3_description/meshes/sensors/astra.jpg
[0.747s] -- Up-to-date symlink: /home/anaskh007/Anasros2_ws/install/turtlebot3_description/share/turtlebot3_description/meshes/sensors/lds.stl
[0.747s] -- Up-to-date symlink: /home/anaskh007/Anasros2_ws/install/turtlebot3_description/share/turtlebot3_description/meshes/sensors/r200.dae
[0.747s] -- Up-to-date symlink: /home/anaskh007/Anasros2_ws/install/turtlebot3_description/share/turtlebot3_description/meshes/sensors/r200.jpg
[0.747s] -- Up-to-date symlink: /home/anaskh007/Anasros2_ws/install/turtlebot3_description/share/turtlebot3_description/meshes/wheels/left_tire.stl
[0.747s] -- Up-to-date symlink: /home/anaskh007/Anasros2_ws/install/turtlebot3_description/share/turtlebot3_description/meshes/wheels/right_tire.stl
[0.747s] -- Up-to-date symlink: /home/anaskh007/Anasros2_ws/install/turtlebot3_description/share/turtlebot3_description/rviz/model.rviz
[0.748s] -- Up-to-date symlink: /home/anaskh007/Anasros2_ws/install/turtlebot3_description/share/turtlebot3_description/urdf/common_properties.urdf
[0.748s] -- Up-to-date symlink: /home/anaskh007/Anasros2_ws/install/turtlebot3_description/share/turtlebot3_description/urdf/turtlebot3_burger.urdf
[0.748s] -- Up-to-date symlink: /home/anaskh007/Anasros2_ws/install/turtlebot3_description/share/turtlebot3_description/urdf/turtlebot3_waffle.urdf
[0.748s] -- Up-to-date symlink: /home/anaskh007/Anasros2_ws/install/turtlebot3_description/share/turtlebot3_description/urdf/turtlebot3_waffle_pi.urdf
[0.748s] -- Up-to-date symlink: /home/anaskh007/Anasros2_ws/install/turtlebot3_description/share/ament_index/resource_index/package_run_dependencies/turtlebot3_description
[0.748s] -- Up-to-date symlink: /home/anaskh007/Anasros2_ws/install/turtlebot3_description/share/ament_index/resource_index/parent_prefix_path/turtlebot3_description
[0.748s] -- Up-to-date symlink: /home/anaskh007/Anasros2_ws/install/turtlebot3_description/share/turtlebot3_description/environment/ament_prefix_path.sh
[0.748s] -- Up-to-date symlink: /home/anaskh007/Anasros2_ws/install/turtlebot3_description/share/turtlebot3_description/environment/ament_prefix_path.dsv
[0.748s] -- Up-to-date symlink: /home/anaskh007/Anasros2_ws/install/turtlebot3_description/share/turtlebot3_description/environment/path.sh
[0.748s] -- Up-to-date symlink: /home/anaskh007/Anasros2_ws/install/turtlebot3_description/share/turtlebot3_description/environment/path.dsv
[0.748s] -- Up-to-date symlink: /home/anaskh007/Anasros2_ws/install/turtlebot3_description/share/turtlebot3_description/local_setup.bash
[0.748s] -- Up-to-date symlink: /home/anaskh007/Anasros2_ws/install/turtlebot3_description/share/turtlebot3_description/local_setup.sh
[0.748s] -- Up-to-date symlink: /home/anaskh007/Anasros2_ws/install/turtlebot3_description/share/turtlebot3_description/local_setup.zsh
[0.748s] -- Up-to-date symlink: /home/anaskh007/Anasros2_ws/install/turtlebot3_description/share/turtlebot3_description/local_setup.dsv
[0.748s] -- Symlinking: /home/anaskh007/Anasros2_ws/install/turtlebot3_description/share/turtlebot3_description/package.dsv
[0.763s] -- Up-to-date symlink: /home/anaskh007/Anasros2_ws/install/turtlebot3_description/share/ament_index/resource_index/packages/turtlebot3_description
[0.763s] -- Up-to-date symlink: /home/anaskh007/Anasros2_ws/install/turtlebot3_description/share/turtlebot3_description/cmake/turtlebot3_descriptionConfig.cmake
[0.763s] -- Up-to-date symlink: /home/anaskh007/Anasros2_ws/install/turtlebot3_description/share/turtlebot3_description/cmake/turtlebot3_descriptionConfig-version.cmake
[0.763s] -- Up-to-date symlink: /home/anaskh007/Anasros2_ws/install/turtlebot3_description/share/turtlebot3_description/package.xml
[0.828s] Invoked command in '/home/anaskh007/Anasros2_ws/build/turtlebot3_description' returned '0': CMAKE_PREFIX_PATH=${CMAKE_PREFIX_PATH}:/home/anaskh007/Anasros2_ws/install/turtlebot3_teleop:/home/anaskh007/Anasros2_ws/install/turtlebot3_example:/home/anaskh007/Anasros2_ws/install/dual_robot_nav:/home/anaskh007/Anasros2_ws/install/pub_sub_ex:/home/anaskh007/Anasros2_ws/install/mission_planner:/opt/ros/humble /usr/bin/cmake --install /home/anaskh007/Anasros2_ws/build/turtlebot3_description
