[0.025s] Invoking command in '/home/anaskh007/Anasros2_ws/build/turtlebot3_gazebo': CMAKE_PREFIX_PATH=${CMAKE_PREFIX_PATH}:/home/anaskh007/Anasros2_ws/install/turtlebot3_teleop:/home/anaskh007/Anasros2_ws/install/turtlebot3_example:/home/anaskh007/Anasros2_ws/install/dual_robot_nav:/home/anaskh007/Anasros2_ws/install/pub_sub_ex:/home/anaskh007/Anasros2_ws/install/mission_planner:/opt/ros/humble /usr/bin/cmake /home/anaskh007/Anasros2_ws/src/turtlebot3_simulations/turtlebot3_gazebo -DAMENT_CMAKE_SYMLINK_INSTALL=1 -DCMAKE_INSTALL_PREFIX=/home/anaskh007/Anasros2_ws/install/turtlebot3_gazebo
[0.711s] -- The C compiler identification is GNU 11.4.0
[0.711s] -- The CXX compiler identification is GNU 11.4.0
[0.711s] -- Detecting C compiler ABI info
[0.711s] -- Detecting C compiler ABI info - done
[0.711s] -- Check for working C compiler: /usr/bin/cc - skipped
[0.711s] -- Detecting C compile features
[0.711s] -- Detecting C compile features - done
[0.711s] -- Detecting CXX compiler ABI info
[0.711s] -- Detecting CXX compiler ABI info - done
[0.711s] -- Check for working CXX compiler: /usr/bin/c++ - skipped
[0.711s] -- Detecting CXX compile features
[0.711s] -- Detecting CXX compile features - done
[0.711s] -- Found ament_cmake: 1.3.12 (/opt/ros/humble/share/ament_cmake/cmake)
[0.711s] -- Found Python3: /usr/bin/python3 (found version "3.10.12") found components: Interpreter 
[0.712s] -- Override CMake install command with custom implementation using symlinks instead of copying resources
[0.712s] -- Found PkgConfig: /usr/bin/pkg-config (found version "0.29.2") 
[0.712s] -- Checking for module 'bullet>=2.82'
[0.712s] --   Found bullet, version 3.05
[0.712s] -- Found fcl: /usr/include (found suitable version "0.7.0", minimum required is "0.5.0") 
[0.712s] -- Found assimp: /usr/include (found version "5.2.0") 
[0.712s] -- Found DART: /usr/include (Required is at least version "6.6") found components: dart 
[0.712s] [33mCMake Warning (dev) at /usr/share/cmake-3.22/Modules/FindPackageHandleStandardArgs.cmake:438 (message):
[0.712s]   The package name passed to `find_package_handle_standard_args` (PkgConfig)
[0.712s]   does not match the name of the calling package (gazebo).  This can lead to
[0.712s]   problems in calling code that expects `find_package` result variables
[0.712s]   (e.g., `_FOUND`) to follow a certain pattern.
[0.712s] Call Stack (most recent call first):
[0.712s]   /usr/share/cmake-3.22/Modules/FindPkgConfig.cmake:99 (find_package_handle_standard_args)
[0.712s]   /usr/lib/x86_64-linux-gnu/cmake/gazebo/gazebo-config.cmake:72 (include)
[0.713s]   CMakeLists.txt:23 (find_package)
[0.713s] This warning is for project developers.  Use -Wno-dev to suppress it.
[0.713s] [0m
[0.870s] -- Found Boost: /usr/lib/x86_64-linux-gnu/cmake/Boost-1.74.0/BoostConfig.cmake (found suitable version "1.74.0", minimum required is "1.40.0") found components: thread system filesystem program_options regex iostreams date_time 
[0.884s] -- Found Protobuf: /usr/lib/x86_64-linux-gnu/libprotobuf.so (found version "3.12.4") 
[0.887s] -- Looking for ignition-math6 -- found version 6.15.1
[0.892s] -- Searching for dependencies of ignition-math6
[0.893s] -- Looking for OGRE...
[0.893s] -- OGRE_PREFIX_WATCH changed.
[0.899s] -- Checking for module 'OGRE'
[0.909s] --   Found OGRE, version 1.9.0
[0.938s] -- Found Ogre Ghadamon (1.9.0)
[0.970s] -- Found OGRE: optimized;/usr/lib/x86_64-linux-gnu/libOgreMain.so;debug;/usr/lib/x86_64-linux-gnu/libOgreMain.so
[0.972s] -- Looking for OGRE_Paging...
[0.987s] -- Found OGRE_Paging: optimized;/usr/lib/x86_64-linux-gnu/libOgrePaging.so;debug;/usr/lib/x86_64-linux-gnu/libOgrePaging.so
[0.987s] -- Looking for OGRE_Terrain...
[0.994s] -- Found OGRE_Terrain: optimized;/usr/lib/x86_64-linux-gnu/libOgreTerrain.so;debug;/usr/lib/x86_64-linux-gnu/libOgreTerrain.so
[0.995s] -- Looking for OGRE_Property...
[1.008s] -- Found OGRE_Property: optimized;/usr/lib/x86_64-linux-gnu/libOgreProperty.so;debug;/usr/lib/x86_64-linux-gnu/libOgreProperty.so
[1.008s] -- Looking for OGRE_RTShaderSystem...
[1.020s] -- Found OGRE_RTShaderSystem: optimized;/usr/lib/x86_64-linux-gnu/libOgreRTShaderSystem.so;debug;/usr/lib/x86_64-linux-gnu/libOgreRTShaderSystem.so
[1.020s] -- Looking for OGRE_Volume...
[1.032s] -- Found OGRE_Volume: optimized;/usr/lib/x86_64-linux-gnu/libOgreVolume.so;debug;/usr/lib/x86_64-linux-gnu/libOgreVolume.so
[1.032s] -- Looking for OGRE_Overlay...
[1.044s] -- Found OGRE_Overlay: optimized;/usr/lib/x86_64-linux-gnu/libOgreOverlay.so;debug;/usr/lib/x86_64-linux-gnu/libOgreOverlay.so
[1.286s] -- Looking for ignition-math6 -- found version 6.15.1
[1.290s] -- Looking for ignition-transport8 -- found version 8.2.1
[1.290s] -- Searching for dependencies of ignition-transport8
[1.323s] -- Found Protobuf: /usr/lib/x86_64-linux-gnu/libprotobuf.so (found suitable version "3.12.4", minimum required is "3") 
[1.334s] -- Config-file not installed for ZeroMQ -- checking for pkg-config
[1.341s] -- Checking for module 'libzmq >= 4'
[1.362s] --   Found libzmq , version 4.3.4
[1.411s] -- Found ZeroMQ: TRUE (Required is at least version "4") 
[1.419s] -- Checking for module 'uuid'
[1.438s] --   Found uuid, version 2.37.2
[1.482s] -- Found UUID: TRUE  
[1.484s] -- Looking for ignition-msgs5 -- found version 5.8.1
[1.484s] -- Searching for dependencies of ignition-msgs5
[1.501s] -- Looking for ignition-math6 -- found version 6.15.1
[1.507s] -- Checking for module 'tinyxml2'
[1.521s] --   Found tinyxml2, version 9.0.0
[1.554s] -- Looking for ignition-msgs5 -- found version 5.8.1
[1.555s] -- Looking for ignition-common3 -- found version 3.14.0
[1.555s] -- Searching for dependencies of ignition-common3
[1.556s] -- Looking for dlfcn.h - found
[1.557s] -- Looking for libdl - found
[1.557s] -- Found DL: TRUE  
[1.566s] -- Found tinyobjloader: /usr/lib/x86_64-linux-gnu/cmake/tinyobjloader/tinyobjloader-config.cmake (found version "2.0.0") 
[1.566s] -- Searching for <ignition-common3> component [graphics]
[1.568s] -- Looking for ignition-common3-graphics -- found version 3.14.0
[1.568s] -- Searching for dependencies of ignition-common3-graphics
[1.568s] -- Looking for ignition-math6 -- found version 6.15.1
[1.571s] -- Looking for ignition-fuel_tools4 -- found version 4.4.0
[1.571s] -- Searching for dependencies of ignition-fuel_tools4
[1.638s] -- Found CURL: /usr/lib/x86_64-linux-gnu/libcurl.so (found version "7.81.0")  
[1.646s] -- Checking for module 'jsoncpp'
[1.663s] --   Found jsoncpp, version 1.9.5
[1.692s] -- Found JSONCPP: TRUE  
[1.696s] -- Checking for module 'libzip'
[1.709s] --   Found libzip, version 1.7.3
[1.744s] -- Found ZIP: TRUE  
[1.744s] -- Looking for ignition-common3 -- found version 3.14.0
[1.745s] -- Looking for ignition-math6 -- found version 6.15.1
[1.745s] -- Looking for ignition-msgs5 -- found version 5.8.1
[1.750s] -- Found gazebo_ros_pkgs: 3.9.0 (/opt/ros/humble/share/gazebo_ros_pkgs/cmake)
[1.752s] -- Found geometry_msgs: 4.9.0 (/opt/ros/humble/share/geometry_msgs/cmake)
[1.785s] -- Found rosidl_generator_c: 3.1.7 (/opt/ros/humble/share/rosidl_generator_c/cmake)
[1.793s] -- Found rosidl_adapter: 3.1.7 (/opt/ros/humble/share/rosidl_adapter/cmake)
[1.808s] -- Found rosidl_generator_cpp: 3.1.7 (/opt/ros/humble/share/rosidl_generator_cpp/cmake)
[1.828s] -- Using all available rosidl_typesupport_c: rosidl_typesupport_fastrtps_c;rosidl_typesupport_introspection_c
[1.856s] -- Using all available rosidl_typesupport_cpp: rosidl_typesupport_fastrtps_cpp;rosidl_typesupport_introspection_cpp
[1.919s] -- Found nav_msgs: 4.9.0 (/opt/ros/humble/share/nav_msgs/cmake)
[1.946s] -- Found rclcpp: 16.0.16 (/opt/ros/humble/share/rclcpp/cmake)
[2.006s] -- Found rmw_implementation_cmake: 6.1.2 (/opt/ros/humble/share/rmw_implementation_cmake/cmake)
[2.014s] -- Found rmw_cyclonedds_cpp: 1.3.4 (/opt/ros/humble/share/rmw_cyclonedds_cpp/cmake)
[2.049s] -- Using RMW implementation 'rmw_cyclonedds_cpp' as default
[2.064s] -- Found Threads: TRUE  
[2.120s] -- Found sensor_msgs: 4.9.0 (/opt/ros/humble/share/sensor_msgs/cmake)
[2.152s] -- Found tf2: 0.25.17 (/opt/ros/humble/share/tf2/cmake)
[2.276s] -- Configuring done
[2.338s] -- Generating done
[2.350s] -- Build files have been written to: /home/anaskh007/Anasros2_ws/build/turtlebot3_gazebo
[2.378s] Invoked command in '/home/anaskh007/Anasros2_ws/build/turtlebot3_gazebo' returned '0': CMAKE_PREFIX_PATH=${CMAKE_PREFIX_PATH}:/home/anaskh007/Anasros2_ws/install/turtlebot3_teleop:/home/anaskh007/Anasros2_ws/install/turtlebot3_example:/home/anaskh007/Anasros2_ws/install/dual_robot_nav:/home/anaskh007/Anasros2_ws/install/pub_sub_ex:/home/anaskh007/Anasros2_ws/install/mission_planner:/opt/ros/humble /usr/bin/cmake /home/anaskh007/Anasros2_ws/src/turtlebot3_simulations/turtlebot3_gazebo -DAMENT_CMAKE_SYMLINK_INSTALL=1 -DCMAKE_INSTALL_PREFIX=/home/anaskh007/Anasros2_ws/install/turtlebot3_gazebo
[2.380s] Invoking command in '/home/anaskh007/Anasros2_ws/build/turtlebot3_gazebo': CMAKE_PREFIX_PATH=${CMAKE_PREFIX_PATH}:/home/anaskh007/Anasros2_ws/install/turtlebot3_teleop:/home/anaskh007/Anasros2_ws/install/turtlebot3_example:/home/anaskh007/Anasros2_ws/install/dual_robot_nav:/home/anaskh007/Anasros2_ws/install/pub_sub_ex:/home/anaskh007/Anasros2_ws/install/mission_planner:/opt/ros/humble /usr/bin/cmake --build /home/anaskh007/Anasros2_ws/build/turtlebot3_gazebo -- -j16 -l16
[2.468s] [  8%] [32mBuilding CXX object CMakeFiles/traffic_light_plugin.dir/src/traffic_light_plugin.cpp.o[0m
[2.468s] [ 16%] [32mBuilding CXX object CMakeFiles/obstacle1.dir/src/obstacle1.cpp.o[0m
[2.470s] [ 25%] [32mBuilding CXX object CMakeFiles/obstacle2.dir/src/obstacle2.cpp.o[0m
[2.472s] [ 33%] [32mBuilding CXX object CMakeFiles/obstacles.dir/src/obstacles.cpp.o[0m
[2.475s] [ 41%] [32mBuilding CXX object CMakeFiles/turtlebot3_drive.dir/src/turtlebot3_drive.cpp.o[0m
[2.496s] [ 50%] [32mBuilding CXX object CMakeFiles/traffic_bar_plugin.dir/src/traffic_bar_plugin.cpp.o[0m
[18.276s] [ 58%] [32m[1mLinking CXX shared library libobstacle2.so[0m
[18.798s] [ 58%] Built target obstacle2
[19.126s] [ 66%] [32m[1mLinking CXX executable turtlebot3_drive[0m
[19.676s] [ 75%] [32m[1mLinking CXX shared library libobstacles.so[0m
[20.141s] [ 75%] Built target obstacles
[20.221s] [ 75%] Built target turtlebot3_drive
[20.665s] [ 83%] [32m[1mLinking CXX shared library libtraffic_bar_plugin.so[0m
[21.031s] [ 83%] Built target traffic_bar_plugin
[22.471s] [ 91%] [32m[1mLinking CXX shared library libobstacle1.so[0m
[22.669s] [ 91%] Built target obstacle1
[22.895s] [100%] [32m[1mLinking CXX shared library libtraffic_light_plugin.so[0m
[23.122s] [100%] Built target traffic_light_plugin
[23.133s] Invoked command in '/home/anaskh007/Anasros2_ws/build/turtlebot3_gazebo' returned '0': CMAKE_PREFIX_PATH=${CMAKE_PREFIX_PATH}:/home/anaskh007/Anasros2_ws/install/turtlebot3_teleop:/home/anaskh007/Anasros2_ws/install/turtlebot3_example:/home/anaskh007/Anasros2_ws/install/dual_robot_nav:/home/anaskh007/Anasros2_ws/install/pub_sub_ex:/home/anaskh007/Anasros2_ws/install/mission_planner:/opt/ros/humble /usr/bin/cmake --build /home/anaskh007/Anasros2_ws/build/turtlebot3_gazebo -- -j16 -l16
[23.134s] Invoking command in '/home/anaskh007/Anasros2_ws/build/turtlebot3_gazebo': CMAKE_PREFIX_PATH=${CMAKE_PREFIX_PATH}:/home/anaskh007/Anasros2_ws/install/turtlebot3_teleop:/home/anaskh007/Anasros2_ws/install/turtlebot3_example:/home/anaskh007/Anasros2_ws/install/dual_robot_nav:/home/anaskh007/Anasros2_ws/install/pub_sub_ex:/home/anaskh007/Anasros2_ws/install/mission_planner:/opt/ros/humble /usr/bin/cmake --install /home/anaskh007/Anasros2_ws/build/turtlebot3_gazebo
[23.142s] -- Install configuration: ""
[23.143s] -- Execute custom install script
[23.143s] -- Symlinking: /home/anaskh007/Anasros2_ws/install/turtlebot3_gazebo/lib/turtlebot3_gazebo/turtlebot3_drive
[23.150s] -- Symlinking: /home/anaskh007/Anasros2_ws/install/turtlebot3_gazebo/share/turtlebot3_gazebo//launch/empty_world.launch.py
[23.159s] -- Symlinking: /home/anaskh007/Anasros2_ws/install/turtlebot3_gazebo/share/turtlebot3_gazebo//launch/multi_robot.launch.py
[23.165s] -- Symlinking: /home/anaskh007/Anasros2_ws/install/turtlebot3_gazebo/share/turtlebot3_gazebo//launch/multi_spawn_turtlebot3.launch.py
[23.174s] -- Symlinking: /home/anaskh007/Anasros2_ws/install/turtlebot3_gazebo/share/turtlebot3_gazebo//launch/robot_state_publisher.launch.py
[23.181s] -- Symlinking: /home/anaskh007/Anasros2_ws/install/turtlebot3_gazebo/share/turtlebot3_gazebo//launch/spawn_turtlebot3.launch.py
[23.189s] -- Symlinking: /home/anaskh007/Anasros2_ws/install/turtlebot3_gazebo/share/turtlebot3_gazebo//launch/turtlebot3_autorace_2020.launch.py
[23.196s] -- Symlinking: /home/anaskh007/Anasros2_ws/install/turtlebot3_gazebo/share/turtlebot3_gazebo//launch/turtlebot3_dqn_stage1.launch.py
[23.205s] -- Symlinking: /home/anaskh007/Anasros2_ws/install/turtlebot3_gazebo/share/turtlebot3_gazebo//launch/turtlebot3_dqn_stage2.launch.py
[23.214s] -- Symlinking: /home/anaskh007/Anasros2_ws/install/turtlebot3_gazebo/share/turtlebot3_gazebo//launch/turtlebot3_dqn_stage3.launch.py
[23.223s] -- Symlinking: /home/anaskh007/Anasros2_ws/install/turtlebot3_gazebo/share/turtlebot3_gazebo//launch/turtlebot3_dqn_stage4.launch.py
[23.233s] -- Symlinking: /home/anaskh007/Anasros2_ws/install/turtlebot3_gazebo/share/turtlebot3_gazebo//launch/turtlebot3_house.launch.py
[23.242s] -- Symlinking: /home/anaskh007/Anasros2_ws/install/turtlebot3_gazebo/share/turtlebot3_gazebo//launch/turtlebot3_world.launch.py
[23.253s] -- Symlinking: /home/anaskh007/Anasros2_ws/install/turtlebot3_gazebo/share/turtlebot3_gazebo//models/turtlebot3_autorace_2020/checker/materials/checker.png
[23.261s] -- Symlinking: /home/anaskh007/Anasros2_ws/install/turtlebot3_gazebo/share/turtlebot3_gazebo//models/turtlebot3_autorace_2020/checker/materials/scripts/checker.material
[23.271s] -- Symlinking: /home/anaskh007/Anasros2_ws/install/turtlebot3_gazebo/share/turtlebot3_gazebo//models/turtlebot3_autorace_2020/checker/materials/textures/checker.png
[23.279s] -- Symlinking: /home/anaskh007/Anasros2_ws/install/turtlebot3_gazebo/share/turtlebot3_gazebo//models/turtlebot3_autorace_2020/checker/model.config
[23.288s] -- Symlinking: /home/anaskh007/Anasros2_ws/install/turtlebot3_gazebo/share/turtlebot3_gazebo//models/turtlebot3_autorace_2020/checker/model.sdf
[23.296s] -- Symlinking: /home/anaskh007/Anasros2_ws/install/turtlebot3_gazebo/share/turtlebot3_gazebo//models/turtlebot3_autorace_2020/course/materials/scripts/course.material
[23.305s] -- Symlinking: /home/anaskh007/Anasros2_ws/install/turtlebot3_gazebo/share/turtlebot3_gazebo//models/turtlebot3_autorace_2020/course/materials/textures/course.png
[23.312s] -- Symlinking: /home/anaskh007/Anasros2_ws/install/turtlebot3_gazebo/share/turtlebot3_gazebo//models/turtlebot3_autorace_2020/course/model.config
[23.321s] -- Symlinking: /home/anaskh007/Anasros2_ws/install/turtlebot3_gazebo/share/turtlebot3_gazebo//models/turtlebot3_autorace_2020/course/model.sdf
[23.329s] -- Symlinking: /home/anaskh007/Anasros2_ws/install/turtlebot3_gazebo/share/turtlebot3_gazebo//models/turtlebot3_autorace_2020/traffic_bar/materials/scripts/traffic_bar.material
[23.337s] -- Symlinking: /home/anaskh007/Anasros2_ws/install/turtlebot3_gazebo/share/turtlebot3_gazebo//models/turtlebot3_autorace_2020/traffic_bar/materials/textures/traffic_bar.png
[23.345s] -- Symlinking: /home/anaskh007/Anasros2_ws/install/turtlebot3_gazebo/share/turtlebot3_gazebo//models/turtlebot3_autorace_2020/traffic_bar/model.config
[23.353s] -- Symlinking: /home/anaskh007/Anasros2_ws/install/turtlebot3_gazebo/share/turtlebot3_gazebo//models/turtlebot3_autorace_2020/traffic_bar/model.sdf
[23.361s] -- Symlinking: /home/anaskh007/Anasros2_ws/install/turtlebot3_gazebo/share/turtlebot3_gazebo//models/turtlebot3_autorace_2020/traffic_construction/materials/scripts/traffic_construction.material
[23.370s] -- Symlinking: /home/anaskh007/Anasros2_ws/install/turtlebot3_gazebo/share/turtlebot3_gazebo//models/turtlebot3_autorace_2020/traffic_construction/materials/textures/traffic_construction.png
[23.378s] -- Symlinking: /home/anaskh007/Anasros2_ws/install/turtlebot3_gazebo/share/turtlebot3_gazebo//models/turtlebot3_autorace_2020/traffic_construction/model.config
[23.387s] -- Symlinking: /home/anaskh007/Anasros2_ws/install/turtlebot3_gazebo/share/turtlebot3_gazebo//models/turtlebot3_autorace_2020/traffic_construction/model.sdf
[23.394s] -- Symlinking: /home/anaskh007/Anasros2_ws/install/turtlebot3_gazebo/share/turtlebot3_gazebo//models/turtlebot3_autorace_2020/traffic_intersection/materials/scripts/traffic_intersection.material
[23.403s] -- Symlinking: /home/anaskh007/Anasros2_ws/install/turtlebot3_gazebo/share/turtlebot3_gazebo//models/turtlebot3_autorace_2020/traffic_intersection/materials/textures/traffic_intersection.png
[23.410s] -- Symlinking: /home/anaskh007/Anasros2_ws/install/turtlebot3_gazebo/share/turtlebot3_gazebo//models/turtlebot3_autorace_2020/traffic_intersection/model.config
[23.420s] -- Symlinking: /home/anaskh007/Anasros2_ws/install/turtlebot3_gazebo/share/turtlebot3_gazebo//models/turtlebot3_autorace_2020/traffic_intersection/model.sdf
[23.429s] -- Symlinking: /home/anaskh007/Anasros2_ws/install/turtlebot3_gazebo/share/turtlebot3_gazebo//models/turtlebot3_autorace_2020/traffic_left/materials/scripts/traffic_is_left.material
[23.438s] -- Symlinking: /home/anaskh007/Anasros2_ws/install/turtlebot3_gazebo/share/turtlebot3_gazebo//models/turtlebot3_autorace_2020/traffic_left/materials/textures/traffic_left.png
[23.447s] -- Symlinking: /home/anaskh007/Anasros2_ws/install/turtlebot3_gazebo/share/turtlebot3_gazebo//models/turtlebot3_autorace_2020/traffic_left/model.config
[23.455s] -- Symlinking: /home/anaskh007/Anasros2_ws/install/turtlebot3_gazebo/share/turtlebot3_gazebo//models/turtlebot3_autorace_2020/traffic_left/model.sdf
[23.463s] -- Symlinking: /home/anaskh007/Anasros2_ws/install/turtlebot3_gazebo/share/turtlebot3_gazebo//models/turtlebot3_autorace_2020/traffic_light/materials/scripts/traffic_light.material
[23.473s] -- Symlinking: /home/anaskh007/Anasros2_ws/install/turtlebot3_gazebo/share/turtlebot3_gazebo//models/turtlebot3_autorace_2020/traffic_light/materials/textures/traffic_light.png
[23.481s] -- Symlinking: /home/anaskh007/Anasros2_ws/install/turtlebot3_gazebo/share/turtlebot3_gazebo//models/turtlebot3_autorace_2020/traffic_light/materials/textures/traffic_light_green.png
[23.489s] -- Symlinking: /home/anaskh007/Anasros2_ws/install/turtlebot3_gazebo/share/turtlebot3_gazebo//models/turtlebot3_autorace_2020/traffic_light/materials/textures/traffic_light_red.png
[23.498s] -- Symlinking: /home/anaskh007/Anasros2_ws/install/turtlebot3_gazebo/share/turtlebot3_gazebo//models/turtlebot3_autorace_2020/traffic_light/materials/textures/traffic_light_yellow.png
[23.506s] -- Symlinking: /home/anaskh007/Anasros2_ws/install/turtlebot3_gazebo/share/turtlebot3_gazebo//models/turtlebot3_autorace_2020/traffic_light/model.config
[23.515s] -- Symlinking: /home/anaskh007/Anasros2_ws/install/turtlebot3_gazebo/share/turtlebot3_gazebo//models/turtlebot3_autorace_2020/traffic_light/model.sdf
[23.522s] -- Symlinking: /home/anaskh007/Anasros2_ws/install/turtlebot3_gazebo/share/turtlebot3_gazebo//models/turtlebot3_autorace_2020/traffic_noentry/materials/scripts/traffic_noentry.material
[23.531s] -- Symlinking: /home/anaskh007/Anasros2_ws/install/turtlebot3_gazebo/share/turtlebot3_gazebo//models/turtlebot3_autorace_2020/traffic_noentry/materials/textures/traffic_noentry.png
[23.538s] -- Symlinking: /home/anaskh007/Anasros2_ws/install/turtlebot3_gazebo/share/turtlebot3_gazebo//models/turtlebot3_autorace_2020/traffic_noentry/model.config
[23.547s] -- Symlinking: /home/anaskh007/Anasros2_ws/install/turtlebot3_gazebo/share/turtlebot3_gazebo//models/turtlebot3_autorace_2020/traffic_noentry/model.sdf
[23.554s] -- Symlinking: /home/anaskh007/Anasros2_ws/install/turtlebot3_gazebo/share/turtlebot3_gazebo//models/turtlebot3_autorace_2020/traffic_parking/materials/scripts/traffic_parking.material
[23.563s] -- Symlinking: /home/anaskh007/Anasros2_ws/install/turtlebot3_gazebo/share/turtlebot3_gazebo//models/turtlebot3_autorace_2020/traffic_parking/materials/textures/traffic_parking.png
[23.572s] -- Symlinking: /home/anaskh007/Anasros2_ws/install/turtlebot3_gazebo/share/turtlebot3_gazebo//models/turtlebot3_autorace_2020/traffic_parking/model.config
[23.580s] -- Symlinking: /home/anaskh007/Anasros2_ws/install/turtlebot3_gazebo/share/turtlebot3_gazebo//models/turtlebot3_autorace_2020/traffic_parking/model.sdf
[23.589s] -- Symlinking: /home/anaskh007/Anasros2_ws/install/turtlebot3_gazebo/share/turtlebot3_gazebo//models/turtlebot3_autorace_2020/traffic_pl_left/materials/scripts/traffic_pl_left.material
[23.598s] -- Symlinking: /home/anaskh007/Anasros2_ws/install/turtlebot3_gazebo/share/turtlebot3_gazebo//models/turtlebot3_autorace_2020/traffic_pl_left/materials/textures/traffic_pl_left.png
[23.607s] -- Symlinking: /home/anaskh007/Anasros2_ws/install/turtlebot3_gazebo/share/turtlebot3_gazebo//models/turtlebot3_autorace_2020/traffic_pl_left/model.config
[23.616s] -- Symlinking: /home/anaskh007/Anasros2_ws/install/turtlebot3_gazebo/share/turtlebot3_gazebo//models/turtlebot3_autorace_2020/traffic_pl_left/model.sdf
[23.625s] -- Symlinking: /home/anaskh007/Anasros2_ws/install/turtlebot3_gazebo/share/turtlebot3_gazebo//models/turtlebot3_autorace_2020/traffic_right/materials/scripts/traffic_right.material
[23.633s] -- Symlinking: /home/anaskh007/Anasros2_ws/install/turtlebot3_gazebo/share/turtlebot3_gazebo//models/turtlebot3_autorace_2020/traffic_right/materials/textures/traffic_right.png
[23.642s] -- Symlinking: /home/anaskh007/Anasros2_ws/install/turtlebot3_gazebo/share/turtlebot3_gazebo//models/turtlebot3_autorace_2020/traffic_right/model.config
[23.650s] -- Symlinking: /home/anaskh007/Anasros2_ws/install/turtlebot3_gazebo/share/turtlebot3_gazebo//models/turtlebot3_autorace_2020/traffic_right/model.sdf
[23.659s] -- Symlinking: /home/anaskh007/Anasros2_ws/install/turtlebot3_gazebo/share/turtlebot3_gazebo//models/turtlebot3_autorace_2020/traffic_stop/materials/scripts/traffic_stop.material
[23.666s] -- Symlinking: /home/anaskh007/Anasros2_ws/install/turtlebot3_gazebo/share/turtlebot3_gazebo//models/turtlebot3_autorace_2020/traffic_stop/materials/textures/traffic_stop.png
[23.675s] -- Symlinking: /home/anaskh007/Anasros2_ws/install/turtlebot3_gazebo/share/turtlebot3_gazebo//models/turtlebot3_autorace_2020/traffic_stop/model.config
[23.684s] -- Symlinking: /home/anaskh007/Anasros2_ws/install/turtlebot3_gazebo/share/turtlebot3_gazebo//models/turtlebot3_autorace_2020/traffic_stop/model.sdf
[23.693s] -- Symlinking: /home/anaskh007/Anasros2_ws/install/turtlebot3_gazebo/share/turtlebot3_gazebo//models/turtlebot3_autorace_2020/traffic_tunnel/materials/scripts/tunnel.material
[23.701s] -- Symlinking: /home/anaskh007/Anasros2_ws/install/turtlebot3_gazebo/share/turtlebot3_gazebo//models/turtlebot3_autorace_2020/traffic_tunnel/materials/textures/tunnel.png
[23.710s] -- Symlinking: /home/anaskh007/Anasros2_ws/install/turtlebot3_gazebo/share/turtlebot3_gazebo//models/turtlebot3_autorace_2020/traffic_tunnel/model.config
[23.718s] -- Symlinking: /home/anaskh007/Anasros2_ws/install/turtlebot3_gazebo/share/turtlebot3_gazebo//models/turtlebot3_autorace_2020/traffic_tunnel/model.sdf
[23.727s] -- Symlinking: /home/anaskh007/Anasros2_ws/install/turtlebot3_gazebo/share/turtlebot3_gazebo//models/turtlebot3_burger/model-1_4.sdf
[23.734s] -- Symlinking: /home/anaskh007/Anasros2_ws/install/turtlebot3_gazebo/share/turtlebot3_gazebo//models/turtlebot3_burger/model.config
[23.743s] -- Symlinking: /home/anaskh007/Anasros2_ws/install/turtlebot3_gazebo/share/turtlebot3_gazebo//models/turtlebot3_burger/model.sdf
[23.751s] -- Symlinking: /home/anaskh007/Anasros2_ws/install/turtlebot3_gazebo/share/turtlebot3_gazebo//models/turtlebot3_burger_cam/model-1_4.sdf
[23.760s] -- Symlinking: /home/anaskh007/Anasros2_ws/install/turtlebot3_gazebo/share/turtlebot3_gazebo//models/turtlebot3_burger_cam/model.config
[23.767s] -- Symlinking: /home/anaskh007/Anasros2_ws/install/turtlebot3_gazebo/share/turtlebot3_gazebo//models/turtlebot3_burger_cam/model.sdf
[23.777s] -- Symlinking: /home/anaskh007/Anasros2_ws/install/turtlebot3_gazebo/share/turtlebot3_gazebo//models/turtlebot3_common/meshes/bases/burger_base.stl
[23.783s] -- Symlinking: /home/anaskh007/Anasros2_ws/install/turtlebot3_gazebo/share/turtlebot3_gazebo//models/turtlebot3_common/meshes/bases/waffle_base.stl
[23.792s] -- Symlinking: /home/anaskh007/Anasros2_ws/install/turtlebot3_gazebo/share/turtlebot3_gazebo//models/turtlebot3_common/meshes/bases/waffle_pi_base.stl
[23.801s] -- Symlinking: /home/anaskh007/Anasros2_ws/install/turtlebot3_gazebo/share/turtlebot3_gazebo//models/turtlebot3_common/meshes/burger_base.dae
[23.810s] -- Symlinking: /home/anaskh007/Anasros2_ws/install/turtlebot3_gazebo/share/turtlebot3_gazebo//models/turtlebot3_common/meshes/lds.dae
[23.818s] -- Symlinking: /home/anaskh007/Anasros2_ws/install/turtlebot3_gazebo/share/turtlebot3_gazebo//models/turtlebot3_common/meshes/r200.dae
[23.826s] -- Symlinking: /home/anaskh007/Anasros2_ws/install/turtlebot3_gazebo/share/turtlebot3_gazebo//models/turtlebot3_common/meshes/sensors/astra.dae
[23.833s] -- Symlinking: /home/anaskh007/Anasros2_ws/install/turtlebot3_gazebo/share/turtlebot3_gazebo//models/turtlebot3_common/meshes/sensors/astra.jpg
[23.842s] -- Symlinking: /home/anaskh007/Anasros2_ws/install/turtlebot3_gazebo/share/turtlebot3_gazebo//models/turtlebot3_common/meshes/sensors/lds.stl
[23.849s] -- Symlinking: /home/anaskh007/Anasros2_ws/install/turtlebot3_gazebo/share/turtlebot3_gazebo//models/turtlebot3_common/meshes/sensors/r200.dae
[23.858s] -- Symlinking: /home/anaskh007/Anasros2_ws/install/turtlebot3_gazebo/share/turtlebot3_gazebo//models/turtlebot3_common/meshes/sensors/r200.jpg
[23.865s] -- Symlinking: /home/anaskh007/Anasros2_ws/install/turtlebot3_gazebo/share/turtlebot3_gazebo//models/turtlebot3_common/meshes/tire.dae
[23.874s] -- Symlinking: /home/anaskh007/Anasros2_ws/install/turtlebot3_gazebo/share/turtlebot3_gazebo//models/turtlebot3_common/meshes/waffle_base.dae
[23.881s] -- Symlinking: /home/anaskh007/Anasros2_ws/install/turtlebot3_gazebo/share/turtlebot3_gazebo//models/turtlebot3_common/meshes/waffle_pi_base.dae
[23.890s] -- Symlinking: /home/anaskh007/Anasros2_ws/install/turtlebot3_gazebo/share/turtlebot3_gazebo//models/turtlebot3_common/meshes/wheels/left_tire.stl
[23.897s] -- Symlinking: /home/anaskh007/Anasros2_ws/install/turtlebot3_gazebo/share/turtlebot3_gazebo//models/turtlebot3_common/meshes/wheels/right_tire.stl
[23.906s] -- Symlinking: /home/anaskh007/Anasros2_ws/install/turtlebot3_gazebo/share/turtlebot3_gazebo//models/turtlebot3_common/model.config
[23.913s] -- Symlinking: /home/anaskh007/Anasros2_ws/install/turtlebot3_gazebo/share/turtlebot3_gazebo//models/turtlebot3_dqn_world/goal_box/model.config
[23.923s] -- Symlinking: /home/anaskh007/Anasros2_ws/install/turtlebot3_gazebo/share/turtlebot3_gazebo//models/turtlebot3_dqn_world/goal_box/model.sdf
[23.930s] -- Symlinking: /home/anaskh007/Anasros2_ws/install/turtlebot3_gazebo/share/turtlebot3_gazebo//models/turtlebot3_dqn_world/inner_walls/model.config
[23.940s] -- Symlinking: /home/anaskh007/Anasros2_ws/install/turtlebot3_gazebo/share/turtlebot3_gazebo//models/turtlebot3_dqn_world/inner_walls/model.sdf
[23.950s] -- Symlinking: /home/anaskh007/Anasros2_ws/install/turtlebot3_gazebo/share/turtlebot3_gazebo//models/turtlebot3_dqn_world/model.config
[23.958s] -- Symlinking: /home/anaskh007/Anasros2_ws/install/turtlebot3_gazebo/share/turtlebot3_gazebo//models/turtlebot3_dqn_world/model.sdf
[23.968s] -- Symlinking: /home/anaskh007/Anasros2_ws/install/turtlebot3_gazebo/share/turtlebot3_gazebo//models/turtlebot3_dqn_world/obstacle1/model.config
[23.976s] -- Symlinking: /home/anaskh007/Anasros2_ws/install/turtlebot3_gazebo/share/turtlebot3_gazebo//models/turtlebot3_dqn_world/obstacle1/model.sdf
[23.985s] -- Symlinking: /home/anaskh007/Anasros2_ws/install/turtlebot3_gazebo/share/turtlebot3_gazebo//models/turtlebot3_dqn_world/obstacle2/model.config
[23.993s] -- Symlinking: /home/anaskh007/Anasros2_ws/install/turtlebot3_gazebo/share/turtlebot3_gazebo//models/turtlebot3_dqn_world/obstacle2/model.sdf
[24.003s] -- Symlinking: /home/anaskh007/Anasros2_ws/install/turtlebot3_gazebo/share/turtlebot3_gazebo//models/turtlebot3_dqn_world/obstacles/model.config
[24.012s] -- Symlinking: /home/anaskh007/Anasros2_ws/install/turtlebot3_gazebo/share/turtlebot3_gazebo//models/turtlebot3_dqn_world/obstacles/model.sdf
[24.022s] -- Symlinking: /home/anaskh007/Anasros2_ws/install/turtlebot3_gazebo/share/turtlebot3_gazebo//models/turtlebot3_house/model.config
[24.031s] -- Symlinking: /home/anaskh007/Anasros2_ws/install/turtlebot3_gazebo/share/turtlebot3_gazebo//models/turtlebot3_house/model.sdf
[24.040s] -- Symlinking: /home/anaskh007/Anasros2_ws/install/turtlebot3_gazebo/share/turtlebot3_gazebo//models/turtlebot3_waffle/model-1_4.sdf
[24.050s] -- Symlinking: /home/anaskh007/Anasros2_ws/install/turtlebot3_gazebo/share/turtlebot3_gazebo//models/turtlebot3_waffle/model.config
[24.057s] -- Symlinking: /home/anaskh007/Anasros2_ws/install/turtlebot3_gazebo/share/turtlebot3_gazebo//models/turtlebot3_waffle/model.sdf
[24.066s] -- Symlinking: /home/anaskh007/Anasros2_ws/install/turtlebot3_gazebo/share/turtlebot3_gazebo//models/turtlebot3_waffle_pi/model-1_4_.sdf
[24.073s] -- Symlinking: /home/anaskh007/Anasros2_ws/install/turtlebot3_gazebo/share/turtlebot3_gazebo//models/turtlebot3_waffle_pi/model.config
[24.082s] -- Symlinking: /home/anaskh007/Anasros2_ws/install/turtlebot3_gazebo/share/turtlebot3_gazebo//models/turtlebot3_waffle_pi/model.sdf
[24.088s] -- Symlinking: /home/anaskh007/Anasros2_ws/install/turtlebot3_gazebo/share/turtlebot3_gazebo//models/turtlebot3_world/meshes/hexagon.dae
[24.097s] -- Symlinking: /home/anaskh007/Anasros2_ws/install/turtlebot3_gazebo/share/turtlebot3_gazebo//models/turtlebot3_world/meshes/wall.dae
[24.105s] -- Symlinking: /home/anaskh007/Anasros2_ws/install/turtlebot3_gazebo/share/turtlebot3_gazebo//models/turtlebot3_world/model-1_4.sdf
[24.113s] -- Symlinking: /home/anaskh007/Anasros2_ws/install/turtlebot3_gazebo/share/turtlebot3_gazebo//models/turtlebot3_world/model.config
[24.120s] -- Symlinking: /home/anaskh007/Anasros2_ws/install/turtlebot3_gazebo/share/turtlebot3_gazebo//models/turtlebot3_world/model.sdf
[24.129s] -- Symlinking: /home/anaskh007/Anasros2_ws/install/turtlebot3_gazebo/share/turtlebot3_gazebo//rviz/tb3_gazebo.rviz
[24.137s] -- Symlinking: /home/anaskh007/Anasros2_ws/install/turtlebot3_gazebo/share/turtlebot3_gazebo//urdf/common_properties.urdf
[24.146s] -- Symlinking: /home/anaskh007/Anasros2_ws/install/turtlebot3_gazebo/share/turtlebot3_gazebo//urdf/turtlebot3_burger.urdf
[24.153s] -- Symlinking: /home/anaskh007/Anasros2_ws/install/turtlebot3_gazebo/share/turtlebot3_gazebo//urdf/turtlebot3_burger_cam.urdf
[24.161s] -- Symlinking: /home/anaskh007/Anasros2_ws/install/turtlebot3_gazebo/share/turtlebot3_gazebo//urdf/turtlebot3_waffle.urdf
[24.168s] -- Symlinking: /home/anaskh007/Anasros2_ws/install/turtlebot3_gazebo/share/turtlebot3_gazebo//urdf/turtlebot3_waffle_pi.urdf
[24.178s] -- Symlinking: /home/anaskh007/Anasros2_ws/install/turtlebot3_gazebo/share/turtlebot3_gazebo//worlds/empty_world.world
[24.188s] -- Symlinking: /home/anaskh007/Anasros2_ws/install/turtlebot3_gazebo/share/turtlebot3_gazebo//worlds/turtlebot3_autorace_2020.world
[24.199s] -- Symlinking: /home/anaskh007/Anasros2_ws/install/turtlebot3_gazebo/share/turtlebot3_gazebo//worlds/turtlebot3_dqn_stage1.world
[24.209s] -- Symlinking: /home/anaskh007/Anasros2_ws/install/turtlebot3_gazebo/share/turtlebot3_gazebo//worlds/turtlebot3_dqn_stage2.world
[24.218s] -- Symlinking: /home/anaskh007/Anasros2_ws/install/turtlebot3_gazebo/share/turtlebot3_gazebo//worlds/turtlebot3_dqn_stage3.world
[24.227s] -- Symlinking: /home/anaskh007/Anasros2_ws/install/turtlebot3_gazebo/share/turtlebot3_gazebo//worlds/turtlebot3_dqn_stage4.world
[24.235s] -- Symlinking: /home/anaskh007/Anasros2_ws/install/turtlebot3_gazebo/share/turtlebot3_gazebo//worlds/turtlebot3_house.world
[24.244s] -- Symlinking: /home/anaskh007/Anasros2_ws/install/turtlebot3_gazebo/share/turtlebot3_gazebo//worlds/turtlebot3_world.world
[24.254s] -- Symlinking: /home/anaskh007/Anasros2_ws/install/turtlebot3_gazebo/include//turtlebot3_gazebo/obstacle1.hpp
[24.262s] -- Symlinking: /home/anaskh007/Anasros2_ws/install/turtlebot3_gazebo/include//turtlebot3_gazebo/obstacle2.hpp
[24.269s] -- Symlinking: /home/anaskh007/Anasros2_ws/install/turtlebot3_gazebo/include//turtlebot3_gazebo/obstacles.hpp
[24.278s] -- Symlinking: /home/anaskh007/Anasros2_ws/install/turtlebot3_gazebo/include//turtlebot3_gazebo/traffic_bar_plugin.hpp
[24.285s] -- Symlinking: /home/anaskh007/Anasros2_ws/install/turtlebot3_gazebo/include//turtlebot3_gazebo/traffic_light_plugin.hpp
[24.294s] -- Symlinking: /home/anaskh007/Anasros2_ws/install/turtlebot3_gazebo/include//turtlebot3_gazebo/turtlebot3_drive.hpp
[24.301s] -- Symlinking: /home/anaskh007/Anasros2_ws/install/turtlebot3_gazebo/share/ament_index/resource_index/package_run_dependencies/turtlebot3_gazebo
[24.310s] -- Symlinking: /home/anaskh007/Anasros2_ws/install/turtlebot3_gazebo/share/ament_index/resource_index/parent_prefix_path/turtlebot3_gazebo
[24.317s] -- Symlinking: /home/anaskh007/Anasros2_ws/install/turtlebot3_gazebo/share/turtlebot3_gazebo/environment/ament_prefix_path.sh
[24.326s] -- Symlinking: /home/anaskh007/Anasros2_ws/install/turtlebot3_gazebo/share/turtlebot3_gazebo/environment/ament_prefix_path.dsv
[24.333s] -- Symlinking: /home/anaskh007/Anasros2_ws/install/turtlebot3_gazebo/share/turtlebot3_gazebo/environment/path.sh
[24.341s] -- Symlinking: /home/anaskh007/Anasros2_ws/install/turtlebot3_gazebo/share/turtlebot3_gazebo/environment/path.dsv
[24.348s] -- Symlinking: /home/anaskh007/Anasros2_ws/install/turtlebot3_gazebo/share/turtlebot3_gazebo/local_setup.bash
[24.356s] -- Symlinking: /home/anaskh007/Anasros2_ws/install/turtlebot3_gazebo/share/turtlebot3_gazebo/local_setup.sh
[24.364s] -- Symlinking: /home/anaskh007/Anasros2_ws/install/turtlebot3_gazebo/share/turtlebot3_gazebo/local_setup.zsh
[24.372s] -- Symlinking: /home/anaskh007/Anasros2_ws/install/turtlebot3_gazebo/share/turtlebot3_gazebo/local_setup.dsv
[24.380s] -- Symlinking: /home/anaskh007/Anasros2_ws/install/turtlebot3_gazebo/share/turtlebot3_gazebo/package.dsv
[24.388s] -- Symlinking: /home/anaskh007/Anasros2_ws/install/turtlebot3_gazebo/share/ament_index/resource_index/packages/turtlebot3_gazebo
[24.395s] -- Symlinking: /home/anaskh007/Anasros2_ws/install/turtlebot3_gazebo/share/turtlebot3_gazebo/cmake/ament_cmake_export_include_directories-extras.cmake
[24.404s] -- Symlinking: /home/anaskh007/Anasros2_ws/install/turtlebot3_gazebo/share/turtlebot3_gazebo/cmake/ament_cmake_export_dependencies-extras.cmake
[24.411s] -- Symlinking: /home/anaskh007/Anasros2_ws/install/turtlebot3_gazebo/share/turtlebot3_gazebo/cmake/turtlebot3_gazeboConfig.cmake
[24.420s] -- Symlinking: /home/anaskh007/Anasros2_ws/install/turtlebot3_gazebo/share/turtlebot3_gazebo/cmake/turtlebot3_gazeboConfig-version.cmake
[24.427s] -- Symlinking: /home/anaskh007/Anasros2_ws/install/turtlebot3_gazebo/share/turtlebot3_gazebo/package.xml
[24.436s] Invoked command in '/home/anaskh007/Anasros2_ws/build/turtlebot3_gazebo' returned '0': CMAKE_PREFIX_PATH=${CMAKE_PREFIX_PATH}:/home/anaskh007/Anasros2_ws/install/turtlebot3_teleop:/home/anaskh007/Anasros2_ws/install/turtlebot3_example:/home/anaskh007/Anasros2_ws/install/dual_robot_nav:/home/anaskh007/Anasros2_ws/install/pub_sub_ex:/home/anaskh007/Anasros2_ws/install/mission_planner:/opt/ros/humble /usr/bin/cmake --install /home/anaskh007/Anasros2_ws/build/turtlebot3_gazebo
