[0.023s] Invoking command in '/home/anaskh007/Anasros2_ws/build/dynamixel_sdk_examples': CMAKE_PREFIX_PATH=/home/anaskh007/Anasros2_ws/install/dynamixel_sdk_custom_interfaces:/home/anaskh007/Anasros2_ws/install/dynamixel_sdk:/home/anaskh007/Anasros2_ws/install/turtlebot3:/home/anaskh007/Anasros2_ws/install/turtlebot3_simulations:/home/anaskh007/Anasros2_ws/install/turtlebot3_bringup:/home/anaskh007/Anasros2_ws/install/turtlebot3_node:/home/anaskh007/Anasros2_ws/install/turtlebot3_navigation2:/home/anaskh007/Anasros2_ws/install/turtlebot3_fake_node:/home/anaskh007/Anasros2_ws/install/turtlebot3_msgs:/home/anaskh007/Anasros2_ws/install/turtlebot3_manipulation_gazebo:/home/anaskh007/Anasros2_ws/install/turtlebot3_gazebo:/home/anaskh007/Anasros2_ws/install/turtlebot3_description:/home/anaskh007/Anasros2_ws/install/turtlebot3_cartographer:/home/anaskh007/Anasros2_ws/install/dynamixel_sdk_examples:/home/anaskh007/Anasros2_ws/install/turtlebot3_teleop:/home/anaskh007/Anasros2_ws/install/turtlebot3_example:/home/anaskh007/Anasros2_ws/install/dual_robot_nav:/home/anaskh007/Anasros2_ws/install/pub_sub_ex:/home/anaskh007/Anasros2_ws/install/mission_planner:/opt/ros/humble LD_LIBRARY_PATH=/home/anaskh007/Anasros2_ws/install/dynamixel_sdk_custom_interfaces/lib:/home/anaskh007/Anasros2_ws/install/dynamixel_sdk/lib:/home/anaskh007/Anasros2_ws/install/turtlebot3_msgs/lib:/usr/lib/x86_64-linux-gnu/gazebo-11/plugins:/opt/ros/humble/opt/rviz_ogre_vendor/lib:/opt/ros/humble/lib/x86_64-linux-gnu:/opt/ros/humble/lib:/usr/lib/x86_64-linux-gnu/gazebo-11/plugins /usr/bin/cmake /home/anaskh007/Anasros2_ws/src/DynamixelSDK/dynamixel_sdk_examples -DAMENT_CMAKE_SYMLINK_INSTALL=1 -DCMAKE_INSTALL_PREFIX=/home/anaskh007/Anasros2_ws/install/dynamixel_sdk_examples
[0.089s] -- The C compiler identification is GNU 11.4.0
[0.145s] -- The CXX compiler identification is GNU 11.4.0
[0.154s] -- Detecting C compiler ABI info
[0.230s] -- Detecting C compiler ABI info - done
[0.236s] -- Check for working C compiler: /usr/bin/cc - skipped
[0.236s] -- Detecting C compile features
[0.236s] -- Detecting C compile features - done
[0.239s] -- Detecting CXX compiler ABI info
[0.316s] -- Detecting CXX compiler ABI info - done
[0.325s] -- Check for working CXX compiler: /usr/bin/c++ - skipped
[0.325s] -- Detecting CXX compile features
[0.326s] -- Detecting CXX compile features - done
[0.328s] -- Found ament_cmake: 1.3.12 (/opt/ros/humble/share/ament_cmake/cmake)
[0.546s] -- Found Python3: /usr/bin/python3 (found version "3.10.12") found components: Interpreter 
[0.637s] -- Override CMake install command with custom implementation using symlinks instead of copying resources
[0.691s] -- Found dynamixel_sdk: 3.7.60 (/home/anaskh007/Anasros2_ws/install/dynamixel_sdk/share/dynamixel_sdk/cmake)
[0.694s] -- Found dynamixel_sdk_custom_interfaces: 3.7.60 (/home/anaskh007/Anasros2_ws/install/dynamixel_sdk_custom_interfaces/share/dynamixel_sdk_custom_interfaces/cmake)
[0.763s] -- Found rosidl_generator_c: 3.1.7 (/opt/ros/humble/share/rosidl_generator_c/cmake)
[0.771s] -- Found rosidl_adapter: 3.1.7 (/opt/ros/humble/share/rosidl_adapter/cmake)
[0.786s] -- Found rosidl_generator_cpp: 3.1.7 (/opt/ros/humble/share/rosidl_generator_cpp/cmake)
[0.808s] -- Using all available rosidl_typesupport_c: rosidl_typesupport_fastrtps_c;rosidl_typesupport_introspection_c
[0.841s] -- Using all available rosidl_typesupport_cpp: rosidl_typesupport_fastrtps_cpp;rosidl_typesupport_introspection_cpp
[0.881s] -- Found rclcpp: 16.0.16 (/opt/ros/humble/share/rclcpp/cmake)
[0.944s] -- Found rmw_implementation_cmake: 6.1.2 (/opt/ros/humble/share/rmw_implementation_cmake/cmake)
[0.949s] -- Found rmw_cyclonedds_cpp: 1.3.4 (/opt/ros/humble/share/rmw_cyclonedds_cpp/cmake)
[0.985s] -- Using RMW implementation 'rmw_cyclonedds_cpp' as default
[1.000s] -- Looking for pthread.h
[1.075s] -- Looking for pthread.h - found
[1.076s] -- Performing Test CMAKE_HAVE_LIBC_PTHREAD
[1.159s] -- Performing Test CMAKE_HAVE_LIBC_PTHREAD - Success
[1.160s] -- Found Threads: TRUE  
[1.219s] -- Found ament_lint_auto: 0.12.14 (/opt/ros/humble/share/ament_lint_auto/cmake)
[1.308s] -- Added test 'copyright' to check source files copyright and LICENSE
[1.309s] -- Added test 'cppcheck' to perform static code analysis on C / C++ code
[1.309s] -- Configured cppcheck include dirs: /home/anaskh007/Anasros2_ws/src/DynamixelSDK/dynamixel_sdk_examples/include
[1.309s] -- Configured cppcheck exclude dirs and/or files: 
[1.310s] -- Added test 'cpplint' to check C / C++ code against the Google style
[1.310s] -- Configured cpplint exclude dirs and/or files: 
[1.310s] -- Added test 'lint_cmake' to check CMake code style
[1.311s] -- Added test 'uncrustify' to check C / C++ code style
[1.311s] -- Configured uncrustify additional arguments: 
[1.311s] -- Added test 'xmllint' to check XML markup files
[1.312s] -- Configuring done
[1.318s] -- Generating done
[1.320s] -- Build files have been written to: /home/anaskh007/Anasros2_ws/build/dynamixel_sdk_examples
[1.327s] Invoked command in '/home/anaskh007/Anasros2_ws/build/dynamixel_sdk_examples' returned '0': CMAKE_PREFIX_PATH=/home/anaskh007/Anasros2_ws/install/dynamixel_sdk_custom_interfaces:/home/anaskh007/Anasros2_ws/install/dynamixel_sdk:/home/anaskh007/Anasros2_ws/install/turtlebot3:/home/anaskh007/Anasros2_ws/install/turtlebot3_simulations:/home/anaskh007/Anasros2_ws/install/turtlebot3_bringup:/home/anaskh007/Anasros2_ws/install/turtlebot3_node:/home/anaskh007/Anasros2_ws/install/turtlebot3_navigation2:/home/anaskh007/Anasros2_ws/install/turtlebot3_fake_node:/home/anaskh007/Anasros2_ws/install/turtlebot3_msgs:/home/anaskh007/Anasros2_ws/install/turtlebot3_manipulation_gazebo:/home/anaskh007/Anasros2_ws/install/turtlebot3_gazebo:/home/anaskh007/Anasros2_ws/install/turtlebot3_description:/home/anaskh007/Anasros2_ws/install/turtlebot3_cartographer:/home/anaskh007/Anasros2_ws/install/dynamixel_sdk_examples:/home/anaskh007/Anasros2_ws/install/turtlebot3_teleop:/home/anaskh007/Anasros2_ws/install/turtlebot3_example:/home/anaskh007/Anasros2_ws/install/dual_robot_nav:/home/anaskh007/Anasros2_ws/install/pub_sub_ex:/home/anaskh007/Anasros2_ws/install/mission_planner:/opt/ros/humble LD_LIBRARY_PATH=/home/anaskh007/Anasros2_ws/install/dynamixel_sdk_custom_interfaces/lib:/home/anaskh007/Anasros2_ws/install/dynamixel_sdk/lib:/home/anaskh007/Anasros2_ws/install/turtlebot3_msgs/lib:/usr/lib/x86_64-linux-gnu/gazebo-11/plugins:/opt/ros/humble/opt/rviz_ogre_vendor/lib:/opt/ros/humble/lib/x86_64-linux-gnu:/opt/ros/humble/lib:/usr/lib/x86_64-linux-gnu/gazebo-11/plugins /usr/bin/cmake /home/anaskh007/Anasros2_ws/src/DynamixelSDK/dynamixel_sdk_examples -DAMENT_CMAKE_SYMLINK_INSTALL=1 -DCMAKE_INSTALL_PREFIX=/home/anaskh007/Anasros2_ws/install/dynamixel_sdk_examples
[1.329s] Invoking command in '/home/anaskh007/Anasros2_ws/build/dynamixel_sdk_examples': CMAKE_PREFIX_PATH=/home/anaskh007/Anasros2_ws/install/dynamixel_sdk_custom_interfaces:/home/anaskh007/Anasros2_ws/install/dynamixel_sdk:/home/anaskh007/Anasros2_ws/install/turtlebot3:/home/anaskh007/Anasros2_ws/install/turtlebot3_simulations:/home/anaskh007/Anasros2_ws/install/turtlebot3_bringup:/home/anaskh007/Anasros2_ws/install/turtlebot3_node:/home/anaskh007/Anasros2_ws/install/turtlebot3_navigation2:/home/anaskh007/Anasros2_ws/install/turtlebot3_fake_node:/home/anaskh007/Anasros2_ws/install/turtlebot3_msgs:/home/anaskh007/Anasros2_ws/install/turtlebot3_manipulation_gazebo:/home/anaskh007/Anasros2_ws/install/turtlebot3_gazebo:/home/anaskh007/Anasros2_ws/install/turtlebot3_description:/home/anaskh007/Anasros2_ws/install/turtlebot3_cartographer:/home/anaskh007/Anasros2_ws/install/dynamixel_sdk_examples:/home/anaskh007/Anasros2_ws/install/turtlebot3_teleop:/home/anaskh007/Anasros2_ws/install/turtlebot3_example:/home/anaskh007/Anasros2_ws/install/dual_robot_nav:/home/anaskh007/Anasros2_ws/install/pub_sub_ex:/home/anaskh007/Anasros2_ws/install/mission_planner:/opt/ros/humble LD_LIBRARY_PATH=/home/anaskh007/Anasros2_ws/install/dynamixel_sdk_custom_interfaces/lib:/home/anaskh007/Anasros2_ws/install/dynamixel_sdk/lib:/home/anaskh007/Anasros2_ws/install/turtlebot3_msgs/lib:/usr/lib/x86_64-linux-gnu/gazebo-11/plugins:/opt/ros/humble/opt/rviz_ogre_vendor/lib:/opt/ros/humble/lib/x86_64-linux-gnu:/opt/ros/humble/lib:/usr/lib/x86_64-linux-gnu/gazebo-11/plugins /usr/bin/cmake --build /home/anaskh007/Anasros2_ws/build/dynamixel_sdk_examples -- -j16 -l16
[1.370s] [ 50%] [32mBuilding CXX object CMakeFiles/read_write_node.dir/src/read_write_node.cpp.o[0m
[14.683s] [100%] [32m[1mLinking CXX executable read_write_node[0m
[15.015s] [100%] Built target read_write_node
[15.025s] Invoked command in '/home/anaskh007/Anasros2_ws/build/dynamixel_sdk_examples' returned '0': CMAKE_PREFIX_PATH=/home/anaskh007/Anasros2_ws/install/dynamixel_sdk_custom_interfaces:/home/anaskh007/Anasros2_ws/install/dynamixel_sdk:/home/anaskh007/Anasros2_ws/install/turtlebot3:/home/anaskh007/Anasros2_ws/install/turtlebot3_simulations:/home/anaskh007/Anasros2_ws/install/turtlebot3_bringup:/home/anaskh007/Anasros2_ws/install/turtlebot3_node:/home/anaskh007/Anasros2_ws/install/turtlebot3_navigation2:/home/anaskh007/Anasros2_ws/install/turtlebot3_fake_node:/home/anaskh007/Anasros2_ws/install/turtlebot3_msgs:/home/anaskh007/Anasros2_ws/install/turtlebot3_manipulation_gazebo:/home/anaskh007/Anasros2_ws/install/turtlebot3_gazebo:/home/anaskh007/Anasros2_ws/install/turtlebot3_description:/home/anaskh007/Anasros2_ws/install/turtlebot3_cartographer:/home/anaskh007/Anasros2_ws/install/dynamixel_sdk_examples:/home/anaskh007/Anasros2_ws/install/turtlebot3_teleop:/home/anaskh007/Anasros2_ws/install/turtlebot3_example:/home/anaskh007/Anasros2_ws/install/dual_robot_nav:/home/anaskh007/Anasros2_ws/install/pub_sub_ex:/home/anaskh007/Anasros2_ws/install/mission_planner:/opt/ros/humble LD_LIBRARY_PATH=/home/anaskh007/Anasros2_ws/install/dynamixel_sdk_custom_interfaces/lib:/home/anaskh007/Anasros2_ws/install/dynamixel_sdk/lib:/home/anaskh007/Anasros2_ws/install/turtlebot3_msgs/lib:/usr/lib/x86_64-linux-gnu/gazebo-11/plugins:/opt/ros/humble/opt/rviz_ogre_vendor/lib:/opt/ros/humble/lib/x86_64-linux-gnu:/opt/ros/humble/lib:/usr/lib/x86_64-linux-gnu/gazebo-11/plugins /usr/bin/cmake --build /home/anaskh007/Anasros2_ws/build/dynamixel_sdk_examples -- -j16 -l16
[15.026s] Invoking command in '/home/anaskh007/Anasros2_ws/build/dynamixel_sdk_examples': CMAKE_PREFIX_PATH=/home/anaskh007/Anasros2_ws/install/dynamixel_sdk_custom_interfaces:/home/anaskh007/Anasros2_ws/install/dynamixel_sdk:/home/anaskh007/Anasros2_ws/install/turtlebot3:/home/anaskh007/Anasros2_ws/install/turtlebot3_simulations:/home/anaskh007/Anasros2_ws/install/turtlebot3_bringup:/home/anaskh007/Anasros2_ws/install/turtlebot3_node:/home/anaskh007/Anasros2_ws/install/turtlebot3_navigation2:/home/anaskh007/Anasros2_ws/install/turtlebot3_fake_node:/home/anaskh007/Anasros2_ws/install/turtlebot3_msgs:/home/anaskh007/Anasros2_ws/install/turtlebot3_manipulation_gazebo:/home/anaskh007/Anasros2_ws/install/turtlebot3_gazebo:/home/anaskh007/Anasros2_ws/install/turtlebot3_description:/home/anaskh007/Anasros2_ws/install/turtlebot3_cartographer:/home/anaskh007/Anasros2_ws/install/dynamixel_sdk_examples:/home/anaskh007/Anasros2_ws/install/turtlebot3_teleop:/home/anaskh007/Anasros2_ws/install/turtlebot3_example:/home/anaskh007/Anasros2_ws/install/dual_robot_nav:/home/anaskh007/Anasros2_ws/install/pub_sub_ex:/home/anaskh007/Anasros2_ws/install/mission_planner:/opt/ros/humble LD_LIBRARY_PATH=/home/anaskh007/Anasros2_ws/install/dynamixel_sdk_custom_interfaces/lib:/home/anaskh007/Anasros2_ws/install/dynamixel_sdk/lib:/home/anaskh007/Anasros2_ws/install/turtlebot3_msgs/lib:/usr/lib/x86_64-linux-gnu/gazebo-11/plugins:/opt/ros/humble/opt/rviz_ogre_vendor/lib:/opt/ros/humble/lib/x86_64-linux-gnu:/opt/ros/humble/lib:/usr/lib/x86_64-linux-gnu/gazebo-11/plugins /usr/bin/cmake --install /home/anaskh007/Anasros2_ws/build/dynamixel_sdk_examples
[15.033s] -- Install configuration: ""
[15.034s] -- Execute custom install script
[15.034s] -- Symlinking: /home/anaskh007/Anasros2_ws/install/dynamixel_sdk_examples/lib/dynamixel_sdk_examples/read_write_node
[15.042s] -- Symlinking: /home/anaskh007/Anasros2_ws/install/dynamixel_sdk_examples/share/ament_index/resource_index/package_run_dependencies/dynamixel_sdk_examples
[15.050s] -- Symlinking: /home/anaskh007/Anasros2_ws/install/dynamixel_sdk_examples/share/ament_index/resource_index/parent_prefix_path/dynamixel_sdk_examples
[15.059s] -- Symlinking: /home/anaskh007/Anasros2_ws/install/dynamixel_sdk_examples/share/dynamixel_sdk_examples/environment/ament_prefix_path.sh
[15.067s] -- Symlinking: /home/anaskh007/Anasros2_ws/install/dynamixel_sdk_examples/share/dynamixel_sdk_examples/environment/ament_prefix_path.dsv
[15.076s] -- Symlinking: /home/anaskh007/Anasros2_ws/install/dynamixel_sdk_examples/share/dynamixel_sdk_examples/environment/path.sh
[15.082s] -- Symlinking: /home/anaskh007/Anasros2_ws/install/dynamixel_sdk_examples/share/dynamixel_sdk_examples/environment/path.dsv
[15.091s] -- Symlinking: /home/anaskh007/Anasros2_ws/install/dynamixel_sdk_examples/share/dynamixel_sdk_examples/local_setup.bash
[15.099s] -- Symlinking: /home/anaskh007/Anasros2_ws/install/dynamixel_sdk_examples/share/dynamixel_sdk_examples/local_setup.sh
[15.108s] -- Symlinking: /home/anaskh007/Anasros2_ws/install/dynamixel_sdk_examples/share/dynamixel_sdk_examples/local_setup.zsh
[15.115s] -- Symlinking: /home/anaskh007/Anasros2_ws/install/dynamixel_sdk_examples/share/dynamixel_sdk_examples/local_setup.dsv
[15.126s] -- Symlinking: /home/anaskh007/Anasros2_ws/install/dynamixel_sdk_examples/share/dynamixel_sdk_examples/package.dsv
[15.136s] -- Symlinking: /home/anaskh007/Anasros2_ws/install/dynamixel_sdk_examples/share/ament_index/resource_index/packages/dynamixel_sdk_examples
[15.146s] -- Symlinking: /home/anaskh007/Anasros2_ws/install/dynamixel_sdk_examples/share/dynamixel_sdk_examples/cmake/dynamixel_sdk_examplesConfig.cmake
[15.156s] -- Symlinking: /home/anaskh007/Anasros2_ws/install/dynamixel_sdk_examples/share/dynamixel_sdk_examples/cmake/dynamixel_sdk_examplesConfig-version.cmake
[15.166s] -- Symlinking: /home/anaskh007/Anasros2_ws/install/dynamixel_sdk_examples/share/dynamixel_sdk_examples/package.xml
[15.178s] Invoked command in '/home/anaskh007/Anasros2_ws/build/dynamixel_sdk_examples' returned '0': CMAKE_PREFIX_PATH=/home/anaskh007/Anasros2_ws/install/dynamixel_sdk_custom_interfaces:/home/anaskh007/Anasros2_ws/install/dynamixel_sdk:/home/anaskh007/Anasros2_ws/install/turtlebot3:/home/anaskh007/Anasros2_ws/install/turtlebot3_simulations:/home/anaskh007/Anasros2_ws/install/turtlebot3_bringup:/home/anaskh007/Anasros2_ws/install/turtlebot3_node:/home/anaskh007/Anasros2_ws/install/turtlebot3_navigation2:/home/anaskh007/Anasros2_ws/install/turtlebot3_fake_node:/home/anaskh007/Anasros2_ws/install/turtlebot3_msgs:/home/anaskh007/Anasros2_ws/install/turtlebot3_manipulation_gazebo:/home/anaskh007/Anasros2_ws/install/turtlebot3_gazebo:/home/anaskh007/Anasros2_ws/install/turtlebot3_description:/home/anaskh007/Anasros2_ws/install/turtlebot3_cartographer:/home/anaskh007/Anasros2_ws/install/dynamixel_sdk_examples:/home/anaskh007/Anasros2_ws/install/turtlebot3_teleop:/home/anaskh007/Anasros2_ws/install/turtlebot3_example:/home/anaskh007/Anasros2_ws/install/dual_robot_nav:/home/anaskh007/Anasros2_ws/install/pub_sub_ex:/home/anaskh007/Anasros2_ws/install/mission_planner:/opt/ros/humble LD_LIBRARY_PATH=/home/anaskh007/Anasros2_ws/install/dynamixel_sdk_custom_interfaces/lib:/home/anaskh007/Anasros2_ws/install/dynamixel_sdk/lib:/home/anaskh007/Anasros2_ws/install/turtlebot3_msgs/lib:/usr/lib/x86_64-linux-gnu/gazebo-11/plugins:/opt/ros/humble/opt/rviz_ogre_vendor/lib:/opt/ros/humble/lib/x86_64-linux-gnu:/opt/ros/humble/lib:/usr/lib/x86_64-linux-gnu/gazebo-11/plugins /usr/bin/cmake --install /home/anaskh007/Anasros2_ws/build/dynamixel_sdk_examples
