[0.026s] Invoking command in '/home/anaskh007/Anasros2_ws/build/turtlebot3_node': CMAKE_PREFIX_PATH=/home/anaskh007/Anasros2_ws/install/turtlebot3_msgs:/home/anaskh007/Anasros2_ws/install/dynamixel_sdk:/home/anaskh007/Anasros2_ws/install/turtlebot3:/home/anaskh007/Anasros2_ws/install/turtlebot3_simulations:/home/anaskh007/Anasros2_ws/install/turtlebot3_bringup:/home/anaskh007/Anasros2_ws/install/turtlebot3_node:/home/anaskh007/Anasros2_ws/install/turtlebot3_navigation2:/home/anaskh007/Anasros2_ws/install/turtlebot3_fake_node:/home/anaskh007/Anasros2_ws/install/turtlebot3_manipulation_gazebo:/home/anaskh007/Anasros2_ws/install/turtlebot3_gazebo:/home/anaskh007/Anasros2_ws/install/turtlebot3_description:/home/anaskh007/Anasros2_ws/install/turtlebot3_cartographer:/home/anaskh007/Anasros2_ws/install/dynamixel_sdk_examples:/home/anaskh007/Anasros2_ws/install/dynamixel_sdk_custom_interfaces:/home/anaskh007/Anasros2_ws/install/turtlebot3_teleop:/home/anaskh007/Anasros2_ws/install/turtlebot3_example:/home/anaskh007/Anasros2_ws/install/dual_robot_nav:/home/anaskh007/Anasros2_ws/install/pub_sub_ex:/home/anaskh007/Anasros2_ws/install/mission_planner:/opt/ros/humble LD_LIBRARY_PATH=/home/anaskh007/Anasros2_ws/install/turtlebot3_msgs/lib:/home/anaskh007/Anasros2_ws/install/dynamixel_sdk/lib:/home/anaskh007/Anasros2_ws/install/dynamixel_sdk_custom_interfaces/lib:/usr/lib/x86_64-linux-gnu/gazebo-11/plugins:/opt/ros/humble/opt/rviz_ogre_vendor/lib:/opt/ros/humble/lib/x86_64-linux-gnu:/opt/ros/humble/lib:/usr/lib/x86_64-linux-gnu/gazebo-11/plugins /usr/bin/cmake /home/anaskh007/Anasros2_ws/src/turtlebot3/turtlebot3_node -DAMENT_CMAKE_SYMLINK_INSTALL=1 -DCMAKE_INSTALL_PREFIX=/home/anaskh007/Anasros2_ws/install/turtlebot3_node
[0.441s] -- The C compiler identification is GNU 11.4.0
[0.442s] -- The CXX compiler identification is GNU 11.4.0
[0.442s] -- Detecting C compiler ABI info
[0.442s] -- Detecting C compiler ABI info - done
[0.442s] -- Check for working C compiler: /usr/bin/cc - skipped
[0.442s] -- Detecting C compile features
[0.442s] -- Detecting C compile features - done
[0.442s] -- Detecting CXX compiler ABI info
[0.442s] -- Detecting CXX compiler ABI info - done
[0.443s] -- Check for working CXX compiler: /usr/bin/c++ - skipped
[0.443s] -- Detecting CXX compile features
[0.443s] -- Detecting CXX compile features - done
[0.443s] -- Found ament_cmake: 1.3.12 (/opt/ros/humble/share/ament_cmake/cmake)
[0.538s] -- Found Python3: /usr/bin/python3 (found version "3.10.12") found components: Interpreter 
[0.644s] -- Override CMake install command with custom implementation using symlinks instead of copying resources
[0.687s] -- Found dynamixel_sdk: 3.7.60 (/home/anaskh007/Anasros2_ws/install/dynamixel_sdk/share/dynamixel_sdk/cmake)
[0.693s] -- Found geometry_msgs: 4.9.0 (/opt/ros/humble/share/geometry_msgs/cmake)
[0.747s] -- Found rosidl_generator_c: 3.1.7 (/opt/ros/humble/share/rosidl_generator_c/cmake)
[0.756s] -- Found rosidl_adapter: 3.1.7 (/opt/ros/humble/share/rosidl_adapter/cmake)
[0.769s] -- Found rosidl_generator_cpp: 3.1.7 (/opt/ros/humble/share/rosidl_generator_cpp/cmake)
[0.782s] -- Using all available rosidl_typesupport_c: rosidl_typesupport_fastrtps_c;rosidl_typesupport_introspection_c
[0.801s] -- Using all available rosidl_typesupport_cpp: rosidl_typesupport_fastrtps_cpp;rosidl_typesupport_introspection_cpp
[0.853s] -- Found message_filters: 4.3.11 (/opt/ros/humble/share/message_filters/cmake)
[0.925s] -- Found rmw_implementation_cmake: 6.1.2 (/opt/ros/humble/share/rmw_implementation_cmake/cmake)
[0.931s] -- Found rmw_cyclonedds_cpp: 1.3.4 (/opt/ros/humble/share/rmw_cyclonedds_cpp/cmake)
[0.970s] -- Using RMW implementation 'rmw_cyclonedds_cpp' as default
[0.985s] -- Looking for pthread.h
[1.072s] -- Looking for pthread.h - found
[1.073s] -- Performing Test CMAKE_HAVE_LIBC_PTHREAD
[1.161s] -- Performing Test CMAKE_HAVE_LIBC_PTHREAD - Success
[1.162s] -- Found Threads: TRUE  
[1.228s] -- Found nav_msgs: 4.9.0 (/opt/ros/humble/share/nav_msgs/cmake)
[1.258s] -- Found sensor_msgs: 4.9.0 (/opt/ros/humble/share/sensor_msgs/cmake)
[1.288s] -- Found std_srvs: 4.9.0 (/opt/ros/humble/share/std_srvs/cmake)
[1.306s] -- Found tf2: 0.25.17 (/opt/ros/humble/share/tf2/cmake)
[1.325s] -- Found tf2_ros: 0.25.17 (/opt/ros/humble/share/tf2_ros/cmake)
[1.484s] -- Found turtlebot3_msgs: 2.4.0 (/home/anaskh007/Anasros2_ws/install/turtlebot3_msgs/share/turtlebot3_msgs/cmake)
[1.633s] -- Configuring done
[1.652s] -- Generating done
[1.659s] -- Build files have been written to: /home/anaskh007/Anasros2_ws/build/turtlebot3_node
[1.669s] Invoked command in '/home/anaskh007/Anasros2_ws/build/turtlebot3_node' returned '0': CMAKE_PREFIX_PATH=/home/anaskh007/Anasros2_ws/install/turtlebot3_msgs:/home/anaskh007/Anasros2_ws/install/dynamixel_sdk:/home/anaskh007/Anasros2_ws/install/turtlebot3:/home/anaskh007/Anasros2_ws/install/turtlebot3_simulations:/home/anaskh007/Anasros2_ws/install/turtlebot3_bringup:/home/anaskh007/Anasros2_ws/install/turtlebot3_node:/home/anaskh007/Anasros2_ws/install/turtlebot3_navigation2:/home/anaskh007/Anasros2_ws/install/turtlebot3_fake_node:/home/anaskh007/Anasros2_ws/install/turtlebot3_manipulation_gazebo:/home/anaskh007/Anasros2_ws/install/turtlebot3_gazebo:/home/anaskh007/Anasros2_ws/install/turtlebot3_description:/home/anaskh007/Anasros2_ws/install/turtlebot3_cartographer:/home/anaskh007/Anasros2_ws/install/dynamixel_sdk_examples:/home/anaskh007/Anasros2_ws/install/dynamixel_sdk_custom_interfaces:/home/anaskh007/Anasros2_ws/install/turtlebot3_teleop:/home/anaskh007/Anasros2_ws/install/turtlebot3_example:/home/anaskh007/Anasros2_ws/install/dual_robot_nav:/home/anaskh007/Anasros2_ws/install/pub_sub_ex:/home/anaskh007/Anasros2_ws/install/mission_planner:/opt/ros/humble LD_LIBRARY_PATH=/home/anaskh007/Anasros2_ws/install/turtlebot3_msgs/lib:/home/anaskh007/Anasros2_ws/install/dynamixel_sdk/lib:/home/anaskh007/Anasros2_ws/install/dynamixel_sdk_custom_interfaces/lib:/usr/lib/x86_64-linux-gnu/gazebo-11/plugins:/opt/ros/humble/opt/rviz_ogre_vendor/lib:/opt/ros/humble/lib/x86_64-linux-gnu:/opt/ros/humble/lib:/usr/lib/x86_64-linux-gnu/gazebo-11/plugins /usr/bin/cmake /home/anaskh007/Anasros2_ws/src/turtlebot3/turtlebot3_node -DAMENT_CMAKE_SYMLINK_INSTALL=1 -DCMAKE_INSTALL_PREFIX=/home/anaskh007/Anasros2_ws/install/turtlebot3_node
[1.673s] Invoking command in '/home/anaskh007/Anasros2_ws/build/turtlebot3_node': CMAKE_PREFIX_PATH=/home/anaskh007/Anasros2_ws/install/turtlebot3_msgs:/home/anaskh007/Anasros2_ws/install/dynamixel_sdk:/home/anaskh007/Anasros2_ws/install/turtlebot3:/home/anaskh007/Anasros2_ws/install/turtlebot3_simulations:/home/anaskh007/Anasros2_ws/install/turtlebot3_bringup:/home/anaskh007/Anasros2_ws/install/turtlebot3_node:/home/anaskh007/Anasros2_ws/install/turtlebot3_navigation2:/home/anaskh007/Anasros2_ws/install/turtlebot3_fake_node:/home/anaskh007/Anasros2_ws/install/turtlebot3_manipulation_gazebo:/home/anaskh007/Anasros2_ws/install/turtlebot3_gazebo:/home/anaskh007/Anasros2_ws/install/turtlebot3_description:/home/anaskh007/Anasros2_ws/install/turtlebot3_cartographer:/home/anaskh007/Anasros2_ws/install/dynamixel_sdk_examples:/home/anaskh007/Anasros2_ws/install/dynamixel_sdk_custom_interfaces:/home/anaskh007/Anasros2_ws/install/turtlebot3_teleop:/home/anaskh007/Anasros2_ws/install/turtlebot3_example:/home/anaskh007/Anasros2_ws/install/dual_robot_nav:/home/anaskh007/Anasros2_ws/install/pub_sub_ex:/home/anaskh007/Anasros2_ws/install/mission_planner:/opt/ros/humble LD_LIBRARY_PATH=/home/anaskh007/Anasros2_ws/install/turtlebot3_msgs/lib:/home/anaskh007/Anasros2_ws/install/dynamixel_sdk/lib:/home/anaskh007/Anasros2_ws/install/dynamixel_sdk_custom_interfaces/lib:/usr/lib/x86_64-linux-gnu/gazebo-11/plugins:/opt/ros/humble/opt/rviz_ogre_vendor/lib:/opt/ros/humble/lib/x86_64-linux-gnu:/opt/ros/humble/lib:/usr/lib/x86_64-linux-gnu/gazebo-11/plugins /usr/bin/cmake --build /home/anaskh007/Anasros2_ws/build/turtlebot3_node -- -j16 -l16
[1.744s] [  7%] [32mBuilding CXX object CMakeFiles/turtlebot3_node_lib.dir/src/devices/motor_power.cpp.o[0m
[1.745s] [ 21%] [32mBuilding CXX object CMakeFiles/turtlebot3_node_lib.dir/src/diff_drive_controller.cpp.o[0m
[1.745s] [ 21%] [32mBuilding CXX object CMakeFiles/turtlebot3_node_lib.dir/src/devices/reset.cpp.o[0m
[1.745s] [ 28%] [32mBuilding CXX object CMakeFiles/turtlebot3_node_lib.dir/src/odometry.cpp.o[0m
[1.745s] [ 35%] [32mBuilding CXX object CMakeFiles/turtlebot3_node_lib.dir/src/devices/sound.cpp.o[0m
[1.750s] [ 42%] [32mBuilding CXX object CMakeFiles/turtlebot3_node_lib.dir/src/dynamixel_sdk_wrapper.cpp.o[0m
[1.750s] [ 50%] [32mBuilding CXX object CMakeFiles/turtlebot3_node_lib.dir/src/sensors/imu.cpp.o[0m
[1.752s] [ 64%] [32mBuilding CXX object CMakeFiles/turtlebot3_node_lib.dir/src/turtlebot3.cpp.o[0m
[1.754s] [ 71%] [32mBuilding CXX object CMakeFiles/turtlebot3_node_lib.dir/src/sensors/joint_state.cpp.o[0m
[1.757s] [ 64%] [32mBuilding CXX object CMakeFiles/turtlebot3_node_lib.dir/src/sensors/battery_state.cpp.o[0m
[1.763s] [ 78%] [32mBuilding CXX object CMakeFiles/turtlebot3_node_lib.dir/src/sensors/sensor_state.cpp.o[0m
[17.208s] [ 85%] [32m[1mLinking CXX static library libturtlebot3_node_lib.a[0m
[18.265s] [ 85%] Built target turtlebot3_node_lib
[18.284s] [ 92%] [32mBuilding CXX object CMakeFiles/turtlebot3_ros.dir/src/node_main.cpp.o[0m
[20.516s] [100%] [32m[1mLinking CXX executable turtlebot3_ros[0m
[21.905s] [100%] Built target turtlebot3_ros
[21.915s] Invoked command in '/home/anaskh007/Anasros2_ws/build/turtlebot3_node' returned '0': CMAKE_PREFIX_PATH=/home/anaskh007/Anasros2_ws/install/turtlebot3_msgs:/home/anaskh007/Anasros2_ws/install/dynamixel_sdk:/home/anaskh007/Anasros2_ws/install/turtlebot3:/home/anaskh007/Anasros2_ws/install/turtlebot3_simulations:/home/anaskh007/Anasros2_ws/install/turtlebot3_bringup:/home/anaskh007/Anasros2_ws/install/turtlebot3_node:/home/anaskh007/Anasros2_ws/install/turtlebot3_navigation2:/home/anaskh007/Anasros2_ws/install/turtlebot3_fake_node:/home/anaskh007/Anasros2_ws/install/turtlebot3_manipulation_gazebo:/home/anaskh007/Anasros2_ws/install/turtlebot3_gazebo:/home/anaskh007/Anasros2_ws/install/turtlebot3_description:/home/anaskh007/Anasros2_ws/install/turtlebot3_cartographer:/home/anaskh007/Anasros2_ws/install/dynamixel_sdk_examples:/home/anaskh007/Anasros2_ws/install/dynamixel_sdk_custom_interfaces:/home/anaskh007/Anasros2_ws/install/turtlebot3_teleop:/home/anaskh007/Anasros2_ws/install/turtlebot3_example:/home/anaskh007/Anasros2_ws/install/dual_robot_nav:/home/anaskh007/Anasros2_ws/install/pub_sub_ex:/home/anaskh007/Anasros2_ws/install/mission_planner:/opt/ros/humble LD_LIBRARY_PATH=/home/anaskh007/Anasros2_ws/install/turtlebot3_msgs/lib:/home/anaskh007/Anasros2_ws/install/dynamixel_sdk/lib:/home/anaskh007/Anasros2_ws/install/dynamixel_sdk_custom_interfaces/lib:/usr/lib/x86_64-linux-gnu/gazebo-11/plugins:/opt/ros/humble/opt/rviz_ogre_vendor/lib:/opt/ros/humble/lib/x86_64-linux-gnu:/opt/ros/humble/lib:/usr/lib/x86_64-linux-gnu/gazebo-11/plugins /usr/bin/cmake --build /home/anaskh007/Anasros2_ws/build/turtlebot3_node -- -j16 -l16
[21.917s] Invoking command in '/home/anaskh007/Anasros2_ws/build/turtlebot3_node': CMAKE_PREFIX_PATH=/home/anaskh007/Anasros2_ws/install/turtlebot3_msgs:/home/anaskh007/Anasros2_ws/install/dynamixel_sdk:/home/anaskh007/Anasros2_ws/install/turtlebot3:/home/anaskh007/Anasros2_ws/install/turtlebot3_simulations:/home/anaskh007/Anasros2_ws/install/turtlebot3_bringup:/home/anaskh007/Anasros2_ws/install/turtlebot3_node:/home/anaskh007/Anasros2_ws/install/turtlebot3_navigation2:/home/anaskh007/Anasros2_ws/install/turtlebot3_fake_node:/home/anaskh007/Anasros2_ws/install/turtlebot3_manipulation_gazebo:/home/anaskh007/Anasros2_ws/install/turtlebot3_gazebo:/home/anaskh007/Anasros2_ws/install/turtlebot3_description:/home/anaskh007/Anasros2_ws/install/turtlebot3_cartographer:/home/anaskh007/Anasros2_ws/install/dynamixel_sdk_examples:/home/anaskh007/Anasros2_ws/install/dynamixel_sdk_custom_interfaces:/home/anaskh007/Anasros2_ws/install/turtlebot3_teleop:/home/anaskh007/Anasros2_ws/install/turtlebot3_example:/home/anaskh007/Anasros2_ws/install/dual_robot_nav:/home/anaskh007/Anasros2_ws/install/pub_sub_ex:/home/anaskh007/Anasros2_ws/install/mission_planner:/opt/ros/humble LD_LIBRARY_PATH=/home/anaskh007/Anasros2_ws/install/turtlebot3_msgs/lib:/home/anaskh007/Anasros2_ws/install/dynamixel_sdk/lib:/home/anaskh007/Anasros2_ws/install/dynamixel_sdk_custom_interfaces/lib:/usr/lib/x86_64-linux-gnu/gazebo-11/plugins:/opt/ros/humble/opt/rviz_ogre_vendor/lib:/opt/ros/humble/lib/x86_64-linux-gnu:/opt/ros/humble/lib:/usr/lib/x86_64-linux-gnu/gazebo-11/plugins /usr/bin/cmake --install /home/anaskh007/Anasros2_ws/build/turtlebot3_node
[21.922s] -- Install configuration: ""
[21.922s] -- Execute custom install script
[21.922s] -- Symlinking: /home/anaskh007/Anasros2_ws/install/turtlebot3_node/share/turtlebot3_node/param/burger.yaml
[21.930s] -- Symlinking: /home/anaskh007/Anasros2_ws/install/turtlebot3_node/share/turtlebot3_node/param/waffle.yaml
[21.936s] -- Symlinking: /home/anaskh007/Anasros2_ws/install/turtlebot3_node/share/turtlebot3_node/param/waffle_pi.yaml
[21.944s] -- Symlinking: /home/anaskh007/Anasros2_ws/install/turtlebot3_node/lib/turtlebot3_node/turtlebot3_ros
[21.951s] -- Symlinking: /home/anaskh007/Anasros2_ws/install/turtlebot3_node/share/ament_index/resource_index/package_run_dependencies/turtlebot3_node
[21.958s] -- Symlinking: /home/anaskh007/Anasros2_ws/install/turtlebot3_node/share/ament_index/resource_index/parent_prefix_path/turtlebot3_node
[21.966s] -- Symlinking: /home/anaskh007/Anasros2_ws/install/turtlebot3_node/share/turtlebot3_node/environment/ament_prefix_path.sh
[21.971s] -- Symlinking: /home/anaskh007/Anasros2_ws/install/turtlebot3_node/share/turtlebot3_node/environment/ament_prefix_path.dsv
[21.979s] -- Symlinking: /home/anaskh007/Anasros2_ws/install/turtlebot3_node/share/turtlebot3_node/environment/path.sh
[21.985s] -- Symlinking: /home/anaskh007/Anasros2_ws/install/turtlebot3_node/share/turtlebot3_node/environment/path.dsv
[21.993s] -- Symlinking: /home/anaskh007/Anasros2_ws/install/turtlebot3_node/share/turtlebot3_node/local_setup.bash
[22.000s] -- Symlinking: /home/anaskh007/Anasros2_ws/install/turtlebot3_node/share/turtlebot3_node/local_setup.sh
[22.008s] -- Symlinking: /home/anaskh007/Anasros2_ws/install/turtlebot3_node/share/turtlebot3_node/local_setup.zsh
[22.014s] -- Symlinking: /home/anaskh007/Anasros2_ws/install/turtlebot3_node/share/turtlebot3_node/local_setup.dsv
[22.020s] -- Symlinking: /home/anaskh007/Anasros2_ws/install/turtlebot3_node/share/turtlebot3_node/package.dsv
[22.028s] -- Symlinking: /home/anaskh007/Anasros2_ws/install/turtlebot3_node/share/ament_index/resource_index/packages/turtlebot3_node
[22.036s] -- Symlinking: /home/anaskh007/Anasros2_ws/install/turtlebot3_node/share/turtlebot3_node/cmake/ament_cmake_export_dependencies-extras.cmake
[22.044s] -- Symlinking: /home/anaskh007/Anasros2_ws/install/turtlebot3_node/share/turtlebot3_node/cmake/ament_cmake_export_include_directories-extras.cmake
[22.052s] -- Symlinking: /home/anaskh007/Anasros2_ws/install/turtlebot3_node/share/turtlebot3_node/cmake/turtlebot3_nodeConfig.cmake
[22.061s] -- Symlinking: /home/anaskh007/Anasros2_ws/install/turtlebot3_node/share/turtlebot3_node/cmake/turtlebot3_nodeConfig-version.cmake
[22.069s] -- Symlinking: /home/anaskh007/Anasros2_ws/install/turtlebot3_node/share/turtlebot3_node/package.xml
[22.078s] Invoked command in '/home/anaskh007/Anasros2_ws/build/turtlebot3_node' returned '0': CMAKE_PREFIX_PATH=/home/anaskh007/Anasros2_ws/install/turtlebot3_msgs:/home/anaskh007/Anasros2_ws/install/dynamixel_sdk:/home/anaskh007/Anasros2_ws/install/turtlebot3:/home/anaskh007/Anasros2_ws/install/turtlebot3_simulations:/home/anaskh007/Anasros2_ws/install/turtlebot3_bringup:/home/anaskh007/Anasros2_ws/install/turtlebot3_node:/home/anaskh007/Anasros2_ws/install/turtlebot3_navigation2:/home/anaskh007/Anasros2_ws/install/turtlebot3_fake_node:/home/anaskh007/Anasros2_ws/install/turtlebot3_manipulation_gazebo:/home/anaskh007/Anasros2_ws/install/turtlebot3_gazebo:/home/anaskh007/Anasros2_ws/install/turtlebot3_description:/home/anaskh007/Anasros2_ws/install/turtlebot3_cartographer:/home/anaskh007/Anasros2_ws/install/dynamixel_sdk_examples:/home/anaskh007/Anasros2_ws/install/dynamixel_sdk_custom_interfaces:/home/anaskh007/Anasros2_ws/install/turtlebot3_teleop:/home/anaskh007/Anasros2_ws/install/turtlebot3_example:/home/anaskh007/Anasros2_ws/install/dual_robot_nav:/home/anaskh007/Anasros2_ws/install/pub_sub_ex:/home/anaskh007/Anasros2_ws/install/mission_planner:/opt/ros/humble LD_LIBRARY_PATH=/home/anaskh007/Anasros2_ws/install/turtlebot3_msgs/lib:/home/anaskh007/Anasros2_ws/install/dynamixel_sdk/lib:/home/anaskh007/Anasros2_ws/install/dynamixel_sdk_custom_interfaces/lib:/usr/lib/x86_64-linux-gnu/gazebo-11/plugins:/opt/ros/humble/opt/rviz_ogre_vendor/lib:/opt/ros/humble/lib/x86_64-linux-gnu:/opt/ros/humble/lib:/usr/lib/x86_64-linux-gnu/gazebo-11/plugins /usr/bin/cmake --install /home/anaskh007/Anasros2_ws/build/turtlebot3_node
