[1.333s] Invoking command in '/home/anaskh007/Anasros2_ws/build/mission_planner': PYTHONPATH=/home/anaskh007/Anasros2_ws/build/mission_planner/prefix_override:/usr/lib/python3/dist-packages/colcon_core/task/python/colcon_distutils_commands:/home/anaskh007/Anasros2_ws/install/mission_planner/lib/python3.10/site-packages:${PYTHONPATH} /usr/bin/python3 -W ignore:setup.py install is deprecated -W ignore:easy_install command is deprecated setup.py develop --editable --build-directory /home/anaskh007/Anasros2_ws/build/mission_planner/build --no-deps symlink_data
[1.588s] running develop
[1.705s] running egg_info
[1.705s] writing mission_planner.egg-info/PKG-INFO
[1.706s] writing dependency_links to mission_planner.egg-info/dependency_links.txt
[1.706s] writing entry points to mission_planner.egg-info/entry_points.txt
[1.706s] writing requirements to mission_planner.egg-info/requires.txt
[1.706s] writing top-level names to mission_planner.egg-info/top_level.txt
[1.708s] reading manifest file 'mission_planner.egg-info/SOURCES.txt'
[1.708s] writing manifest file 'mission_planner.egg-info/SOURCES.txt'
[1.710s] running build_ext
[1.710s] Creating /home/anaskh007/Anasros2_ws/install/mission_planner/lib/python3.10/site-packages/mission-planner.egg-link (link to .)
[1.711s] Installing dual_robot_commander_fms2 script to /home/anaskh007/Anasros2_ws/install/mission_planner/lib/mission_planner
[1.711s] Installing single_robot_nav script to /home/anaskh007/Anasros2_ws/install/mission_planner/lib/mission_planner
[1.711s] Installing single_robot_nav_fms2 script to /home/anaskh007/Anasros2_ws/install/mission_planner/lib/mission_planner
[1.711s] Installing trial script to /home/anaskh007/Anasros2_ws/install/mission_planner/lib/mission_planner
[1.711s] 
[1.711s] Installed /home/anaskh007/Anasros2_ws/build/mission_planner
[1.711s] running symlink_data
[1.736s] Invoked command in '/home/anaskh007/Anasros2_ws/build/mission_planner' returned '0': PYTHONPATH=/home/anaskh007/Anasros2_ws/build/mission_planner/prefix_override:/usr/lib/python3/dist-packages/colcon_core/task/python/colcon_distutils_commands:/home/anaskh007/Anasros2_ws/install/mission_planner/lib/python3.10/site-packages:${PYTHONPATH} /usr/bin/python3 -W ignore:setup.py install is deprecated -W ignore:easy_install command is deprecated setup.py develop --editable --build-directory /home/anaskh007/Anasros2_ws/build/mission_planner/build --no-deps symlink_data
