[0.032s] Invoking command in '/home/anaskh007/Anasros2_ws/build/turtlebot3_cartographer': CMAKE_PREFIX_PATH=${CMAKE_PREFIX_PATH}:/home/anaskh007/Anasros2_ws/install/turtlebot3_teleop:/home/anaskh007/Anasros2_ws/install/turtlebot3_example:/home/anaskh007/Anasros2_ws/install/dual_robot_nav:/home/anaskh007/Anasros2_ws/install/pub_sub_ex:/home/anaskh007/Anasros2_ws/install/mission_planner:/opt/ros/humble /usr/bin/cmake --build /home/anaskh007/Anasros2_ws/build/turtlebot3_cartographer -- -j16 -l16
[0.723s] Invoked command in '/home/anaskh007/Anasros2_ws/build/turtlebot3_cartographer' returned '0': CMAKE_PREFIX_PATH=${CMAKE_PREFIX_PATH}:/home/anaskh007/Anasros2_ws/install/turtlebot3_teleop:/home/anaskh007/Anasros2_ws/install/turtlebot3_example:/home/anaskh007/Anasros2_ws/install/dual_robot_nav:/home/anaskh007/Anasros2_ws/install/pub_sub_ex:/home/anaskh007/Anasros2_ws/install/mission_planner:/opt/ros/humble /usr/bin/cmake --build /home/anaskh007/Anasros2_ws/build/turtlebot3_cartographer -- -j16 -l16
[0.724s] Invoking command in '/home/anaskh007/Anasros2_ws/build/turtlebot3_cartographer': CMAKE_PREFIX_PATH=${CMAKE_PREFIX_PATH}:/home/anaskh007/Anasros2_ws/install/turtlebot3_teleop:/home/anaskh007/Anasros2_ws/install/turtlebot3_example:/home/anaskh007/Anasros2_ws/install/dual_robot_nav:/home/anaskh007/Anasros2_ws/install/pub_sub_ex:/home/anaskh007/Anasros2_ws/install/mission_planner:/opt/ros/humble /usr/bin/cmake --install /home/anaskh007/Anasros2_ws/build/turtlebot3_cartographer
[0.752s] -- Install configuration: ""
[0.753s] -- Execute custom install script
[0.754s] -- Up-to-date symlink: /home/anaskh007/Anasros2_ws/install/turtlebot3_cartographer/share/turtlebot3_cartographer/config/turtlebot3_lds_2d.lua
[0.754s] -- Up-to-date symlink: /home/anaskh007/Anasros2_ws/install/turtlebot3_cartographer/share/turtlebot3_cartographer/launch/cartographer.launch.py
[0.754s] -- Up-to-date symlink: /home/anaskh007/Anasros2_ws/install/turtlebot3_cartographer/share/turtlebot3_cartographer/launch/occupancy_grid.launch.py
[0.755s] -- Up-to-date symlink: /home/anaskh007/Anasros2_ws/install/turtlebot3_cartographer/share/turtlebot3_cartographer/rviz/tb3_cartographer.rviz
[0.755s] -- Up-to-date symlink: /home/anaskh007/Anasros2_ws/install/turtlebot3_cartographer/share/ament_index/resource_index/package_run_dependencies/turtlebot3_cartographer
[0.755s] -- Up-to-date symlink: /home/anaskh007/Anasros2_ws/install/turtlebot3_cartographer/share/ament_index/resource_index/parent_prefix_path/turtlebot3_cartographer
[0.756s] -- Up-to-date symlink: /home/anaskh007/Anasros2_ws/install/turtlebot3_cartographer/share/turtlebot3_cartographer/environment/ament_prefix_path.sh
[0.756s] -- Up-to-date symlink: /home/anaskh007/Anasros2_ws/install/turtlebot3_cartographer/share/turtlebot3_cartographer/environment/ament_prefix_path.dsv
[0.756s] -- Up-to-date symlink: /home/anaskh007/Anasros2_ws/install/turtlebot3_cartographer/share/turtlebot3_cartographer/environment/path.sh
[0.756s] -- Up-to-date symlink: /home/anaskh007/Anasros2_ws/install/turtlebot3_cartographer/share/turtlebot3_cartographer/environment/path.dsv
[0.756s] -- Up-to-date symlink: /home/anaskh007/Anasros2_ws/install/turtlebot3_cartographer/share/turtlebot3_cartographer/local_setup.bash
[0.756s] -- Up-to-date symlink: /home/anaskh007/Anasros2_ws/install/turtlebot3_cartographer/share/turtlebot3_cartographer/local_setup.sh
[0.756s] -- Up-to-date symlink: /home/anaskh007/Anasros2_ws/install/turtlebot3_cartographer/share/turtlebot3_cartographer/local_setup.zsh
[0.756s] -- Up-to-date symlink: /home/anaskh007/Anasros2_ws/install/turtlebot3_cartographer/share/turtlebot3_cartographer/local_setup.dsv
[0.756s] -- Symlinking: /home/anaskh007/Anasros2_ws/install/turtlebot3_cartographer/share/turtlebot3_cartographer/package.dsv
[0.781s] -- Up-to-date symlink: /home/anaskh007/Anasros2_ws/install/turtlebot3_cartographer/share/ament_index/resource_index/packages/turtlebot3_cartographer
[0.781s] -- Up-to-date symlink: /home/anaskh007/Anasros2_ws/install/turtlebot3_cartographer/share/turtlebot3_cartographer/cmake/turtlebot3_cartographerConfig.cmake
[0.781s] -- Up-to-date symlink: /home/anaskh007/Anasros2_ws/install/turtlebot3_cartographer/share/turtlebot3_cartographer/cmake/turtlebot3_cartographerConfig-version.cmake
[0.783s] -- Up-to-date symlink: /home/anaskh007/Anasros2_ws/install/turtlebot3_cartographer/share/turtlebot3_cartographer/package.xml
[0.843s] Invoked command in '/home/anaskh007/Anasros2_ws/build/turtlebot3_cartographer' returned '0': CMAKE_PREFIX_PATH=${CMAKE_PREFIX_PATH}:/home/anaskh007/Anasros2_ws/install/turtlebot3_teleop:/home/anaskh007/Anasros2_ws/install/turtlebot3_example:/home/anaskh007/Anasros2_ws/install/dual_robot_nav:/home/anaskh007/Anasros2_ws/install/pub_sub_ex:/home/anaskh007/Anasros2_ws/install/mission_planner:/opt/ros/humble /usr/bin/cmake --install /home/anaskh007/Anasros2_ws/build/turtlebot3_cartographer
