running develop
running egg_info
creating mission_planner.egg-info
writing mission_planner.egg-info/PKG-INFO
writing dependency_links to mission_planner.egg-info/dependency_links.txt
writing entry points to mission_planner.egg-info/entry_points.txt
writing requirements to mission_planner.egg-info/requires.txt
writing top-level names to mission_planner.egg-info/top_level.txt
writing manifest file 'mission_planner.egg-info/SOURCES.txt'
reading manifest file 'mission_planner.egg-info/SOURCES.txt'
writing manifest file 'mission_planner.egg-info/SOURCES.txt'
running build_ext
Creating /home/anaskh007/Anasros2_ws/install/mission_planner/lib/python3.10/site-packages/mission-planner.egg-link (link to .)
Installing dual_robot_commander_fms2 script to /home/anaskh007/Anasros2_ws/install/mission_planner/lib/mission_planner
Installing single_robot_nav script to /home/anaskh007/Anasros2_ws/install/mission_planner/lib/mission_planner
Installing single_robot_nav_fms2 script to /home/anaskh007/Anasros2_ws/install/mission_planner/lib/mission_planner
Installing trial script to /home/anaskh007/Anasros2_ws/install/mission_planner/lib/mission_planner

Installed /home/anaskh007/Anasros2_ws/build/mission_planner
running symlink_data
creating /home/anaskh007/Anasros2_ws/install/mission_planner/share/ament_index
creating /home/anaskh007/Anasros2_ws/install/mission_planner/share/ament_index/resource_index
creating /home/anaskh007/Anasros2_ws/install/mission_planner/share/ament_index/resource_index/packages
symbolically linking /home/anaskh007/Anasros2_ws/build/mission_planner/resource/mission_planner -> /home/anaskh007/Anasros2_ws/install/mission_planner/share/ament_index/resource_index/packages
symbolically linking /home/anaskh007/Anasros2_ws/build/mission_planner/package.xml -> /home/anaskh007/Anasros2_ws/install/mission_planner/share/mission_planner
