running develop
running egg_info
creating dual_robot_nav.egg-info
writing dual_robot_nav.egg-info/PKG-INFO
writing dependency_links to dual_robot_nav.egg-info/dependency_links.txt
writing entry points to dual_robot_nav.egg-info/entry_points.txt
writing requirements to dual_robot_nav.egg-info/requires.txt
writing top-level names to dual_robot_nav.egg-info/top_level.txt
writing manifest file 'dual_robot_nav.egg-info/SOURCES.txt'
reading manifest file 'dual_robot_nav.egg-info/SOURCES.txt'
writing manifest file 'dual_robot_nav.egg-info/SOURCES.txt'
running build_ext
Creating /home/anaskh007/Anasros2_ws/install/dual_robot_nav/lib/python3.10/site-packages/dual-robot-nav.egg-link (link to .)
Installing fms_smart_nav script to /home/anaskh007/Anasros2_ws/install/dual_robot_nav/lib/dual_robot_nav
Installing single_nav_goal script to /home/anaskh007/Anasros2_ws/install/dual_robot_nav/lib/dual_robot_nav

Installed /home/anaskh007/Anasros2_ws/build/dual_robot_nav
running symlink_data
creating /home/anaskh007/Anasros2_ws/install/dual_robot_nav/share/ament_index
creating /home/anaskh007/Anasros2_ws/install/dual_robot_nav/share/ament_index/resource_index
creating /home/anaskh007/Anasros2_ws/install/dual_robot_nav/share/ament_index/resource_index/packages
symbolically linking /home/anaskh007/Anasros2_ws/build/dual_robot_nav/resource/dual_robot_nav -> /home/anaskh007/Anasros2_ws/install/dual_robot_nav/share/ament_index/resource_index/packages
symbolically linking /home/anaskh007/Anasros2_ws/build/dual_robot_nav/package.xml -> /home/anaskh007/Anasros2_ws/install/dual_robot_nav/share/dual_robot_nav
creating /home/anaskh007/Anasros2_ws/install/dual_robot_nav/share/dual_robot_nav/launch
symbolically linking /home/anaskh007/Anasros2_ws/build/dual_robot_nav/launch/fms4_complete.launch.py -> /home/anaskh007/Anasros2_ws/install/dual_robot_nav/share/dual_robot_nav/launch
symbolically linking /home/anaskh007/Anasros2_ws/build/dual_robot_nav/launch/four_world.launch.py -> /home/anaskh007/Anasros2_ws/install/dual_robot_nav/share/dual_robot_nav/launch
symbolically linking /home/anaskh007/Anasros2_ws/build/dual_robot_nav/launch/dual_robot_navigation.launch.py -> /home/anaskh007/Anasros2_ws/install/dual_robot_nav/share/dual_robot_nav/launch
symbolically linking /home/anaskh007/Anasros2_ws/build/dual_robot_nav/launch/fms3_complete.launch.py -> /home/anaskh007/Anasros2_ws/install/dual_robot_nav/share/dual_robot_nav/launch
symbolically linking /home/anaskh007/Anasros2_ws/build/dual_robot_nav/launch/fms_complete.launch.py -> /home/anaskh007/Anasros2_ws/install/dual_robot_nav/share/dual_robot_nav/launch
symbolically linking /home/anaskh007/Anasros2_ws/build/dual_robot_nav/launch/fms2_complete.launch.py -> /home/anaskh007/Anasros2_ws/install/dual_robot_nav/share/dual_robot_nav/launch
creating /home/anaskh007/Anasros2_ws/install/dual_robot_nav/share/dual_robot_nav/worlds
symbolically linking /home/anaskh007/Anasros2_ws/build/dual_robot_nav/worlds/fms_layout4.world -> /home/anaskh007/Anasros2_ws/install/dual_robot_nav/share/dual_robot_nav/worlds
symbolically linking /home/anaskh007/Anasros2_ws/build/dual_robot_nav/worlds/fms_layout2.world -> /home/anaskh007/Anasros2_ws/install/dual_robot_nav/share/dual_robot_nav/worlds
symbolically linking /home/anaskh007/Anasros2_ws/build/dual_robot_nav/worlds/fms_layout1.world -> /home/anaskh007/Anasros2_ws/install/dual_robot_nav/share/dual_robot_nav/worlds
symbolically linking /home/anaskh007/Anasros2_ws/build/dual_robot_nav/worlds/fms_layout3.world -> /home/anaskh007/Anasros2_ws/install/dual_robot_nav/share/dual_robot_nav/worlds
creating /home/anaskh007/Anasros2_ws/install/dual_robot_nav/share/dual_robot_nav/maps
symbolically linking /home/anaskh007/Anasros2_ws/build/dual_robot_nav/maps/fms_layout4.pgm -> /home/anaskh007/Anasros2_ws/install/dual_robot_nav/share/dual_robot_nav/maps
symbolically linking /home/anaskh007/Anasros2_ws/build/dual_robot_nav/maps/fms_layout4.yaml -> /home/anaskh007/Anasros2_ws/install/dual_robot_nav/share/dual_robot_nav/maps
symbolically linking /home/anaskh007/Anasros2_ws/build/dual_robot_nav/maps/fms_layout2.pgm -> /home/anaskh007/Anasros2_ws/install/dual_robot_nav/share/dual_robot_nav/maps
symbolically linking /home/anaskh007/Anasros2_ws/build/dual_robot_nav/maps/fms_layout1.yaml -> /home/anaskh007/Anasros2_ws/install/dual_robot_nav/share/dual_robot_nav/maps
symbolically linking /home/anaskh007/Anasros2_ws/build/dual_robot_nav/maps/fms_layout3.pgm -> /home/anaskh007/Anasros2_ws/install/dual_robot_nav/share/dual_robot_nav/maps
symbolically linking /home/anaskh007/Anasros2_ws/build/dual_robot_nav/maps/fms_layout2.yaml -> /home/anaskh007/Anasros2_ws/install/dual_robot_nav/share/dual_robot_nav/maps
symbolically linking /home/anaskh007/Anasros2_ws/build/dual_robot_nav/maps/fms_layout3.yaml -> /home/anaskh007/Anasros2_ws/install/dual_robot_nav/share/dual_robot_nav/maps
symbolically linking /home/anaskh007/Anasros2_ws/build/dual_robot_nav/maps/fms_layout1.pgm -> /home/anaskh007/Anasros2_ws/install/dual_robot_nav/share/dual_robot_nav/maps
