[0.431s] Invoking command in '/home/anaskh007/Anasros2_ws/build/turtlebot3_fake_node': CMAKE_PREFIX_PATH=/home/anaskh007/Anasros2_ws/install/turtlebot3_msgs:/home/anaskh007/Anasros2_ws/install/turtlebot3:/home/anaskh007/Anasros2_ws/install/turtlebot3_simulations:/home/anaskh007/Anasros2_ws/install/turtlebot3_bringup:/home/anaskh007/Anasros2_ws/install/turtlebot3_node:/home/anaskh007/Anasros2_ws/install/turtlebot3_navigation2:/home/anaskh007/Anasros2_ws/install/turtlebot3_fake_node:/home/anaskh007/Anasros2_ws/install/turtlebot3_manipulation_gazebo:/home/anaskh007/Anasros2_ws/install/turtlebot3_gazebo:/home/anaskh007/Anasros2_ws/install/turtlebot3_description:/home/anaskh007/Anasros2_ws/install/turtlebot3_cartographer:/home/anaskh007/Anasros2_ws/install/dynamixel_sdk_examples:/home/anaskh007/Anasros2_ws/install/dynamixel_sdk_custom_interfaces:/home/anaskh007/Anasros2_ws/install/dynamixel_sdk:/home/anaskh007/Anasros2_ws/install/turtlebot3_teleop:/home/anaskh007/Anasros2_ws/install/turtlebot3_example:/home/anaskh007/Anasros2_ws/install/dual_robot_nav:/home/anaskh007/Anasros2_ws/install/pub_sub_ex:/home/anaskh007/Anasros2_ws/install/mission_planner:/opt/ros/humble LD_LIBRARY_PATH=/home/anaskh007/Anasros2_ws/install/turtlebot3_msgs/lib:/home/anaskh007/Anasros2_ws/install/dynamixel_sdk_custom_interfaces/lib:/home/anaskh007/Anasros2_ws/install/dynamixel_sdk/lib:/usr/lib/x86_64-linux-gnu/gazebo-11/plugins:/opt/ros/humble/opt/rviz_ogre_vendor/lib:/opt/ros/humble/lib/x86_64-linux-gnu:/opt/ros/humble/lib:/usr/lib/x86_64-linux-gnu/gazebo-11/plugins /usr/bin/cmake /home/anaskh007/Anasros2_ws/src/turtlebot3_simulations/turtlebot3_fake_node -DAMENT_CMAKE_SYMLINK_INSTALL=1 -DCMAKE_INSTALL_PREFIX=/home/anaskh007/Anasros2_ws/install/turtlebot3_fake_node
[0.506s] -- The C compiler identification is GNU 11.4.0
[0.577s] -- The CXX compiler identification is GNU 11.4.0
[0.587s] -- Detecting C compiler ABI info
[0.672s] -- Detecting C compiler ABI info - done
[0.686s] -- Check for working C compiler: /usr/bin/cc - skipped
[0.686s] -- Detecting C compile features
[0.686s] -- Detecting C compile features - done
[0.690s] -- Detecting CXX compiler ABI info
[0.772s] -- Detecting CXX compiler ABI info - done
[0.783s] -- Check for working CXX compiler: /usr/bin/c++ - skipped
[0.784s] -- Detecting CXX compile features
[0.784s] -- Detecting CXX compile features - done
[0.789s] -- Found ament_cmake: 1.3.12 (/opt/ros/humble/share/ament_cmake/cmake)
[0.955s] -- Found Python3: /usr/bin/python3 (found version "3.10.12") found components: Interpreter 
[1.061s] -- Override CMake install command with custom implementation using symlinks instead of copying resources
[1.115s] -- Found geometry_msgs: 4.9.0 (/opt/ros/humble/share/geometry_msgs/cmake)
[1.174s] -- Found rosidl_generator_c: 3.1.7 (/opt/ros/humble/share/rosidl_generator_c/cmake)
[1.180s] -- Found rosidl_adapter: 3.1.7 (/opt/ros/humble/share/rosidl_adapter/cmake)
[1.192s] -- Found rosidl_generator_cpp: 3.1.7 (/opt/ros/humble/share/rosidl_generator_cpp/cmake)
[1.203s] -- Using all available rosidl_typesupport_c: rosidl_typesupport_fastrtps_c;rosidl_typesupport_introspection_c
[1.220s] -- Using all available rosidl_typesupport_cpp: rosidl_typesupport_fastrtps_cpp;rosidl_typesupport_introspection_cpp
[1.258s] -- Found nav_msgs: 4.9.0 (/opt/ros/humble/share/nav_msgs/cmake)
[1.278s] -- Found rclcpp: 16.0.16 (/opt/ros/humble/share/rclcpp/cmake)
[1.339s] -- Found rmw_implementation_cmake: 6.1.2 (/opt/ros/humble/share/rmw_implementation_cmake/cmake)
[1.345s] -- Found rmw_cyclonedds_cpp: 1.3.4 (/opt/ros/humble/share/rmw_cyclonedds_cpp/cmake)
[1.385s] -- Using RMW implementation 'rmw_cyclonedds_cpp' as default
[1.397s] -- Looking for pthread.h
[1.510s] -- Looking for pthread.h - found
[1.511s] -- Performing Test CMAKE_HAVE_LIBC_PTHREAD
[1.615s] -- Performing Test CMAKE_HAVE_LIBC_PTHREAD - Success
[1.618s] -- Found Threads: TRUE  
[1.709s] -- Found sensor_msgs: 4.9.0 (/opt/ros/humble/share/sensor_msgs/cmake)
[1.753s] -- Found tf2: 0.25.17 (/opt/ros/humble/share/tf2/cmake)
[1.799s] -- Found tf2_msgs: 0.25.17 (/opt/ros/humble/share/tf2_msgs/cmake)
[1.952s] -- Found turtlebot3_msgs: 2.4.0 (/home/anaskh007/Anasros2_ws/install/turtlebot3_msgs/share/turtlebot3_msgs/cmake)
[2.284s] -- Configuring done
[2.339s] -- Generating done
[2.353s] -- Build files have been written to: /home/anaskh007/Anasros2_ws/build/turtlebot3_fake_node
[2.391s] Invoked command in '/home/anaskh007/Anasros2_ws/build/turtlebot3_fake_node' returned '0': CMAKE_PREFIX_PATH=/home/anaskh007/Anasros2_ws/install/turtlebot3_msgs:/home/anaskh007/Anasros2_ws/install/turtlebot3:/home/anaskh007/Anasros2_ws/install/turtlebot3_simulations:/home/anaskh007/Anasros2_ws/install/turtlebot3_bringup:/home/anaskh007/Anasros2_ws/install/turtlebot3_node:/home/anaskh007/Anasros2_ws/install/turtlebot3_navigation2:/home/anaskh007/Anasros2_ws/install/turtlebot3_fake_node:/home/anaskh007/Anasros2_ws/install/turtlebot3_manipulation_gazebo:/home/anaskh007/Anasros2_ws/install/turtlebot3_gazebo:/home/anaskh007/Anasros2_ws/install/turtlebot3_description:/home/anaskh007/Anasros2_ws/install/turtlebot3_cartographer:/home/anaskh007/Anasros2_ws/install/dynamixel_sdk_examples:/home/anaskh007/Anasros2_ws/install/dynamixel_sdk_custom_interfaces:/home/anaskh007/Anasros2_ws/install/dynamixel_sdk:/home/anaskh007/Anasros2_ws/install/turtlebot3_teleop:/home/anaskh007/Anasros2_ws/install/turtlebot3_example:/home/anaskh007/Anasros2_ws/install/dual_robot_nav:/home/anaskh007/Anasros2_ws/install/pub_sub_ex:/home/anaskh007/Anasros2_ws/install/mission_planner:/opt/ros/humble LD_LIBRARY_PATH=/home/anaskh007/Anasros2_ws/install/turtlebot3_msgs/lib:/home/anaskh007/Anasros2_ws/install/dynamixel_sdk_custom_interfaces/lib:/home/anaskh007/Anasros2_ws/install/dynamixel_sdk/lib:/usr/lib/x86_64-linux-gnu/gazebo-11/plugins:/opt/ros/humble/opt/rviz_ogre_vendor/lib:/opt/ros/humble/lib/x86_64-linux-gnu:/opt/ros/humble/lib:/usr/lib/x86_64-linux-gnu/gazebo-11/plugins /usr/bin/cmake /home/anaskh007/Anasros2_ws/src/turtlebot3_simulations/turtlebot3_fake_node -DAMENT_CMAKE_SYMLINK_INSTALL=1 -DCMAKE_INSTALL_PREFIX=/home/anaskh007/Anasros2_ws/install/turtlebot3_fake_node
[2.399s] Invoking command in '/home/anaskh007/Anasros2_ws/build/turtlebot3_fake_node': CMAKE_PREFIX_PATH=/home/anaskh007/Anasros2_ws/install/turtlebot3_msgs:/home/anaskh007/Anasros2_ws/install/turtlebot3:/home/anaskh007/Anasros2_ws/install/turtlebot3_simulations:/home/anaskh007/Anasros2_ws/install/turtlebot3_bringup:/home/anaskh007/Anasros2_ws/install/turtlebot3_node:/home/anaskh007/Anasros2_ws/install/turtlebot3_navigation2:/home/anaskh007/Anasros2_ws/install/turtlebot3_fake_node:/home/anaskh007/Anasros2_ws/install/turtlebot3_manipulation_gazebo:/home/anaskh007/Anasros2_ws/install/turtlebot3_gazebo:/home/anaskh007/Anasros2_ws/install/turtlebot3_description:/home/anaskh007/Anasros2_ws/install/turtlebot3_cartographer:/home/anaskh007/Anasros2_ws/install/dynamixel_sdk_examples:/home/anaskh007/Anasros2_ws/install/dynamixel_sdk_custom_interfaces:/home/anaskh007/Anasros2_ws/install/dynamixel_sdk:/home/anaskh007/Anasros2_ws/install/turtlebot3_teleop:/home/anaskh007/Anasros2_ws/install/turtlebot3_example:/home/anaskh007/Anasros2_ws/install/dual_robot_nav:/home/anaskh007/Anasros2_ws/install/pub_sub_ex:/home/anaskh007/Anasros2_ws/install/mission_planner:/opt/ros/humble LD_LIBRARY_PATH=/home/anaskh007/Anasros2_ws/install/turtlebot3_msgs/lib:/home/anaskh007/Anasros2_ws/install/dynamixel_sdk_custom_interfaces/lib:/home/anaskh007/Anasros2_ws/install/dynamixel_sdk/lib:/usr/lib/x86_64-linux-gnu/gazebo-11/plugins:/opt/ros/humble/opt/rviz_ogre_vendor/lib:/opt/ros/humble/lib/x86_64-linux-gnu:/opt/ros/humble/lib:/usr/lib/x86_64-linux-gnu/gazebo-11/plugins /usr/bin/cmake --build /home/anaskh007/Anasros2_ws/build/turtlebot3_fake_node -- -j16 -l16
[2.562s] [ 50%] [32mBuilding CXX object CMakeFiles/turtlebot3_fake_node.dir/src/turtlebot3_fake_node.cpp.o[0m
[14.468s] [100%] [32m[1mLinking CXX executable turtlebot3_fake_node[0m
[14.865s] [100%] Built target turtlebot3_fake_node
[14.877s] Invoked command in '/home/anaskh007/Anasros2_ws/build/turtlebot3_fake_node' returned '0': CMAKE_PREFIX_PATH=/home/anaskh007/Anasros2_ws/install/turtlebot3_msgs:/home/anaskh007/Anasros2_ws/install/turtlebot3:/home/anaskh007/Anasros2_ws/install/turtlebot3_simulations:/home/anaskh007/Anasros2_ws/install/turtlebot3_bringup:/home/anaskh007/Anasros2_ws/install/turtlebot3_node:/home/anaskh007/Anasros2_ws/install/turtlebot3_navigation2:/home/anaskh007/Anasros2_ws/install/turtlebot3_fake_node:/home/anaskh007/Anasros2_ws/install/turtlebot3_manipulation_gazebo:/home/anaskh007/Anasros2_ws/install/turtlebot3_gazebo:/home/anaskh007/Anasros2_ws/install/turtlebot3_description:/home/anaskh007/Anasros2_ws/install/turtlebot3_cartographer:/home/anaskh007/Anasros2_ws/install/dynamixel_sdk_examples:/home/anaskh007/Anasros2_ws/install/dynamixel_sdk_custom_interfaces:/home/anaskh007/Anasros2_ws/install/dynamixel_sdk:/home/anaskh007/Anasros2_ws/install/turtlebot3_teleop:/home/anaskh007/Anasros2_ws/install/turtlebot3_example:/home/anaskh007/Anasros2_ws/install/dual_robot_nav:/home/anaskh007/Anasros2_ws/install/pub_sub_ex:/home/anaskh007/Anasros2_ws/install/mission_planner:/opt/ros/humble LD_LIBRARY_PATH=/home/anaskh007/Anasros2_ws/install/turtlebot3_msgs/lib:/home/anaskh007/Anasros2_ws/install/dynamixel_sdk_custom_interfaces/lib:/home/anaskh007/Anasros2_ws/install/dynamixel_sdk/lib:/usr/lib/x86_64-linux-gnu/gazebo-11/plugins:/opt/ros/humble/opt/rviz_ogre_vendor/lib:/opt/ros/humble/lib/x86_64-linux-gnu:/opt/ros/humble/lib:/usr/lib/x86_64-linux-gnu/gazebo-11/plugins /usr/bin/cmake --build /home/anaskh007/Anasros2_ws/build/turtlebot3_fake_node -- -j16 -l16
[14.878s] Invoking command in '/home/anaskh007/Anasros2_ws/build/turtlebot3_fake_node': CMAKE_PREFIX_PATH=/home/anaskh007/Anasros2_ws/install/turtlebot3_msgs:/home/anaskh007/Anasros2_ws/install/turtlebot3:/home/anaskh007/Anasros2_ws/install/turtlebot3_simulations:/home/anaskh007/Anasros2_ws/install/turtlebot3_bringup:/home/anaskh007/Anasros2_ws/install/turtlebot3_node:/home/anaskh007/Anasros2_ws/install/turtlebot3_navigation2:/home/anaskh007/Anasros2_ws/install/turtlebot3_fake_node:/home/anaskh007/Anasros2_ws/install/turtlebot3_manipulation_gazebo:/home/anaskh007/Anasros2_ws/install/turtlebot3_gazebo:/home/anaskh007/Anasros2_ws/install/turtlebot3_description:/home/anaskh007/Anasros2_ws/install/turtlebot3_cartographer:/home/anaskh007/Anasros2_ws/install/dynamixel_sdk_examples:/home/anaskh007/Anasros2_ws/install/dynamixel_sdk_custom_interfaces:/home/anaskh007/Anasros2_ws/install/dynamixel_sdk:/home/anaskh007/Anasros2_ws/install/turtlebot3_teleop:/home/anaskh007/Anasros2_ws/install/turtlebot3_example:/home/anaskh007/Anasros2_ws/install/dual_robot_nav:/home/anaskh007/Anasros2_ws/install/pub_sub_ex:/home/anaskh007/Anasros2_ws/install/mission_planner:/opt/ros/humble LD_LIBRARY_PATH=/home/anaskh007/Anasros2_ws/install/turtlebot3_msgs/lib:/home/anaskh007/Anasros2_ws/install/dynamixel_sdk_custom_interfaces/lib:/home/anaskh007/Anasros2_ws/install/dynamixel_sdk/lib:/usr/lib/x86_64-linux-gnu/gazebo-11/plugins:/opt/ros/humble/opt/rviz_ogre_vendor/lib:/opt/ros/humble/lib/x86_64-linux-gnu:/opt/ros/humble/lib:/usr/lib/x86_64-linux-gnu/gazebo-11/plugins /usr/bin/cmake --install /home/anaskh007/Anasros2_ws/build/turtlebot3_fake_node
[14.887s] -- Install configuration: ""
[14.888s] -- Execute custom install script
[14.888s] -- Symlinking: /home/anaskh007/Anasros2_ws/install/turtlebot3_fake_node/lib/turtlebot3_fake_node/turtlebot3_fake_node
[14.898s] -- Symlinking: /home/anaskh007/Anasros2_ws/install/turtlebot3_fake_node/share/turtlebot3_fake_node/launch/rviz2.launch.py
[14.907s] -- Symlinking: /home/anaskh007/Anasros2_ws/install/turtlebot3_fake_node/share/turtlebot3_fake_node/launch/turtlebot3_fake_node.launch.py
[14.914s] -- Symlinking: /home/anaskh007/Anasros2_ws/install/turtlebot3_fake_node/share/turtlebot3_fake_node/param/burger.yaml
[14.923s] -- Symlinking: /home/anaskh007/Anasros2_ws/install/turtlebot3_fake_node/share/turtlebot3_fake_node/param/waffle.yaml
[14.932s] -- Symlinking: /home/anaskh007/Anasros2_ws/install/turtlebot3_fake_node/share/turtlebot3_fake_node/param/waffle_pi.yaml
[14.941s] -- Symlinking: /home/anaskh007/Anasros2_ws/install/turtlebot3_fake_node/include//turtlebot3_fake_node/turtlebot3_fake_node.hpp
[14.950s] -- Symlinking: /home/anaskh007/Anasros2_ws/install/turtlebot3_fake_node/share/ament_index/resource_index/package_run_dependencies/turtlebot3_fake_node
[14.958s] -- Symlinking: /home/anaskh007/Anasros2_ws/install/turtlebot3_fake_node/share/ament_index/resource_index/parent_prefix_path/turtlebot3_fake_node
[14.967s] -- Symlinking: /home/anaskh007/Anasros2_ws/install/turtlebot3_fake_node/share/turtlebot3_fake_node/environment/ament_prefix_path.sh
[14.974s] -- Symlinking: /home/anaskh007/Anasros2_ws/install/turtlebot3_fake_node/share/turtlebot3_fake_node/environment/ament_prefix_path.dsv
[14.981s] -- Symlinking: /home/anaskh007/Anasros2_ws/install/turtlebot3_fake_node/share/turtlebot3_fake_node/environment/path.sh
[14.989s] -- Symlinking: /home/anaskh007/Anasros2_ws/install/turtlebot3_fake_node/share/turtlebot3_fake_node/environment/path.dsv
[14.998s] -- Symlinking: /home/anaskh007/Anasros2_ws/install/turtlebot3_fake_node/share/turtlebot3_fake_node/local_setup.bash
[15.005s] -- Symlinking: /home/anaskh007/Anasros2_ws/install/turtlebot3_fake_node/share/turtlebot3_fake_node/local_setup.sh
[15.013s] -- Symlinking: /home/anaskh007/Anasros2_ws/install/turtlebot3_fake_node/share/turtlebot3_fake_node/local_setup.zsh
[15.021s] -- Symlinking: /home/anaskh007/Anasros2_ws/install/turtlebot3_fake_node/share/turtlebot3_fake_node/local_setup.dsv
[15.031s] -- Symlinking: /home/anaskh007/Anasros2_ws/install/turtlebot3_fake_node/share/turtlebot3_fake_node/package.dsv
[15.038s] -- Symlinking: /home/anaskh007/Anasros2_ws/install/turtlebot3_fake_node/share/ament_index/resource_index/packages/turtlebot3_fake_node
[15.048s] -- Symlinking: /home/anaskh007/Anasros2_ws/install/turtlebot3_fake_node/share/turtlebot3_fake_node/cmake/ament_cmake_export_include_directories-extras.cmake
[15.055s] -- Symlinking: /home/anaskh007/Anasros2_ws/install/turtlebot3_fake_node/share/turtlebot3_fake_node/cmake/ament_cmake_export_dependencies-extras.cmake
[15.064s] -- Symlinking: /home/anaskh007/Anasros2_ws/install/turtlebot3_fake_node/share/turtlebot3_fake_node/cmake/turtlebot3_fake_nodeConfig.cmake
[15.070s] -- Symlinking: /home/anaskh007/Anasros2_ws/install/turtlebot3_fake_node/share/turtlebot3_fake_node/cmake/turtlebot3_fake_nodeConfig-version.cmake
[15.080s] -- Symlinking: /home/anaskh007/Anasros2_ws/install/turtlebot3_fake_node/share/turtlebot3_fake_node/package.xml
[15.091s] Invoked command in '/home/anaskh007/Anasros2_ws/build/turtlebot3_fake_node' returned '0': CMAKE_PREFIX_PATH=/home/anaskh007/Anasros2_ws/install/turtlebot3_msgs:/home/anaskh007/Anasros2_ws/install/turtlebot3:/home/anaskh007/Anasros2_ws/install/turtlebot3_simulations:/home/anaskh007/Anasros2_ws/install/turtlebot3_bringup:/home/anaskh007/Anasros2_ws/install/turtlebot3_node:/home/anaskh007/Anasros2_ws/install/turtlebot3_navigation2:/home/anaskh007/Anasros2_ws/install/turtlebot3_fake_node:/home/anaskh007/Anasros2_ws/install/turtlebot3_manipulation_gazebo:/home/anaskh007/Anasros2_ws/install/turtlebot3_gazebo:/home/anaskh007/Anasros2_ws/install/turtlebot3_description:/home/anaskh007/Anasros2_ws/install/turtlebot3_cartographer:/home/anaskh007/Anasros2_ws/install/dynamixel_sdk_examples:/home/anaskh007/Anasros2_ws/install/dynamixel_sdk_custom_interfaces:/home/anaskh007/Anasros2_ws/install/dynamixel_sdk:/home/anaskh007/Anasros2_ws/install/turtlebot3_teleop:/home/anaskh007/Anasros2_ws/install/turtlebot3_example:/home/anaskh007/Anasros2_ws/install/dual_robot_nav:/home/anaskh007/Anasros2_ws/install/pub_sub_ex:/home/anaskh007/Anasros2_ws/install/mission_planner:/opt/ros/humble LD_LIBRARY_PATH=/home/anaskh007/Anasros2_ws/install/turtlebot3_msgs/lib:/home/anaskh007/Anasros2_ws/install/dynamixel_sdk_custom_interfaces/lib:/home/anaskh007/Anasros2_ws/install/dynamixel_sdk/lib:/usr/lib/x86_64-linux-gnu/gazebo-11/plugins:/opt/ros/humble/opt/rviz_ogre_vendor/lib:/opt/ros/humble/lib/x86_64-linux-gnu:/opt/ros/humble/lib:/usr/lib/x86_64-linux-gnu/gazebo-11/plugins /usr/bin/cmake --install /home/anaskh007/Anasros2_ws/build/turtlebot3_fake_node
