[0.027s] Invoking command in '/home/anaskh007/Anasros2_ws/build/turtlebot3_description': CMAKE_PREFIX_PATH=${CMAKE_PREFIX_PATH}:/home/anaskh007/Anasros2_ws/install/turtlebot3_teleop:/home/anaskh007/Anasros2_ws/install/turtlebot3_example:/home/anaskh007/Anasros2_ws/install/dual_robot_nav:/home/anaskh007/Anasros2_ws/install/pub_sub_ex:/home/anaskh007/Anasros2_ws/install/mission_planner:/opt/ros/humble /usr/bin/cmake /home/anaskh007/Anasros2_ws/src/turtlebot3/turtlebot3_description -DAMENT_CMAKE_SYMLINK_INSTALL=1 -DCMAKE_INSTALL_PREFIX=/home/anaskh007/Anasros2_ws/install/turtlebot3_description
[0.709s] -- The C compiler identification is GNU 11.4.0
[0.709s] -- The CXX compiler identification is GNU 11.4.0
[0.710s] -- Detecting C compiler ABI info
[0.710s] -- Detecting C compiler ABI info - done
[0.710s] -- Check for working C compiler: /usr/bin/cc - skipped
[0.710s] -- Detecting C compile features
[0.710s] -- Detecting C compile features - done
[0.710s] -- Detecting CXX compiler ABI info
[0.710s] -- Detecting CXX compiler ABI info - done
[0.710s] -- Check for working CXX compiler: /usr/bin/c++ - skipped
[0.710s] -- Detecting CXX compile features
[0.710s] -- Detecting CXX compile features - done
[0.710s] -- Found ament_cmake: 1.3.12 (/opt/ros/humble/share/ament_cmake/cmake)
[0.710s] -- Found Python3: /usr/bin/python3 (found version "3.10.12") found components: Interpreter 
[0.710s] -- Override CMake install command with custom implementation using symlinks instead of copying resources
[0.710s] -- Found urdf: 2.6.1 (/opt/ros/humble/share/urdf/cmake)
[0.711s] -- Configuring done
[0.711s] -- Generating done
[0.711s] -- Build files have been written to: /home/anaskh007/Anasros2_ws/build/turtlebot3_description
[0.915s] Invoked command in '/home/anaskh007/Anasros2_ws/build/turtlebot3_description' returned '0': CMAKE_PREFIX_PATH=${CMAKE_PREFIX_PATH}:/home/anaskh007/Anasros2_ws/install/turtlebot3_teleop:/home/anaskh007/Anasros2_ws/install/turtlebot3_example:/home/anaskh007/Anasros2_ws/install/dual_robot_nav:/home/anaskh007/Anasros2_ws/install/pub_sub_ex:/home/anaskh007/Anasros2_ws/install/mission_planner:/opt/ros/humble /usr/bin/cmake /home/anaskh007/Anasros2_ws/src/turtlebot3/turtlebot3_description -DAMENT_CMAKE_SYMLINK_INSTALL=1 -DCMAKE_INSTALL_PREFIX=/home/anaskh007/Anasros2_ws/install/turtlebot3_description
[0.916s] Invoking command in '/home/anaskh007/Anasros2_ws/build/turtlebot3_description': CMAKE_PREFIX_PATH=${CMAKE_PREFIX_PATH}:/home/anaskh007/Anasros2_ws/install/turtlebot3_teleop:/home/anaskh007/Anasros2_ws/install/turtlebot3_example:/home/anaskh007/Anasros2_ws/install/dual_robot_nav:/home/anaskh007/Anasros2_ws/install/pub_sub_ex:/home/anaskh007/Anasros2_ws/install/mission_planner:/opt/ros/humble /usr/bin/cmake --build /home/anaskh007/Anasros2_ws/build/turtlebot3_description -- -j16 -l16
[0.976s] Invoked command in '/home/anaskh007/Anasros2_ws/build/turtlebot3_description' returned '0': CMAKE_PREFIX_PATH=${CMAKE_PREFIX_PATH}:/home/anaskh007/Anasros2_ws/install/turtlebot3_teleop:/home/anaskh007/Anasros2_ws/install/turtlebot3_example:/home/anaskh007/Anasros2_ws/install/dual_robot_nav:/home/anaskh007/Anasros2_ws/install/pub_sub_ex:/home/anaskh007/Anasros2_ws/install/mission_planner:/opt/ros/humble /usr/bin/cmake --build /home/anaskh007/Anasros2_ws/build/turtlebot3_description -- -j16 -l16
[0.977s] Invoking command in '/home/anaskh007/Anasros2_ws/build/turtlebot3_description': CMAKE_PREFIX_PATH=${CMAKE_PREFIX_PATH}:/home/anaskh007/Anasros2_ws/install/turtlebot3_teleop:/home/anaskh007/Anasros2_ws/install/turtlebot3_example:/home/anaskh007/Anasros2_ws/install/dual_robot_nav:/home/anaskh007/Anasros2_ws/install/pub_sub_ex:/home/anaskh007/Anasros2_ws/install/mission_planner:/opt/ros/humble /usr/bin/cmake --install /home/anaskh007/Anasros2_ws/build/turtlebot3_description
[0.992s] -- Install configuration: ""
[0.992s] -- Execute custom install script
[0.992s] -- Symlinking: /home/anaskh007/Anasros2_ws/install/turtlebot3_description/share/turtlebot3_description/meshes/bases/burger_base.stl
[1.005s] -- Symlinking: /home/anaskh007/Anasros2_ws/install/turtlebot3_description/share/turtlebot3_description/meshes/bases/waffle_base.stl
[1.017s] -- Symlinking: /home/anaskh007/Anasros2_ws/install/turtlebot3_description/share/turtlebot3_description/meshes/bases/waffle_pi_base.stl
[1.038s] -- Symlinking: /home/anaskh007/Anasros2_ws/install/turtlebot3_description/share/turtlebot3_description/meshes/sensors/astra.dae
[1.071s] -- Symlinking: /home/anaskh007/Anasros2_ws/install/turtlebot3_description/share/turtlebot3_description/meshes/sensors/astra.jpg
[1.083s] -- Symlinking: /home/anaskh007/Anasros2_ws/install/turtlebot3_description/share/turtlebot3_description/meshes/sensors/lds.stl
[1.097s] -- Symlinking: /home/anaskh007/Anasros2_ws/install/turtlebot3_description/share/turtlebot3_description/meshes/sensors/r200.dae
[1.108s] -- Symlinking: /home/anaskh007/Anasros2_ws/install/turtlebot3_description/share/turtlebot3_description/meshes/sensors/r200.jpg
[1.117s] -- Symlinking: /home/anaskh007/Anasros2_ws/install/turtlebot3_description/share/turtlebot3_description/meshes/wheels/left_tire.stl
[1.130s] -- Symlinking: /home/anaskh007/Anasros2_ws/install/turtlebot3_description/share/turtlebot3_description/meshes/wheels/right_tire.stl
[1.137s] -- Symlinking: /home/anaskh007/Anasros2_ws/install/turtlebot3_description/share/turtlebot3_description/rviz/model.rviz
[1.150s] -- Symlinking: /home/anaskh007/Anasros2_ws/install/turtlebot3_description/share/turtlebot3_description/urdf/common_properties.urdf
[1.160s] -- Symlinking: /home/anaskh007/Anasros2_ws/install/turtlebot3_description/share/turtlebot3_description/urdf/turtlebot3_burger.urdf
[1.170s] -- Symlinking: /home/anaskh007/Anasros2_ws/install/turtlebot3_description/share/turtlebot3_description/urdf/turtlebot3_waffle.urdf
[1.181s] -- Symlinking: /home/anaskh007/Anasros2_ws/install/turtlebot3_description/share/turtlebot3_description/urdf/turtlebot3_waffle_pi.urdf
[1.190s] -- Symlinking: /home/anaskh007/Anasros2_ws/install/turtlebot3_description/share/ament_index/resource_index/package_run_dependencies/turtlebot3_description
[1.202s] -- Symlinking: /home/anaskh007/Anasros2_ws/install/turtlebot3_description/share/ament_index/resource_index/parent_prefix_path/turtlebot3_description
[1.216s] -- Symlinking: /home/anaskh007/Anasros2_ws/install/turtlebot3_description/share/turtlebot3_description/environment/ament_prefix_path.sh
[1.226s] -- Symlinking: /home/anaskh007/Anasros2_ws/install/turtlebot3_description/share/turtlebot3_description/environment/ament_prefix_path.dsv
[1.239s] -- Symlinking: /home/anaskh007/Anasros2_ws/install/turtlebot3_description/share/turtlebot3_description/environment/path.sh
[1.249s] -- Symlinking: /home/anaskh007/Anasros2_ws/install/turtlebot3_description/share/turtlebot3_description/environment/path.dsv
[1.261s] -- Symlinking: /home/anaskh007/Anasros2_ws/install/turtlebot3_description/share/turtlebot3_description/local_setup.bash
[1.275s] -- Symlinking: /home/anaskh007/Anasros2_ws/install/turtlebot3_description/share/turtlebot3_description/local_setup.sh
[1.285s] -- Symlinking: /home/anaskh007/Anasros2_ws/install/turtlebot3_description/share/turtlebot3_description/local_setup.zsh
[1.297s] -- Symlinking: /home/anaskh007/Anasros2_ws/install/turtlebot3_description/share/turtlebot3_description/local_setup.dsv
[1.306s] -- Symlinking: /home/anaskh007/Anasros2_ws/install/turtlebot3_description/share/turtlebot3_description/package.dsv
[1.329s] -- Symlinking: /home/anaskh007/Anasros2_ws/install/turtlebot3_description/share/ament_index/resource_index/packages/turtlebot3_description
[1.331s] -- Symlinking: /home/anaskh007/Anasros2_ws/install/turtlebot3_description/share/turtlebot3_description/cmake/turtlebot3_descriptionConfig.cmake
[1.344s] -- Symlinking: /home/anaskh007/Anasros2_ws/install/turtlebot3_description/share/turtlebot3_description/cmake/turtlebot3_descriptionConfig-version.cmake
[1.353s] -- Symlinking: /home/anaskh007/Anasros2_ws/install/turtlebot3_description/share/turtlebot3_description/package.xml
[1.369s] Invoked command in '/home/anaskh007/Anasros2_ws/build/turtlebot3_description' returned '0': CMAKE_PREFIX_PATH=${CMAKE_PREFIX_PATH}:/home/anaskh007/Anasros2_ws/install/turtlebot3_teleop:/home/anaskh007/Anasros2_ws/install/turtlebot3_example:/home/anaskh007/Anasros2_ws/install/dual_robot_nav:/home/anaskh007/Anasros2_ws/install/pub_sub_ex:/home/anaskh007/Anasros2_ws/install/mission_planner:/opt/ros/humble /usr/bin/cmake --install /home/anaskh007/Anasros2_ws/build/turtlebot3_description
