[1.679s] Invoking command in '/home/anaskh007/Anasros2_ws/build/turtlebot3_teleop': PYTHONPATH=/home/anaskh007/Anasros2_ws/build/turtlebot3_teleop/prefix_override:/usr/lib/python3/dist-packages/colcon_core/task/python/colcon_distutils_commands:/home/anaskh007/Anasros2_ws/install/turtlebot3_teleop/lib/python3.10/site-packages:${PYTHONPATH} /usr/bin/python3 -W ignore:setup.py install is deprecated -W ignore:easy_install command is deprecated setup.py develop --editable --build-directory /home/anaskh007/Anasros2_ws/build/turtlebot3_teleop/build --no-deps symlink_data
[2.055s] running develop
[2.235s] running egg_info
[2.236s] creating turtlebot3_teleop.egg-info
[2.236s] writing turtlebot3_teleop.egg-info/PKG-INFO
[2.236s] writing dependency_links to turtlebot3_teleop.egg-info/dependency_links.txt
[2.236s] writing entry points to turtlebot3_teleop.egg-info/entry_points.txt
[2.236s] writing requirements to turtlebot3_teleop.egg-info/requires.txt
[2.236s] writing top-level names to turtlebot3_teleop.egg-info/top_level.txt
[2.236s] writing manifest file 'turtlebot3_teleop.egg-info/SOURCES.txt'
[2.238s] reading manifest file 'turtlebot3_teleop.egg-info/SOURCES.txt'
[2.238s] writing manifest file 'turtlebot3_teleop.egg-info/SOURCES.txt'
[2.240s] running build_ext
[2.240s] Creating /home/anaskh007/Anasros2_ws/install/turtlebot3_teleop/lib/python3.10/site-packages/turtlebot3-teleop.egg-link (link to .)
[2.241s] Installing teleop_keyboard script to /home/anaskh007/Anasros2_ws/install/turtlebot3_teleop/lib/turtlebot3_teleop
[2.241s] 
[2.241s] Installed /home/anaskh007/Anasros2_ws/build/turtlebot3_teleop
[2.241s] running symlink_data
[2.241s] creating /home/anaskh007/Anasros2_ws/install/turtlebot3_teleop/share/ament_index
[2.242s] creating /home/anaskh007/Anasros2_ws/install/turtlebot3_teleop/share/ament_index/resource_index
[2.242s] creating /home/anaskh007/Anasros2_ws/install/turtlebot3_teleop/share/ament_index/resource_index/packages
[2.242s] symbolically linking /home/anaskh007/Anasros2_ws/build/turtlebot3_teleop/resource/turtlebot3_teleop -> /home/anaskh007/Anasros2_ws/install/turtlebot3_teleop/share/ament_index/resource_index/packages
[2.242s] symbolically linking /home/anaskh007/Anasros2_ws/build/turtlebot3_teleop/package.xml -> /home/anaskh007/Anasros2_ws/install/turtlebot3_teleop/share/turtlebot3_teleop
[2.278s] Invoked command in '/home/anaskh007/Anasros2_ws/build/turtlebot3_teleop' returned '0': PYTHONPATH=/home/anaskh007/Anasros2_ws/build/turtlebot3_teleop/prefix_override:/usr/lib/python3/dist-packages/colcon_core/task/python/colcon_distutils_commands:/home/anaskh007/Anasros2_ws/install/turtlebot3_teleop/lib/python3.10/site-packages:${PYTHONPATH} /usr/bin/python3 -W ignore:setup.py install is deprecated -W ignore:easy_install command is deprecated setup.py develop --editable --build-directory /home/anaskh007/Anasros2_ws/build/turtlebot3_teleop/build --no-deps symlink_data
