[0.032s] Invoking command in '/home/anaskh007/Anasros2_ws/build/turtlebot3_msgs': CMAKE_PREFIX_PATH=${CMAKE_PREFIX_PATH}:/home/anaskh007/Anasros2_ws/install/turtlebot3_teleop:/home/anaskh007/Anasros2_ws/install/turtlebot3_example:/home/anaskh007/Anasros2_ws/install/dual_robot_nav:/home/anaskh007/Anasros2_ws/install/pub_sub_ex:/home/anaskh007/Anasros2_ws/install/mission_planner:/opt/ros/humble /usr/bin/cmake /home/anaskh007/Anasros2_ws/src/turtlebot3_msgs -DAMENT_CMAKE_SYMLINK_INSTALL=1 -DCMAKE_INSTALL_PREFIX=/home/anaskh007/Anasros2_ws/install/turtlebot3_msgs
[0.718s] -- The C compiler identification is GNU 11.4.0
[0.719s] -- The CXX compiler identification is GNU 11.4.0
[0.719s] -- Detecting C compiler ABI info
[0.719s] -- Detecting C compiler ABI info - done
[0.719s] -- Check for working C compiler: /usr/bin/cc - skipped
[0.719s] -- Detecting C compile features
[0.719s] -- Detecting C compile features - done
[0.719s] -- Detecting CXX compiler ABI info
[0.719s] -- Detecting CXX compiler ABI info - done
[0.719s] -- Check for working CXX compiler: /usr/bin/c++ - skipped
[0.719s] -- Detecting CXX compile features
[0.719s] -- Detecting CXX compile features - done
[0.719s] -- Found action_msgs: 1.2.2 (/opt/ros/humble/share/action_msgs/cmake)
[0.719s] -- Found Python3: /usr/bin/python3 (found version "3.10.12") found components: Interpreter 
[0.720s] -- Override CMake install command with custom implementation using symlinks instead of copying resources
[0.720s] -- Found rosidl_generator_c: 3.1.7 (/opt/ros/humble/share/rosidl_generator_c/cmake)
[0.720s] -- Found rosidl_adapter: 3.1.7 (/opt/ros/humble/share/rosidl_adapter/cmake)
[0.720s] -- Found rosidl_generator_cpp: 3.1.7 (/opt/ros/humble/share/rosidl_generator_cpp/cmake)
[0.720s] -- Using all available rosidl_typesupport_c: rosidl_typesupport_fastrtps_c;rosidl_typesupport_introspection_c
[0.720s] -- Using all available rosidl_typesupport_cpp: rosidl_typesupport_fastrtps_cpp;rosidl_typesupport_introspection_cpp
[0.734s] -- Found rosidl_default_generators: 1.2.0 (/opt/ros/humble/share/rosidl_default_generators/cmake)
[0.741s] -- Found std_msgs: 4.9.0 (/opt/ros/humble/share/std_msgs/cmake)
[0.750s] -- Found geometry_msgs: 4.9.0 (/opt/ros/humble/share/geometry_msgs/cmake)
[1.232s] -- Found ament_cmake_cppcheck: 0.12.14 (/opt/ros/humble/share/ament_cmake_cppcheck/cmake)
[1.242s] -- Found ament_cmake_cpplint: 0.12.14 (/opt/ros/humble/share/ament_cmake_cpplint/cmake)
[1.242s] -- Found ament_cmake_uncrustify: 0.12.14 (/opt/ros/humble/share/ament_cmake_uncrustify/cmake)
[1.244s] -- Found ament_cmake_ros: 0.10.0 (/opt/ros/humble/share/ament_cmake_ros/cmake)
[1.792s] -- Using all available rosidl_typesupport_c: rosidl_typesupport_fastrtps_c;rosidl_typesupport_introspection_c
[2.043s] -- Using all available rosidl_typesupport_cpp: rosidl_typesupport_fastrtps_cpp;rosidl_typesupport_introspection_cpp
[2.077s] -- Found PythonInterp: /usr/bin/python3 (found suitable version "3.10.12", minimum required is "3.6") 
[2.080s] -- Found python_cmake_module: 0.10.0 (/opt/ros/humble/share/python_cmake_module/cmake)
[2.112s] -- Found PythonLibs: /usr/lib/x86_64-linux-gnu/libpython3.10.so (found suitable version "3.10.12", minimum required is "3.5") 
[2.112s] -- Using PYTHON_EXECUTABLE: /usr/bin/python3
[2.112s] -- Using PYTHON_INCLUDE_DIRS: /usr/include/python3.10
[2.112s] -- Using PYTHON_LIBRARIES: /usr/lib/x86_64-linux-gnu/libpython3.10.so
[2.133s] -- Found PythonExtra: .so  
[2.258s] -- Found ament_cmake_flake8: 0.12.14 (/opt/ros/humble/share/ament_cmake_flake8/cmake)
[2.262s] -- Found ament_cmake_pep257: 0.12.14 (/opt/ros/humble/share/ament_cmake_pep257/cmake)
[2.282s] -- Configuring done
[2.353s] -- Generating done
[2.372s] -- Build files have been written to: /home/anaskh007/Anasros2_ws/build/turtlebot3_msgs
[2.394s] Invoked command in '/home/anaskh007/Anasros2_ws/build/turtlebot3_msgs' returned '0': CMAKE_PREFIX_PATH=${CMAKE_PREFIX_PATH}:/home/anaskh007/Anasros2_ws/install/turtlebot3_teleop:/home/anaskh007/Anasros2_ws/install/turtlebot3_example:/home/anaskh007/Anasros2_ws/install/dual_robot_nav:/home/anaskh007/Anasros2_ws/install/pub_sub_ex:/home/anaskh007/Anasros2_ws/install/mission_planner:/opt/ros/humble /usr/bin/cmake /home/anaskh007/Anasros2_ws/src/turtlebot3_msgs -DAMENT_CMAKE_SYMLINK_INSTALL=1 -DCMAKE_INSTALL_PREFIX=/home/anaskh007/Anasros2_ws/install/turtlebot3_msgs
[2.396s] Invoking command in '/home/anaskh007/Anasros2_ws/build/turtlebot3_msgs': CMAKE_PREFIX_PATH=${CMAKE_PREFIX_PATH}:/home/anaskh007/Anasros2_ws/install/turtlebot3_teleop:/home/anaskh007/Anasros2_ws/install/turtlebot3_example:/home/anaskh007/Anasros2_ws/install/dual_robot_nav:/home/anaskh007/Anasros2_ws/install/pub_sub_ex:/home/anaskh007/Anasros2_ws/install/mission_planner:/opt/ros/humble /usr/bin/cmake --build /home/anaskh007/Anasros2_ws/build/turtlebot3_msgs -- -j16 -l16
[2.462s] [  1%] [34m[1mGenerating C code for ROS interfaces[0m
[2.501s] [  2%] [34m[1mGenerating C++ code for ROS interfaces[0m
[2.521s] [  2%] Built target ament_cmake_python_symlink_turtlebot3_msgs
[2.944s] running egg_info
[2.946s] creating turtlebot3_msgs.egg-info
[2.947s] writing turtlebot3_msgs.egg-info/PKG-INFO
[2.947s] writing dependency_links to turtlebot3_msgs.egg-info/dependency_links.txt
[2.948s] writing top-level names to turtlebot3_msgs.egg-info/top_level.txt
[2.948s] writing manifest file 'turtlebot3_msgs.egg-info/SOURCES.txt'
[2.952s] reading manifest file 'turtlebot3_msgs.egg-info/SOURCES.txt'
[2.954s] writing manifest file 'turtlebot3_msgs.egg-info/SOURCES.txt'
[3.010s] [  2%] Built target ament_cmake_python_build_turtlebot3_msgs_egg
[3.935s] [  2%] Built target turtlebot3_msgs__cpp
[3.950s] [  3%] [34m[1mGenerating C++ type support for eProsima Fast-RTPS[0m
[3.952s] [  5%] [34m[1mGenerating C++ type support dispatch for ROS interfaces[0m
[3.956s] [  6%] [34m[1mGenerating C++ introspection for ROS interfaces[0m
[4.253s] [  8%] [32mBuilding C object CMakeFiles/turtlebot3_msgs__rosidl_generator_c.dir/rosidl_generator_c/turtlebot3_msgs/msg/detail/sound__functions.c.o[0m
[4.254s] [  8%] [32mBuilding C object CMakeFiles/turtlebot3_msgs__rosidl_generator_c.dir/rosidl_generator_c/turtlebot3_msgs/srv/detail/sound__functions.c.o[0m
[4.255s] [ 10%] [32mBuilding C object CMakeFiles/turtlebot3_msgs__rosidl_generator_c.dir/rosidl_generator_c/turtlebot3_msgs/msg/detail/sensor_state__functions.c.o[0m
[4.259s] [ 11%] [32mBuilding C object CMakeFiles/turtlebot3_msgs__rosidl_generator_c.dir/rosidl_generator_c/turtlebot3_msgs/msg/detail/version_info__functions.c.o[0m
[4.269s] [ 12%] [32mBuilding C object CMakeFiles/turtlebot3_msgs__rosidl_generator_c.dir/rosidl_generator_c/turtlebot3_msgs/srv/detail/dqn__functions.c.o[0m
[4.271s] [ 13%] [32mBuilding C object CMakeFiles/turtlebot3_msgs__rosidl_generator_c.dir/rosidl_generator_c/turtlebot3_msgs/srv/detail/goal__functions.c.o[0m
[4.275s] [ 15%] [32mBuilding C object CMakeFiles/turtlebot3_msgs__rosidl_generator_c.dir/rosidl_generator_c/turtlebot3_msgs/action/detail/patrol__functions.c.o[0m
[4.543s] [ 16%] [32m[1mLinking C shared library libturtlebot3_msgs__rosidl_generator_c.so[0m
[4.596s] [ 16%] Built target turtlebot3_msgs__rosidl_generator_c
[4.612s] [ 17%] [34m[1mGenerating C type support for eProsima Fast-RTPS[0m
[4.626s] [ 18%] [34m[1mGenerating C type support dispatch for ROS interfaces[0m
[4.627s] [ 20%] [34m[1mGenerating C introspection for ROS interfaces[0m
[5.126s] [ 21%] [32mBuilding CXX object CMakeFiles/turtlebot3_msgs__rosidl_typesupport_cpp.dir/rosidl_typesupport_cpp/turtlebot3_msgs/msg/sound__type_support.cpp.o[0m
[5.134s] [ 24%] [32mBuilding CXX object CMakeFiles/turtlebot3_msgs__rosidl_typesupport_cpp.dir/rosidl_typesupport_cpp/turtlebot3_msgs/msg/version_info__type_support.cpp.o[0m
[5.134s] [ 24%] [32mBuilding CXX object CMakeFiles/turtlebot3_msgs__rosidl_typesupport_cpp.dir/rosidl_typesupport_cpp/turtlebot3_msgs/msg/sensor_state__type_support.cpp.o[0m
[5.136s] [ 25%] [32mBuilding CXX object CMakeFiles/turtlebot3_msgs__rosidl_typesupport_cpp.dir/rosidl_typesupport_cpp/turtlebot3_msgs/srv/goal__type_support.cpp.o[0m
[5.136s] [ 26%] [32mBuilding CXX object CMakeFiles/turtlebot3_msgs__rosidl_typesupport_cpp.dir/rosidl_typesupport_cpp/turtlebot3_msgs/srv/sound__type_support.cpp.o[0m
[5.138s] [ 27%] [32mBuilding CXX object CMakeFiles/turtlebot3_msgs__rosidl_typesupport_cpp.dir/rosidl_typesupport_cpp/turtlebot3_msgs/action/patrol__type_support.cpp.o[0m
[5.144s] [ 29%] [32mBuilding CXX object CMakeFiles/turtlebot3_msgs__rosidl_typesupport_cpp.dir/rosidl_typesupport_cpp/turtlebot3_msgs/srv/dqn__type_support.cpp.o[0m
[5.473s] [ 30%] [32mBuilding CXX object CMakeFiles/turtlebot3_msgs__rosidl_typesupport_introspection_cpp.dir/rosidl_typesupport_introspection_cpp/turtlebot3_msgs/msg/detail/sensor_state__type_support.cpp.o[0m
[5.479s] [ 31%] [32mBuilding CXX object CMakeFiles/turtlebot3_msgs__rosidl_typesupport_introspection_cpp.dir/rosidl_typesupport_introspection_cpp/turtlebot3_msgs/msg/detail/sound__type_support.cpp.o[0m
[5.482s] [ 34%] [32mBuilding CXX object CMakeFiles/turtlebot3_msgs__rosidl_typesupport_introspection_cpp.dir/rosidl_typesupport_introspection_cpp/turtlebot3_msgs/srv/detail/sound__type_support.cpp.o[0m
[5.482s] [ 34%] [32mBuilding CXX object CMakeFiles/turtlebot3_msgs__rosidl_typesupport_introspection_cpp.dir/rosidl_typesupport_introspection_cpp/turtlebot3_msgs/msg/detail/version_info__type_support.cpp.o[0m
[5.491s] [ 35%] [32mBuilding CXX object CMakeFiles/turtlebot3_msgs__rosidl_typesupport_introspection_cpp.dir/rosidl_typesupport_introspection_cpp/turtlebot3_msgs/srv/detail/dqn__type_support.cpp.o[0m
[5.684s] [ 36%] [32mBuilding CXX object CMakeFiles/turtlebot3_msgs__rosidl_typesupport_introspection_cpp.dir/rosidl_typesupport_introspection_cpp/turtlebot3_msgs/srv/detail/goal__type_support.cpp.o[0m
[5.693s] [ 37%] [32mBuilding CXX object CMakeFiles/turtlebot3_msgs__rosidl_typesupport_introspection_cpp.dir/rosidl_typesupport_introspection_cpp/turtlebot3_msgs/action/detail/patrol__type_support.cpp.o[0m
[6.071s] [ 39%] [32mBuilding CXX object CMakeFiles/turtlebot3_msgs__rosidl_typesupport_c.dir/rosidl_typesupport_c/turtlebot3_msgs/msg/sensor_state__type_support.cpp.o[0m
[6.083s] [ 40%] [32mBuilding CXX object CMakeFiles/turtlebot3_msgs__rosidl_typesupport_c.dir/rosidl_typesupport_c/turtlebot3_msgs/msg/version_info__type_support.cpp.o[0m
[6.083s] [ 41%] [32mBuilding CXX object CMakeFiles/turtlebot3_msgs__rosidl_typesupport_c.dir/rosidl_typesupport_c/turtlebot3_msgs/msg/sound__type_support.cpp.o[0m
[6.085s] [ 43%] [32mBuilding CXX object CMakeFiles/turtlebot3_msgs__rosidl_typesupport_c.dir/rosidl_typesupport_c/turtlebot3_msgs/srv/dqn__type_support.cpp.o[0m
[6.085s] [ 44%] [32mBuilding CXX object CMakeFiles/turtlebot3_msgs__rosidl_typesupport_c.dir/rosidl_typesupport_c/turtlebot3_msgs/srv/sound__type_support.cpp.o[0m
[6.171s] [ 45%] [32mBuilding CXX object CMakeFiles/turtlebot3_msgs__rosidl_typesupport_c.dir/rosidl_typesupport_c/turtlebot3_msgs/srv/goal__type_support.cpp.o[0m
[6.181s] [ 46%] [32mBuilding CXX object CMakeFiles/turtlebot3_msgs__rosidl_typesupport_c.dir/rosidl_typesupport_c/turtlebot3_msgs/action/patrol__type_support.cpp.o[0m
[6.248s] [ 48%] [32mBuilding CXX object CMakeFiles/turtlebot3_msgs__rosidl_typesupport_fastrtps_c.dir/rosidl_typesupport_fastrtps_c/turtlebot3_msgs/msg/detail/sound__type_support_c.cpp.o[0m
[6.252s] [ 49%] [32mBuilding CXX object CMakeFiles/turtlebot3_msgs__rosidl_typesupport_fastrtps_c.dir/rosidl_typesupport_fastrtps_c/turtlebot3_msgs/msg/detail/sensor_state__type_support_c.cpp.o[0m
[6.261s] [ 50%] [32mBuilding CXX object CMakeFiles/turtlebot3_msgs__rosidl_typesupport_fastrtps_c.dir/rosidl_typesupport_fastrtps_c/turtlebot3_msgs/msg/detail/version_info__type_support_c.cpp.o[0m
[6.270s] [ 51%] [32mBuilding CXX object CMakeFiles/turtlebot3_msgs__rosidl_typesupport_fastrtps_c.dir/rosidl_typesupport_fastrtps_c/turtlebot3_msgs/srv/detail/sound__type_support_c.cpp.o[0m
[6.278s] [ 53%] [32mBuilding CXX object CMakeFiles/turtlebot3_msgs__rosidl_typesupport_fastrtps_c.dir/rosidl_typesupport_fastrtps_c/turtlebot3_msgs/srv/detail/dqn__type_support_c.cpp.o[0m
[6.292s] [ 54%] [32m[1mLinking CXX shared library libturtlebot3_msgs__rosidl_typesupport_c.so[0m
[6.324s] [ 55%] [32mBuilding CXX object CMakeFiles/turtlebot3_msgs__rosidl_typesupport_fastrtps_c.dir/rosidl_typesupport_fastrtps_c/turtlebot3_msgs/srv/detail/goal__type_support_c.cpp.o[0m
[6.325s] [ 56%] [32mBuilding CXX object CMakeFiles/turtlebot3_msgs__rosidl_typesupport_fastrtps_c.dir/rosidl_typesupport_fastrtps_c/turtlebot3_msgs/action/detail/patrol__type_support_c.cpp.o[0m
[6.419s] [ 56%] Built target turtlebot3_msgs__rosidl_typesupport_c
[6.451s] [ 58%] [32mBuilding CXX object CMakeFiles/turtlebot3_msgs__rosidl_typesupport_fastrtps_cpp.dir/rosidl_typesupport_fastrtps_cpp/turtlebot3_msgs/msg/detail/dds_fastrtps/sensor_state__type_support.cpp.o[0m
[6.459s] [ 59%] [32mBuilding CXX object CMakeFiles/turtlebot3_msgs__rosidl_typesupport_fastrtps_cpp.dir/rosidl_typesupport_fastrtps_cpp/turtlebot3_msgs/msg/detail/dds_fastrtps/sound__type_support.cpp.o[0m
[6.478s] [ 60%] [32mBuilding CXX object CMakeFiles/turtlebot3_msgs__rosidl_typesupport_fastrtps_cpp.dir/rosidl_typesupport_fastrtps_cpp/turtlebot3_msgs/msg/detail/dds_fastrtps/version_info__type_support.cpp.o[0m
[6.490s] [ 62%] [32mBuilding CXX object CMakeFiles/turtlebot3_msgs__rosidl_typesupport_fastrtps_cpp.dir/rosidl_typesupport_fastrtps_cpp/turtlebot3_msgs/srv/detail/dds_fastrtps/goal__type_support.cpp.o[0m
[6.490s] [ 63%] [32mBuilding CXX object CMakeFiles/turtlebot3_msgs__rosidl_typesupport_fastrtps_cpp.dir/rosidl_typesupport_fastrtps_cpp/turtlebot3_msgs/srv/detail/dds_fastrtps/sound__type_support.cpp.o[0m
[6.494s] [ 64%] [32mBuilding CXX object CMakeFiles/turtlebot3_msgs__rosidl_typesupport_fastrtps_cpp.dir/rosidl_typesupport_fastrtps_cpp/turtlebot3_msgs/srv/detail/dds_fastrtps/dqn__type_support.cpp.o[0m
[6.531s] [ 65%] [32mBuilding C object CMakeFiles/turtlebot3_msgs__rosidl_typesupport_introspection_c.dir/rosidl_typesupport_introspection_c/turtlebot3_msgs/msg/detail/sensor_state__type_support.c.o[0m
[6.623s] [ 67%] [32mBuilding C object CMakeFiles/turtlebot3_msgs__rosidl_typesupport_introspection_c.dir/rosidl_typesupport_introspection_c/turtlebot3_msgs/msg/detail/sound__type_support.c.o[0m
[6.666s] [ 68%] [32m[1mLinking CXX shared library libturtlebot3_msgs__rosidl_typesupport_cpp.so[0m
[6.732s] [ 69%] [32mBuilding C object CMakeFiles/turtlebot3_msgs__rosidl_typesupport_introspection_c.dir/rosidl_typesupport_introspection_c/turtlebot3_msgs/msg/detail/version_info__type_support.c.o[0m
[6.782s] [ 69%] Built target turtlebot3_msgs__rosidl_typesupport_cpp
[6.806s] [ 70%] [32mBuilding CXX object CMakeFiles/turtlebot3_msgs__rosidl_typesupport_fastrtps_cpp.dir/rosidl_typesupport_fastrtps_cpp/turtlebot3_msgs/action/detail/dds_fastrtps/patrol__type_support.cpp.o[0m
[6.828s] [ 72%] [32mBuilding C object CMakeFiles/turtlebot3_msgs__rosidl_typesupport_introspection_c.dir/rosidl_typesupport_introspection_c/turtlebot3_msgs/srv/detail/sound__type_support.c.o[0m
[6.864s] [ 73%] [32mBuilding C object CMakeFiles/turtlebot3_msgs__rosidl_typesupport_introspection_c.dir/rosidl_typesupport_introspection_c/turtlebot3_msgs/srv/detail/dqn__type_support.c.o[0m
[6.932s] [ 74%] [32mBuilding C object CMakeFiles/turtlebot3_msgs__rosidl_typesupport_introspection_c.dir/rosidl_typesupport_introspection_c/turtlebot3_msgs/srv/detail/goal__type_support.c.o[0m
[6.964s] [ 75%] [32mBuilding C object CMakeFiles/turtlebot3_msgs__rosidl_typesupport_introspection_c.dir/rosidl_typesupport_introspection_c/turtlebot3_msgs/action/detail/patrol__type_support.c.o[0m
[7.092s] [ 77%] [32m[1mLinking CXX shared library libturtlebot3_msgs__rosidl_typesupport_introspection_cpp.so[0m
[7.094s] [ 78%] [32m[1mLinking C shared library libturtlebot3_msgs__rosidl_typesupport_introspection_c.so[0m
[7.158s] [ 78%] Built target turtlebot3_msgs__rosidl_typesupport_introspection_c
[7.240s] [ 78%] Built target turtlebot3_msgs__rosidl_typesupport_introspection_cpp
[7.308s] [ 79%] [32m[1mLinking CXX shared library libturtlebot3_msgs__rosidl_typesupport_fastrtps_c.so[0m
[7.439s] [ 79%] Built target turtlebot3_msgs__rosidl_typesupport_fastrtps_c
[7.795s] [ 81%] [32m[1mLinking CXX shared library libturtlebot3_msgs__rosidl_typesupport_fastrtps_cpp.so[0m
[7.884s] [ 81%] Built target turtlebot3_msgs__rosidl_typesupport_fastrtps_cpp
[7.910s] [ 81%] Built target turtlebot3_msgs
[7.932s] [ 82%] [34m[1mGenerating Python code for ROS interfaces[0m
[10.453s] [ 82%] Built target turtlebot3_msgs__py
[10.478s] [ 86%] [32mBuilding C object CMakeFiles/turtlebot3_msgs__rosidl_generator_py.dir/rosidl_generator_py/turtlebot3_msgs/msg/_sensor_state_s.c.o[0m
[10.478s] [ 86%] [32mBuilding C object CMakeFiles/turtlebot3_msgs__rosidl_generator_py.dir/rosidl_generator_py/turtlebot3_msgs/msg/_sound_s.c.o[0m
[10.478s] [ 86%] [32mBuilding C object CMakeFiles/turtlebot3_msgs__rosidl_generator_py.dir/rosidl_generator_py/turtlebot3_msgs/msg/_version_info_s.c.o[0m
[10.478s] [ 87%] [32mBuilding C object CMakeFiles/turtlebot3_msgs__rosidl_generator_py.dir/rosidl_generator_py/turtlebot3_msgs/action/_patrol_s.c.o[0m
[10.479s] [ 89%] [32mBuilding C object CMakeFiles/turtlebot3_msgs__rosidl_generator_py.dir/rosidl_generator_py/turtlebot3_msgs/srv/_sound_s.c.o[0m
[10.479s] [ 89%] [32mBuilding C object CMakeFiles/turtlebot3_msgs__rosidl_generator_py.dir/rosidl_generator_py/turtlebot3_msgs/srv/_goal_s.c.o[0m
[10.482s] [ 91%] [32mBuilding C object CMakeFiles/turtlebot3_msgs__rosidl_generator_py.dir/rosidl_generator_py/turtlebot3_msgs/srv/_dqn_s.c.o[0m
[10.711s] [ 92%] [32m[1mLinking C shared library rosidl_generator_py/turtlebot3_msgs/libturtlebot3_msgs__rosidl_generator_py.so[0m
[10.758s] [ 92%] Built target turtlebot3_msgs__rosidl_generator_py
[10.783s] [ 93%] [32mBuilding C object CMakeFiles/turtlebot3_msgs__rosidl_typesupport_introspection_c__pyext.dir/rosidl_generator_py/turtlebot3_msgs/_turtlebot3_msgs_s.ep.rosidl_typesupport_introspection_c.c.o[0m
[10.784s] [ 94%] [32mBuilding C object CMakeFiles/turtlebot3_msgs__rosidl_typesupport_c__pyext.dir/rosidl_generator_py/turtlebot3_msgs/_turtlebot3_msgs_s.ep.rosidl_typesupport_c.c.o[0m
[10.784s] [ 96%] [32mBuilding C object CMakeFiles/turtlebot3_msgs__rosidl_typesupport_fastrtps_c__pyext.dir/rosidl_generator_py/turtlebot3_msgs/_turtlebot3_msgs_s.ep.rosidl_typesupport_fastrtps_c.c.o[0m
[10.931s] [ 97%] [32m[1mLinking C shared library rosidl_generator_py/turtlebot3_msgs/turtlebot3_msgs_s__rosidl_typesupport_c.cpython-310-x86_64-linux-gnu.so[0m
[10.965s] [ 98%] [32m[1mLinking C shared library rosidl_generator_py/turtlebot3_msgs/turtlebot3_msgs_s__rosidl_typesupport_fastrtps_c.cpython-310-x86_64-linux-gnu.so[0m
[10.979s] [100%] [32m[1mLinking C shared library rosidl_generator_py/turtlebot3_msgs/turtlebot3_msgs_s__rosidl_typesupport_introspection_c.cpython-310-x86_64-linux-gnu.so[0m
[10.980s] [100%] Built target turtlebot3_msgs__rosidl_typesupport_c__pyext
[11.010s] [100%] Built target turtlebot3_msgs__rosidl_typesupport_fastrtps_c__pyext
[11.038s] [100%] Built target turtlebot3_msgs__rosidl_typesupport_introspection_c__pyext
[11.051s] Invoked command in '/home/anaskh007/Anasros2_ws/build/turtlebot3_msgs' returned '0': CMAKE_PREFIX_PATH=${CMAKE_PREFIX_PATH}:/home/anaskh007/Anasros2_ws/install/turtlebot3_teleop:/home/anaskh007/Anasros2_ws/install/turtlebot3_example:/home/anaskh007/Anasros2_ws/install/dual_robot_nav:/home/anaskh007/Anasros2_ws/install/pub_sub_ex:/home/anaskh007/Anasros2_ws/install/mission_planner:/opt/ros/humble /usr/bin/cmake --build /home/anaskh007/Anasros2_ws/build/turtlebot3_msgs -- -j16 -l16
[11.053s] Invoking command in '/home/anaskh007/Anasros2_ws/build/turtlebot3_msgs': CMAKE_PREFIX_PATH=${CMAKE_PREFIX_PATH}:/home/anaskh007/Anasros2_ws/install/turtlebot3_teleop:/home/anaskh007/Anasros2_ws/install/turtlebot3_example:/home/anaskh007/Anasros2_ws/install/dual_robot_nav:/home/anaskh007/Anasros2_ws/install/pub_sub_ex:/home/anaskh007/Anasros2_ws/install/mission_planner:/opt/ros/humble /usr/bin/cmake --install /home/anaskh007/Anasros2_ws/build/turtlebot3_msgs
[11.062s] -- Install configuration: ""
[11.062s] -- Execute custom install script
[11.063s] -- Symlinking: /home/anaskh007/Anasros2_ws/install/turtlebot3_msgs/share/ament_index/resource_index/rosidl_interfaces/turtlebot3_msgs
[11.074s] -- Symlinking: /home/anaskh007/Anasros2_ws/install/turtlebot3_msgs/include/turtlebot3_msgs/turtlebot3_msgs/action/detail/patrol__functions.h
[11.084s] -- Symlinking: /home/anaskh007/Anasros2_ws/install/turtlebot3_msgs/include/turtlebot3_msgs/turtlebot3_msgs/action/detail/patrol__struct.h
[11.093s] -- Symlinking: /home/anaskh007/Anasros2_ws/install/turtlebot3_msgs/include/turtlebot3_msgs/turtlebot3_msgs/action/detail/patrol__type_support.h
[11.105s] -- Symlinking: /home/anaskh007/Anasros2_ws/install/turtlebot3_msgs/include/turtlebot3_msgs/turtlebot3_msgs/action/patrol.h
[11.117s] -- Symlinking: /home/anaskh007/Anasros2_ws/install/turtlebot3_msgs/include/turtlebot3_msgs/turtlebot3_msgs/msg/detail/sensor_state__functions.h
[11.130s] -- Symlinking: /home/anaskh007/Anasros2_ws/install/turtlebot3_msgs/include/turtlebot3_msgs/turtlebot3_msgs/msg/detail/sensor_state__struct.h
[11.139s] -- Symlinking: /home/anaskh007/Anasros2_ws/install/turtlebot3_msgs/include/turtlebot3_msgs/turtlebot3_msgs/msg/detail/sensor_state__type_support.h
[11.151s] -- Symlinking: /home/anaskh007/Anasros2_ws/install/turtlebot3_msgs/include/turtlebot3_msgs/turtlebot3_msgs/msg/detail/sound__functions.h
[11.162s] -- Symlinking: /home/anaskh007/Anasros2_ws/install/turtlebot3_msgs/include/turtlebot3_msgs/turtlebot3_msgs/msg/detail/sound__struct.h
[11.171s] -- Symlinking: /home/anaskh007/Anasros2_ws/install/turtlebot3_msgs/include/turtlebot3_msgs/turtlebot3_msgs/msg/detail/sound__type_support.h
[11.183s] -- Symlinking: /home/anaskh007/Anasros2_ws/install/turtlebot3_msgs/include/turtlebot3_msgs/turtlebot3_msgs/msg/detail/version_info__functions.h
[11.199s] -- Symlinking: /home/anaskh007/Anasros2_ws/install/turtlebot3_msgs/include/turtlebot3_msgs/turtlebot3_msgs/msg/detail/version_info__struct.h
[11.209s] -- Symlinking: /home/anaskh007/Anasros2_ws/install/turtlebot3_msgs/include/turtlebot3_msgs/turtlebot3_msgs/msg/detail/version_info__type_support.h
[11.219s] -- Symlinking: /home/anaskh007/Anasros2_ws/install/turtlebot3_msgs/include/turtlebot3_msgs/turtlebot3_msgs/msg/rosidl_generator_c__visibility_control.h
[11.230s] -- Symlinking: /home/anaskh007/Anasros2_ws/install/turtlebot3_msgs/include/turtlebot3_msgs/turtlebot3_msgs/msg/sensor_state.h
[11.239s] -- Symlinking: /home/anaskh007/Anasros2_ws/install/turtlebot3_msgs/include/turtlebot3_msgs/turtlebot3_msgs/msg/sound.h
[11.252s] -- Symlinking: /home/anaskh007/Anasros2_ws/install/turtlebot3_msgs/include/turtlebot3_msgs/turtlebot3_msgs/msg/version_info.h
[11.262s] -- Symlinking: /home/anaskh007/Anasros2_ws/install/turtlebot3_msgs/include/turtlebot3_msgs/turtlebot3_msgs/srv/detail/dqn__functions.h
[11.271s] -- Symlinking: /home/anaskh007/Anasros2_ws/install/turtlebot3_msgs/include/turtlebot3_msgs/turtlebot3_msgs/srv/detail/dqn__struct.h
[11.279s] -- Symlinking: /home/anaskh007/Anasros2_ws/install/turtlebot3_msgs/include/turtlebot3_msgs/turtlebot3_msgs/srv/detail/dqn__type_support.h
[11.291s] -- Symlinking: /home/anaskh007/Anasros2_ws/install/turtlebot3_msgs/include/turtlebot3_msgs/turtlebot3_msgs/srv/detail/goal__functions.h
[11.300s] -- Symlinking: /home/anaskh007/Anasros2_ws/install/turtlebot3_msgs/include/turtlebot3_msgs/turtlebot3_msgs/srv/detail/goal__struct.h
[11.312s] -- Symlinking: /home/anaskh007/Anasros2_ws/install/turtlebot3_msgs/include/turtlebot3_msgs/turtlebot3_msgs/srv/detail/goal__type_support.h
[11.322s] -- Symlinking: /home/anaskh007/Anasros2_ws/install/turtlebot3_msgs/include/turtlebot3_msgs/turtlebot3_msgs/srv/detail/sound__functions.h
[11.330s] -- Symlinking: /home/anaskh007/Anasros2_ws/install/turtlebot3_msgs/include/turtlebot3_msgs/turtlebot3_msgs/srv/detail/sound__struct.h
[11.337s] -- Symlinking: /home/anaskh007/Anasros2_ws/install/turtlebot3_msgs/include/turtlebot3_msgs/turtlebot3_msgs/srv/detail/sound__type_support.h
[11.344s] -- Symlinking: /home/anaskh007/Anasros2_ws/install/turtlebot3_msgs/include/turtlebot3_msgs/turtlebot3_msgs/srv/dqn.h
[11.353s] -- Symlinking: /home/anaskh007/Anasros2_ws/install/turtlebot3_msgs/include/turtlebot3_msgs/turtlebot3_msgs/srv/goal.h
[11.361s] -- Symlinking: /home/anaskh007/Anasros2_ws/install/turtlebot3_msgs/include/turtlebot3_msgs/turtlebot3_msgs/srv/sound.h
[11.368s] -- Symlinking: /home/anaskh007/Anasros2_ws/install/turtlebot3_msgs/share/turtlebot3_msgs/environment/library_path.sh
[11.376s] -- Symlinking: /home/anaskh007/Anasros2_ws/install/turtlebot3_msgs/share/turtlebot3_msgs/environment/library_path.dsv
[11.385s] -- Symlinking: /home/anaskh007/Anasros2_ws/install/turtlebot3_msgs/include/turtlebot3_msgs/turtlebot3_msgs/action/detail/patrol__rosidl_typesupport_fastrtps_c.h
[11.393s] -- Symlinking: /home/anaskh007/Anasros2_ws/install/turtlebot3_msgs/include/turtlebot3_msgs/turtlebot3_msgs/msg/detail/sensor_state__rosidl_typesupport_fastrtps_c.h
[11.400s] -- Symlinking: /home/anaskh007/Anasros2_ws/install/turtlebot3_msgs/include/turtlebot3_msgs/turtlebot3_msgs/msg/detail/sound__rosidl_typesupport_fastrtps_c.h
[11.407s] -- Symlinking: /home/anaskh007/Anasros2_ws/install/turtlebot3_msgs/include/turtlebot3_msgs/turtlebot3_msgs/msg/detail/version_info__rosidl_typesupport_fastrtps_c.h
[11.420s] -- Symlinking: /home/anaskh007/Anasros2_ws/install/turtlebot3_msgs/include/turtlebot3_msgs/turtlebot3_msgs/msg/rosidl_typesupport_fastrtps_c__visibility_control.h
[11.450s] -- Symlinking: /home/anaskh007/Anasros2_ws/install/turtlebot3_msgs/include/turtlebot3_msgs/turtlebot3_msgs/srv/detail/dqn__rosidl_typesupport_fastrtps_c.h
[11.460s] -- Symlinking: /home/anaskh007/Anasros2_ws/install/turtlebot3_msgs/include/turtlebot3_msgs/turtlebot3_msgs/srv/detail/goal__rosidl_typesupport_fastrtps_c.h
[11.472s] -- Symlinking: /home/anaskh007/Anasros2_ws/install/turtlebot3_msgs/include/turtlebot3_msgs/turtlebot3_msgs/srv/detail/sound__rosidl_typesupport_fastrtps_c.h
[11.479s] -- Symlinking: /home/anaskh007/Anasros2_ws/install/turtlebot3_msgs/include/turtlebot3_msgs/turtlebot3_msgs/action/detail/patrol__builder.hpp
[11.487s] -- Symlinking: /home/anaskh007/Anasros2_ws/install/turtlebot3_msgs/include/turtlebot3_msgs/turtlebot3_msgs/action/detail/patrol__struct.hpp
[11.494s] -- Symlinking: /home/anaskh007/Anasros2_ws/install/turtlebot3_msgs/include/turtlebot3_msgs/turtlebot3_msgs/action/detail/patrol__traits.hpp
[11.503s] -- Symlinking: /home/anaskh007/Anasros2_ws/install/turtlebot3_msgs/include/turtlebot3_msgs/turtlebot3_msgs/action/detail/patrol__type_support.hpp
[11.510s] -- Symlinking: /home/anaskh007/Anasros2_ws/install/turtlebot3_msgs/include/turtlebot3_msgs/turtlebot3_msgs/action/patrol.hpp
[11.519s] -- Symlinking: /home/anaskh007/Anasros2_ws/install/turtlebot3_msgs/include/turtlebot3_msgs/turtlebot3_msgs/msg/detail/sensor_state__builder.hpp
[11.527s] -- Symlinking: /home/anaskh007/Anasros2_ws/install/turtlebot3_msgs/include/turtlebot3_msgs/turtlebot3_msgs/msg/detail/sensor_state__struct.hpp
[11.536s] -- Symlinking: /home/anaskh007/Anasros2_ws/install/turtlebot3_msgs/include/turtlebot3_msgs/turtlebot3_msgs/msg/detail/sensor_state__traits.hpp
[11.547s] -- Symlinking: /home/anaskh007/Anasros2_ws/install/turtlebot3_msgs/include/turtlebot3_msgs/turtlebot3_msgs/msg/detail/sensor_state__type_support.hpp
[11.555s] -- Symlinking: /home/anaskh007/Anasros2_ws/install/turtlebot3_msgs/include/turtlebot3_msgs/turtlebot3_msgs/msg/detail/sound__builder.hpp
[11.565s] -- Symlinking: /home/anaskh007/Anasros2_ws/install/turtlebot3_msgs/include/turtlebot3_msgs/turtlebot3_msgs/msg/detail/sound__struct.hpp
[11.572s] -- Symlinking: /home/anaskh007/Anasros2_ws/install/turtlebot3_msgs/include/turtlebot3_msgs/turtlebot3_msgs/msg/detail/sound__traits.hpp
[11.581s] -- Symlinking: /home/anaskh007/Anasros2_ws/install/turtlebot3_msgs/include/turtlebot3_msgs/turtlebot3_msgs/msg/detail/sound__type_support.hpp
[11.591s] -- Symlinking: /home/anaskh007/Anasros2_ws/install/turtlebot3_msgs/include/turtlebot3_msgs/turtlebot3_msgs/msg/detail/version_info__builder.hpp
[11.599s] -- Symlinking: /home/anaskh007/Anasros2_ws/install/turtlebot3_msgs/include/turtlebot3_msgs/turtlebot3_msgs/msg/detail/version_info__struct.hpp
[11.609s] -- Symlinking: /home/anaskh007/Anasros2_ws/install/turtlebot3_msgs/include/turtlebot3_msgs/turtlebot3_msgs/msg/detail/version_info__traits.hpp
[11.617s] -- Symlinking: /home/anaskh007/Anasros2_ws/install/turtlebot3_msgs/include/turtlebot3_msgs/turtlebot3_msgs/msg/detail/version_info__type_support.hpp
[11.625s] -- Symlinking: /home/anaskh007/Anasros2_ws/install/turtlebot3_msgs/include/turtlebot3_msgs/turtlebot3_msgs/msg/rosidl_generator_cpp__visibility_control.hpp
[11.632s] -- Symlinking: /home/anaskh007/Anasros2_ws/install/turtlebot3_msgs/include/turtlebot3_msgs/turtlebot3_msgs/msg/sensor_state.hpp
[11.640s] -- Symlinking: /home/anaskh007/Anasros2_ws/install/turtlebot3_msgs/include/turtlebot3_msgs/turtlebot3_msgs/msg/sound.hpp
[11.652s] -- Symlinking: /home/anaskh007/Anasros2_ws/install/turtlebot3_msgs/include/turtlebot3_msgs/turtlebot3_msgs/msg/version_info.hpp
[11.662s] -- Symlinking: /home/anaskh007/Anasros2_ws/install/turtlebot3_msgs/include/turtlebot3_msgs/turtlebot3_msgs/srv/detail/dqn__builder.hpp
[11.672s] -- Symlinking: /home/anaskh007/Anasros2_ws/install/turtlebot3_msgs/include/turtlebot3_msgs/turtlebot3_msgs/srv/detail/dqn__struct.hpp
[11.683s] -- Symlinking: /home/anaskh007/Anasros2_ws/install/turtlebot3_msgs/include/turtlebot3_msgs/turtlebot3_msgs/srv/detail/dqn__traits.hpp
[11.691s] -- Symlinking: /home/anaskh007/Anasros2_ws/install/turtlebot3_msgs/include/turtlebot3_msgs/turtlebot3_msgs/srv/detail/dqn__type_support.hpp
[11.701s] -- Symlinking: /home/anaskh007/Anasros2_ws/install/turtlebot3_msgs/include/turtlebot3_msgs/turtlebot3_msgs/srv/detail/goal__builder.hpp
[11.711s] -- Symlinking: /home/anaskh007/Anasros2_ws/install/turtlebot3_msgs/include/turtlebot3_msgs/turtlebot3_msgs/srv/detail/goal__struct.hpp
[11.720s] -- Symlinking: /home/anaskh007/Anasros2_ws/install/turtlebot3_msgs/include/turtlebot3_msgs/turtlebot3_msgs/srv/detail/goal__traits.hpp
[11.729s] -- Symlinking: /home/anaskh007/Anasros2_ws/install/turtlebot3_msgs/include/turtlebot3_msgs/turtlebot3_msgs/srv/detail/goal__type_support.hpp
[11.736s] -- Symlinking: /home/anaskh007/Anasros2_ws/install/turtlebot3_msgs/include/turtlebot3_msgs/turtlebot3_msgs/srv/detail/sound__builder.hpp
[11.744s] -- Symlinking: /home/anaskh007/Anasros2_ws/install/turtlebot3_msgs/include/turtlebot3_msgs/turtlebot3_msgs/srv/detail/sound__struct.hpp
[11.755s] -- Symlinking: /home/anaskh007/Anasros2_ws/install/turtlebot3_msgs/include/turtlebot3_msgs/turtlebot3_msgs/srv/detail/sound__traits.hpp
[11.763s] -- Symlinking: /home/anaskh007/Anasros2_ws/install/turtlebot3_msgs/include/turtlebot3_msgs/turtlebot3_msgs/srv/detail/sound__type_support.hpp
[11.771s] -- Symlinking: /home/anaskh007/Anasros2_ws/install/turtlebot3_msgs/include/turtlebot3_msgs/turtlebot3_msgs/srv/dqn.hpp
[11.782s] -- Symlinking: /home/anaskh007/Anasros2_ws/install/turtlebot3_msgs/include/turtlebot3_msgs/turtlebot3_msgs/srv/goal.hpp
[11.792s] -- Symlinking: /home/anaskh007/Anasros2_ws/install/turtlebot3_msgs/include/turtlebot3_msgs/turtlebot3_msgs/srv/sound.hpp
[11.800s] -- Symlinking: /home/anaskh007/Anasros2_ws/install/turtlebot3_msgs/include/turtlebot3_msgs/turtlebot3_msgs/action/detail/patrol__rosidl_typesupport_fastrtps_cpp.hpp
[11.809s] -- Symlinking: /home/anaskh007/Anasros2_ws/install/turtlebot3_msgs/include/turtlebot3_msgs/turtlebot3_msgs/msg/detail/sensor_state__rosidl_typesupport_fastrtps_cpp.hpp
[11.820s] -- Symlinking: /home/anaskh007/Anasros2_ws/install/turtlebot3_msgs/include/turtlebot3_msgs/turtlebot3_msgs/msg/detail/sound__rosidl_typesupport_fastrtps_cpp.hpp
[11.831s] -- Symlinking: /home/anaskh007/Anasros2_ws/install/turtlebot3_msgs/include/turtlebot3_msgs/turtlebot3_msgs/msg/detail/version_info__rosidl_typesupport_fastrtps_cpp.hpp
[11.840s] -- Symlinking: /home/anaskh007/Anasros2_ws/install/turtlebot3_msgs/include/turtlebot3_msgs/turtlebot3_msgs/msg/rosidl_typesupport_fastrtps_cpp__visibility_control.h
[11.852s] -- Symlinking: /home/anaskh007/Anasros2_ws/install/turtlebot3_msgs/include/turtlebot3_msgs/turtlebot3_msgs/srv/detail/dqn__rosidl_typesupport_fastrtps_cpp.hpp
[11.861s] -- Symlinking: /home/anaskh007/Anasros2_ws/install/turtlebot3_msgs/include/turtlebot3_msgs/turtlebot3_msgs/srv/detail/goal__rosidl_typesupport_fastrtps_cpp.hpp
[11.872s] -- Symlinking: /home/anaskh007/Anasros2_ws/install/turtlebot3_msgs/include/turtlebot3_msgs/turtlebot3_msgs/srv/detail/sound__rosidl_typesupport_fastrtps_cpp.hpp
[11.880s] -- Symlinking: /home/anaskh007/Anasros2_ws/install/turtlebot3_msgs/include/turtlebot3_msgs/turtlebot3_msgs/action/detail/patrol__rosidl_typesupport_introspection_c.h
[11.890s] -- Symlinking: /home/anaskh007/Anasros2_ws/install/turtlebot3_msgs/include/turtlebot3_msgs/turtlebot3_msgs/msg/detail/sensor_state__rosidl_typesupport_introspection_c.h
[11.901s] -- Symlinking: /home/anaskh007/Anasros2_ws/install/turtlebot3_msgs/include/turtlebot3_msgs/turtlebot3_msgs/msg/detail/sound__rosidl_typesupport_introspection_c.h
[11.909s] -- Symlinking: /home/anaskh007/Anasros2_ws/install/turtlebot3_msgs/include/turtlebot3_msgs/turtlebot3_msgs/msg/detail/version_info__rosidl_typesupport_introspection_c.h
[11.921s] -- Symlinking: /home/anaskh007/Anasros2_ws/install/turtlebot3_msgs/include/turtlebot3_msgs/turtlebot3_msgs/msg/rosidl_typesupport_introspection_c__visibility_control.h
[11.929s] -- Symlinking: /home/anaskh007/Anasros2_ws/install/turtlebot3_msgs/include/turtlebot3_msgs/turtlebot3_msgs/srv/detail/dqn__rosidl_typesupport_introspection_c.h
[11.941s] -- Symlinking: /home/anaskh007/Anasros2_ws/install/turtlebot3_msgs/include/turtlebot3_msgs/turtlebot3_msgs/srv/detail/goal__rosidl_typesupport_introspection_c.h
[11.954s] -- Symlinking: /home/anaskh007/Anasros2_ws/install/turtlebot3_msgs/include/turtlebot3_msgs/turtlebot3_msgs/srv/detail/sound__rosidl_typesupport_introspection_c.h
[11.965s] -- Symlinking: /home/anaskh007/Anasros2_ws/install/turtlebot3_msgs/include/turtlebot3_msgs/turtlebot3_msgs/action/detail/patrol__rosidl_typesupport_introspection_cpp.hpp
[11.975s] -- Symlinking: /home/anaskh007/Anasros2_ws/install/turtlebot3_msgs/include/turtlebot3_msgs/turtlebot3_msgs/msg/detail/sensor_state__rosidl_typesupport_introspection_cpp.hpp
[11.983s] -- Symlinking: /home/anaskh007/Anasros2_ws/install/turtlebot3_msgs/include/turtlebot3_msgs/turtlebot3_msgs/msg/detail/sound__rosidl_typesupport_introspection_cpp.hpp
[11.991s] -- Symlinking: /home/anaskh007/Anasros2_ws/install/turtlebot3_msgs/include/turtlebot3_msgs/turtlebot3_msgs/msg/detail/version_info__rosidl_typesupport_introspection_cpp.hpp
[12.001s] -- Symlinking: /home/anaskh007/Anasros2_ws/install/turtlebot3_msgs/include/turtlebot3_msgs/turtlebot3_msgs/srv/detail/dqn__rosidl_typesupport_introspection_cpp.hpp
[12.011s] -- Symlinking: /home/anaskh007/Anasros2_ws/install/turtlebot3_msgs/include/turtlebot3_msgs/turtlebot3_msgs/srv/detail/goal__rosidl_typesupport_introspection_cpp.hpp
[12.022s] -- Symlinking: /home/anaskh007/Anasros2_ws/install/turtlebot3_msgs/include/turtlebot3_msgs/turtlebot3_msgs/srv/detail/sound__rosidl_typesupport_introspection_cpp.hpp
[12.032s] -- Symlinking: /home/anaskh007/Anasros2_ws/install/turtlebot3_msgs/share/turtlebot3_msgs/environment/pythonpath.sh
[12.042s] -- Symlinking: /home/anaskh007/Anasros2_ws/install/turtlebot3_msgs/share/turtlebot3_msgs/environment/pythonpath.dsv
[12.051s] -- Symlinking: /home/anaskh007/Anasros2_ws/install/turtlebot3_msgs/local/lib/python3.10/dist-packages/turtlebot3_msgs-2.4.0-py3.10.egg-info/PKG-INFO
[12.058s] -- Symlinking: /home/anaskh007/Anasros2_ws/install/turtlebot3_msgs/local/lib/python3.10/dist-packages/turtlebot3_msgs-2.4.0-py3.10.egg-info/SOURCES.txt
[12.066s] -- Symlinking: /home/anaskh007/Anasros2_ws/install/turtlebot3_msgs/local/lib/python3.10/dist-packages/turtlebot3_msgs-2.4.0-py3.10.egg-info/dependency_links.txt
[12.073s] -- Symlinking: /home/anaskh007/Anasros2_ws/install/turtlebot3_msgs/local/lib/python3.10/dist-packages/turtlebot3_msgs-2.4.0-py3.10.egg-info/top_level.txt
[12.082s] -- Symlinking: /home/anaskh007/Anasros2_ws/install/turtlebot3_msgs/local/lib/python3.10/dist-packages/turtlebot3_msgs/__init__.py
[12.090s] -- Symlinking: /home/anaskh007/Anasros2_ws/install/turtlebot3_msgs/local/lib/python3.10/dist-packages/turtlebot3_msgs/_turtlebot3_msgs_s.ep.rosidl_typesupport_c.c
[12.100s] -- Symlinking: /home/anaskh007/Anasros2_ws/install/turtlebot3_msgs/local/lib/python3.10/dist-packages/turtlebot3_msgs/_turtlebot3_msgs_s.ep.rosidl_typesupport_fastrtps_c.c
[12.107s] -- Symlinking: /home/anaskh007/Anasros2_ws/install/turtlebot3_msgs/local/lib/python3.10/dist-packages/turtlebot3_msgs/_turtlebot3_msgs_s.ep.rosidl_typesupport_introspection_c.c
[12.118s] -- Symlinking: /home/anaskh007/Anasros2_ws/install/turtlebot3_msgs/local/lib/python3.10/dist-packages/turtlebot3_msgs/action/__init__.py
[12.125s] -- Symlinking: /home/anaskh007/Anasros2_ws/install/turtlebot3_msgs/local/lib/python3.10/dist-packages/turtlebot3_msgs/action/_patrol.py
[12.133s] -- Symlinking: /home/anaskh007/Anasros2_ws/install/turtlebot3_msgs/local/lib/python3.10/dist-packages/turtlebot3_msgs/action/_patrol_s.c
[12.143s] -- Symlinking: /home/anaskh007/Anasros2_ws/install/turtlebot3_msgs/local/lib/python3.10/dist-packages/turtlebot3_msgs/libturtlebot3_msgs__rosidl_generator_py.so
[12.152s] -- Symlinking: /home/anaskh007/Anasros2_ws/install/turtlebot3_msgs/local/lib/python3.10/dist-packages/turtlebot3_msgs/msg/__init__.py
[12.164s] -- Symlinking: /home/anaskh007/Anasros2_ws/install/turtlebot3_msgs/local/lib/python3.10/dist-packages/turtlebot3_msgs/msg/_sensor_state.py
[12.175s] -- Symlinking: /home/anaskh007/Anasros2_ws/install/turtlebot3_msgs/local/lib/python3.10/dist-packages/turtlebot3_msgs/msg/_sensor_state_s.c
[12.186s] -- Symlinking: /home/anaskh007/Anasros2_ws/install/turtlebot3_msgs/local/lib/python3.10/dist-packages/turtlebot3_msgs/msg/_sound.py
[12.197s] -- Symlinking: /home/anaskh007/Anasros2_ws/install/turtlebot3_msgs/local/lib/python3.10/dist-packages/turtlebot3_msgs/msg/_sound_s.c
[12.208s] -- Symlinking: /home/anaskh007/Anasros2_ws/install/turtlebot3_msgs/local/lib/python3.10/dist-packages/turtlebot3_msgs/msg/_version_info.py
[12.219s] -- Symlinking: /home/anaskh007/Anasros2_ws/install/turtlebot3_msgs/local/lib/python3.10/dist-packages/turtlebot3_msgs/msg/_version_info_s.c
[12.227s] -- Symlinking: /home/anaskh007/Anasros2_ws/install/turtlebot3_msgs/local/lib/python3.10/dist-packages/turtlebot3_msgs/srv/__init__.py
[12.238s] -- Symlinking: /home/anaskh007/Anasros2_ws/install/turtlebot3_msgs/local/lib/python3.10/dist-packages/turtlebot3_msgs/srv/_dqn.py
[12.245s] -- Symlinking: /home/anaskh007/Anasros2_ws/install/turtlebot3_msgs/local/lib/python3.10/dist-packages/turtlebot3_msgs/srv/_dqn_s.c
[12.253s] -- Symlinking: /home/anaskh007/Anasros2_ws/install/turtlebot3_msgs/local/lib/python3.10/dist-packages/turtlebot3_msgs/srv/_goal.py
[12.261s] -- Symlinking: /home/anaskh007/Anasros2_ws/install/turtlebot3_msgs/local/lib/python3.10/dist-packages/turtlebot3_msgs/srv/_goal_s.c
[12.269s] -- Symlinking: /home/anaskh007/Anasros2_ws/install/turtlebot3_msgs/local/lib/python3.10/dist-packages/turtlebot3_msgs/srv/_sound.py
[12.278s] -- Symlinking: /home/anaskh007/Anasros2_ws/install/turtlebot3_msgs/local/lib/python3.10/dist-packages/turtlebot3_msgs/srv/_sound_s.c
[12.290s] -- Symlinking: /home/anaskh007/Anasros2_ws/install/turtlebot3_msgs/local/lib/python3.10/dist-packages/turtlebot3_msgs/turtlebot3_msgs_s__rosidl_typesupport_c.cpython-310-x86_64-linux-gnu.so
[12.298s] -- Symlinking: /home/anaskh007/Anasros2_ws/install/turtlebot3_msgs/local/lib/python3.10/dist-packages/turtlebot3_msgs/turtlebot3_msgs_s__rosidl_typesupport_fastrtps_c.cpython-310-x86_64-linux-gnu.so
[12.309s] -- Symlinking: /home/anaskh007/Anasros2_ws/install/turtlebot3_msgs/local/lib/python3.10/dist-packages/turtlebot3_msgs/turtlebot3_msgs_s__rosidl_typesupport_introspection_c.cpython-310-x86_64-linux-gnu.so
[12.322s] -- Up-to-date symlink: /home/anaskh007/Anasros2_ws/install/turtlebot3_msgs/local/lib/python3.10/dist-packages/turtlebot3_msgs/turtlebot3_msgs_s__rosidl_typesupport_fastrtps_c.cpython-310-x86_64-linux-gnu.so
[12.322s] -- Up-to-date symlink: /home/anaskh007/Anasros2_ws/install/turtlebot3_msgs/local/lib/python3.10/dist-packages/turtlebot3_msgs/turtlebot3_msgs_s__rosidl_typesupport_introspection_c.cpython-310-x86_64-linux-gnu.so
[12.322s] -- Up-to-date symlink: /home/anaskh007/Anasros2_ws/install/turtlebot3_msgs/local/lib/python3.10/dist-packages/turtlebot3_msgs/turtlebot3_msgs_s__rosidl_typesupport_c.cpython-310-x86_64-linux-gnu.so
[12.322s] -- Symlinking: /home/anaskh007/Anasros2_ws/install/turtlebot3_msgs/share/turtlebot3_msgs/msg/SensorState.idl
[12.334s] -- Symlinking: /home/anaskh007/Anasros2_ws/install/turtlebot3_msgs/share/turtlebot3_msgs/msg/Sound.idl
[12.342s] -- Symlinking: /home/anaskh007/Anasros2_ws/install/turtlebot3_msgs/share/turtlebot3_msgs/msg/VersionInfo.idl
[12.354s] -- Symlinking: /home/anaskh007/Anasros2_ws/install/turtlebot3_msgs/share/turtlebot3_msgs/srv/Sound.idl
[12.362s] -- Symlinking: /home/anaskh007/Anasros2_ws/install/turtlebot3_msgs/share/turtlebot3_msgs/srv/Dqn.idl
[12.369s] -- Symlinking: /home/anaskh007/Anasros2_ws/install/turtlebot3_msgs/share/turtlebot3_msgs/srv/Goal.idl
[12.380s] -- Symlinking: /home/anaskh007/Anasros2_ws/install/turtlebot3_msgs/share/turtlebot3_msgs/action/Patrol.idl
[12.388s] -- Symlinking: /home/anaskh007/Anasros2_ws/install/turtlebot3_msgs/share/turtlebot3_msgs/msg/SensorState.msg
[12.399s] -- Symlinking: /home/anaskh007/Anasros2_ws/install/turtlebot3_msgs/share/turtlebot3_msgs/msg/Sound.msg
[12.407s] -- Symlinking: /home/anaskh007/Anasros2_ws/install/turtlebot3_msgs/share/turtlebot3_msgs/msg/VersionInfo.msg
[12.414s] -- Symlinking: /home/anaskh007/Anasros2_ws/install/turtlebot3_msgs/share/turtlebot3_msgs/srv/Sound.srv
[12.424s] -- Symlinking: /home/anaskh007/Anasros2_ws/install/turtlebot3_msgs/share/turtlebot3_msgs/srv/Sound_Request.msg
[12.431s] -- Symlinking: /home/anaskh007/Anasros2_ws/install/turtlebot3_msgs/share/turtlebot3_msgs/srv/Sound_Response.msg
[12.438s] -- Symlinking: /home/anaskh007/Anasros2_ws/install/turtlebot3_msgs/share/turtlebot3_msgs/srv/Dqn.srv
[12.448s] -- Symlinking: /home/anaskh007/Anasros2_ws/install/turtlebot3_msgs/share/turtlebot3_msgs/srv/Dqn_Request.msg
[12.460s] -- Symlinking: /home/anaskh007/Anasros2_ws/install/turtlebot3_msgs/share/turtlebot3_msgs/srv/Dqn_Response.msg
[12.468s] -- Symlinking: /home/anaskh007/Anasros2_ws/install/turtlebot3_msgs/share/turtlebot3_msgs/srv/Goal.srv
[12.477s] -- Symlinking: /home/anaskh007/Anasros2_ws/install/turtlebot3_msgs/share/turtlebot3_msgs/srv/Goal_Request.msg
[12.489s] -- Symlinking: /home/anaskh007/Anasros2_ws/install/turtlebot3_msgs/share/turtlebot3_msgs/srv/Goal_Response.msg
[12.499s] -- Symlinking: /home/anaskh007/Anasros2_ws/install/turtlebot3_msgs/share/turtlebot3_msgs/action/Patrol.action
[12.507s] -- Symlinking: /home/anaskh007/Anasros2_ws/install/turtlebot3_msgs/share/ament_index/resource_index/package_run_dependencies/turtlebot3_msgs
[12.516s] -- Symlinking: /home/anaskh007/Anasros2_ws/install/turtlebot3_msgs/share/ament_index/resource_index/parent_prefix_path/turtlebot3_msgs
[12.524s] -- Symlinking: /home/anaskh007/Anasros2_ws/install/turtlebot3_msgs/share/turtlebot3_msgs/environment/ament_prefix_path.sh
[12.533s] -- Symlinking: /home/anaskh007/Anasros2_ws/install/turtlebot3_msgs/share/turtlebot3_msgs/environment/ament_prefix_path.dsv
[12.544s] -- Symlinking: /home/anaskh007/Anasros2_ws/install/turtlebot3_msgs/share/turtlebot3_msgs/environment/path.sh
[12.555s] -- Symlinking: /home/anaskh007/Anasros2_ws/install/turtlebot3_msgs/share/turtlebot3_msgs/environment/path.dsv
[12.564s] -- Symlinking: /home/anaskh007/Anasros2_ws/install/turtlebot3_msgs/share/turtlebot3_msgs/local_setup.bash
[12.575s] -- Symlinking: /home/anaskh007/Anasros2_ws/install/turtlebot3_msgs/share/turtlebot3_msgs/local_setup.sh
[12.586s] -- Symlinking: /home/anaskh007/Anasros2_ws/install/turtlebot3_msgs/share/turtlebot3_msgs/local_setup.zsh
[12.598s] -- Symlinking: /home/anaskh007/Anasros2_ws/install/turtlebot3_msgs/share/turtlebot3_msgs/local_setup.dsv
[12.605s] -- Symlinking: /home/anaskh007/Anasros2_ws/install/turtlebot3_msgs/share/turtlebot3_msgs/package.dsv
[12.614s] -- Symlinking: /home/anaskh007/Anasros2_ws/install/turtlebot3_msgs/share/ament_index/resource_index/packages/turtlebot3_msgs
[12.622s] -- Symlinking: /home/anaskh007/Anasros2_ws/install/turtlebot3_msgs/share/turtlebot3_msgs/cmake/rosidl_cmake-extras.cmake
[12.630s] -- Symlinking: /home/anaskh007/Anasros2_ws/install/turtlebot3_msgs/share/turtlebot3_msgs/cmake/ament_cmake_export_dependencies-extras.cmake
[12.637s] -- Symlinking: /home/anaskh007/Anasros2_ws/install/turtlebot3_msgs/share/turtlebot3_msgs/cmake/ament_cmake_export_include_directories-extras.cmake
[12.646s] -- Symlinking: /home/anaskh007/Anasros2_ws/install/turtlebot3_msgs/share/turtlebot3_msgs/cmake/ament_cmake_export_libraries-extras.cmake
[12.654s] -- Symlinking: /home/anaskh007/Anasros2_ws/install/turtlebot3_msgs/share/turtlebot3_msgs/cmake/ament_cmake_export_targets-extras.cmake
[12.662s] -- Symlinking: /home/anaskh007/Anasros2_ws/install/turtlebot3_msgs/share/turtlebot3_msgs/cmake/rosidl_cmake_export_typesupport_targets-extras.cmake
[12.673s] -- Symlinking: /home/anaskh007/Anasros2_ws/install/turtlebot3_msgs/share/turtlebot3_msgs/cmake/rosidl_cmake_export_typesupport_libraries-extras.cmake
[12.683s] -- Symlinking: /home/anaskh007/Anasros2_ws/install/turtlebot3_msgs/share/turtlebot3_msgs/cmake/turtlebot3_msgsConfig.cmake
[12.690s] -- Symlinking: /home/anaskh007/Anasros2_ws/install/turtlebot3_msgs/share/turtlebot3_msgs/cmake/turtlebot3_msgsConfig-version.cmake
[12.699s] -- Symlinking: /home/anaskh007/Anasros2_ws/install/turtlebot3_msgs/share/turtlebot3_msgs/package.xml
[12.706s] -- Installing: /home/anaskh007/Anasros2_ws/install/turtlebot3_msgs/lib/libturtlebot3_msgs__rosidl_generator_c.so
[12.706s] -- Set runtime path of "/home/anaskh007/Anasros2_ws/install/turtlebot3_msgs/lib/libturtlebot3_msgs__rosidl_generator_c.so" to ""
[12.706s] -- Installing: /home/anaskh007/Anasros2_ws/install/turtlebot3_msgs/lib/libturtlebot3_msgs__rosidl_typesupport_fastrtps_c.so
[12.706s] -- Set runtime path of "/home/anaskh007/Anasros2_ws/install/turtlebot3_msgs/lib/libturtlebot3_msgs__rosidl_typesupport_fastrtps_c.so" to ""
[12.706s] -- Installing: /home/anaskh007/Anasros2_ws/install/turtlebot3_msgs/lib/libturtlebot3_msgs__rosidl_typesupport_fastrtps_cpp.so
[12.706s] -- Set runtime path of "/home/anaskh007/Anasros2_ws/install/turtlebot3_msgs/lib/libturtlebot3_msgs__rosidl_typesupport_fastrtps_cpp.so" to ""
[12.706s] -- Installing: /home/anaskh007/Anasros2_ws/install/turtlebot3_msgs/lib/libturtlebot3_msgs__rosidl_typesupport_introspection_c.so
[12.707s] -- Set runtime path of "/home/anaskh007/Anasros2_ws/install/turtlebot3_msgs/lib/libturtlebot3_msgs__rosidl_typesupport_introspection_c.so" to ""
[12.707s] -- Installing: /home/anaskh007/Anasros2_ws/install/turtlebot3_msgs/lib/libturtlebot3_msgs__rosidl_typesupport_c.so
[12.707s] -- Set runtime path of "/home/anaskh007/Anasros2_ws/install/turtlebot3_msgs/lib/libturtlebot3_msgs__rosidl_typesupport_c.so" to ""
[12.707s] -- Installing: /home/anaskh007/Anasros2_ws/install/turtlebot3_msgs/lib/libturtlebot3_msgs__rosidl_typesupport_introspection_cpp.so
[12.707s] -- Set runtime path of "/home/anaskh007/Anasros2_ws/install/turtlebot3_msgs/lib/libturtlebot3_msgs__rosidl_typesupport_introspection_cpp.so" to ""
[12.707s] -- Installing: /home/anaskh007/Anasros2_ws/install/turtlebot3_msgs/lib/libturtlebot3_msgs__rosidl_typesupport_cpp.so
[12.707s] -- Set runtime path of "/home/anaskh007/Anasros2_ws/install/turtlebot3_msgs/lib/libturtlebot3_msgs__rosidl_typesupport_cpp.so" to ""
[12.759s] Listing '/home/anaskh007/Anasros2_ws/install/turtlebot3_msgs/local/lib/python3.10/dist-packages/turtlebot3_msgs'...
[12.759s] Compiling '/home/anaskh007/Anasros2_ws/install/turtlebot3_msgs/local/lib/python3.10/dist-packages/turtlebot3_msgs/__init__.py'...
[12.759s] Listing '/home/anaskh007/Anasros2_ws/install/turtlebot3_msgs/local/lib/python3.10/dist-packages/turtlebot3_msgs/action'...
[12.759s] Compiling '/home/anaskh007/Anasros2_ws/install/turtlebot3_msgs/local/lib/python3.10/dist-packages/turtlebot3_msgs/action/__init__.py'...
[12.759s] Compiling '/home/anaskh007/Anasros2_ws/install/turtlebot3_msgs/local/lib/python3.10/dist-packages/turtlebot3_msgs/action/_patrol.py'...
[12.759s] Listing '/home/anaskh007/Anasros2_ws/install/turtlebot3_msgs/local/lib/python3.10/dist-packages/turtlebot3_msgs/msg'...
[12.759s] Compiling '/home/anaskh007/Anasros2_ws/install/turtlebot3_msgs/local/lib/python3.10/dist-packages/turtlebot3_msgs/msg/__init__.py'...
[12.759s] Compiling '/home/anaskh007/Anasros2_ws/install/turtlebot3_msgs/local/lib/python3.10/dist-packages/turtlebot3_msgs/msg/_sensor_state.py'...
[12.759s] Compiling '/home/anaskh007/Anasros2_ws/install/turtlebot3_msgs/local/lib/python3.10/dist-packages/turtlebot3_msgs/msg/_sound.py'...
[12.759s] Compiling '/home/anaskh007/Anasros2_ws/install/turtlebot3_msgs/local/lib/python3.10/dist-packages/turtlebot3_msgs/msg/_version_info.py'...
[12.760s] Listing '/home/anaskh007/Anasros2_ws/install/turtlebot3_msgs/local/lib/python3.10/dist-packages/turtlebot3_msgs/srv'...
[12.760s] Compiling '/home/anaskh007/Anasros2_ws/install/turtlebot3_msgs/local/lib/python3.10/dist-packages/turtlebot3_msgs/srv/__init__.py'...
[12.760s] Compiling '/home/anaskh007/Anasros2_ws/install/turtlebot3_msgs/local/lib/python3.10/dist-packages/turtlebot3_msgs/srv/_dqn.py'...
[12.760s] Compiling '/home/anaskh007/Anasros2_ws/install/turtlebot3_msgs/local/lib/python3.10/dist-packages/turtlebot3_msgs/srv/_goal.py'...
[12.760s] Compiling '/home/anaskh007/Anasros2_ws/install/turtlebot3_msgs/local/lib/python3.10/dist-packages/turtlebot3_msgs/srv/_sound.py'...
[12.764s] -- Installing: /home/anaskh007/Anasros2_ws/install/turtlebot3_msgs/lib/libturtlebot3_msgs__rosidl_generator_py.so
[12.764s] -- Set runtime path of "/home/anaskh007/Anasros2_ws/install/turtlebot3_msgs/lib/libturtlebot3_msgs__rosidl_generator_py.so" to ""
[12.764s] -- Installing: /home/anaskh007/Anasros2_ws/install/turtlebot3_msgs/share/turtlebot3_msgs/cmake/export_turtlebot3_msgs__rosidl_generator_cExport.cmake
[12.764s] -- Installing: /home/anaskh007/Anasros2_ws/install/turtlebot3_msgs/share/turtlebot3_msgs/cmake/export_turtlebot3_msgs__rosidl_generator_cExport-noconfig.cmake
[12.764s] -- Installing: /home/anaskh007/Anasros2_ws/install/turtlebot3_msgs/share/turtlebot3_msgs/cmake/export_turtlebot3_msgs__rosidl_typesupport_fastrtps_cExport.cmake
[12.764s] -- Installing: /home/anaskh007/Anasros2_ws/install/turtlebot3_msgs/share/turtlebot3_msgs/cmake/export_turtlebot3_msgs__rosidl_typesupport_fastrtps_cExport-noconfig.cmake
[12.765s] -- Installing: /home/anaskh007/Anasros2_ws/install/turtlebot3_msgs/share/turtlebot3_msgs/cmake/export_turtlebot3_msgs__rosidl_generator_cppExport.cmake
[12.765s] -- Installing: /home/anaskh007/Anasros2_ws/install/turtlebot3_msgs/share/turtlebot3_msgs/cmake/export_turtlebot3_msgs__rosidl_typesupport_fastrtps_cppExport.cmake
[12.765s] -- Installing: /home/anaskh007/Anasros2_ws/install/turtlebot3_msgs/share/turtlebot3_msgs/cmake/export_turtlebot3_msgs__rosidl_typesupport_fastrtps_cppExport-noconfig.cmake
[12.765s] -- Installing: /home/anaskh007/Anasros2_ws/install/turtlebot3_msgs/share/turtlebot3_msgs/cmake/turtlebot3_msgs__rosidl_typesupport_introspection_cExport.cmake
[12.765s] -- Installing: /home/anaskh007/Anasros2_ws/install/turtlebot3_msgs/share/turtlebot3_msgs/cmake/turtlebot3_msgs__rosidl_typesupport_introspection_cExport-noconfig.cmake
[12.765s] -- Installing: /home/anaskh007/Anasros2_ws/install/turtlebot3_msgs/share/turtlebot3_msgs/cmake/turtlebot3_msgs__rosidl_typesupport_cExport.cmake
[12.765s] -- Installing: /home/anaskh007/Anasros2_ws/install/turtlebot3_msgs/share/turtlebot3_msgs/cmake/turtlebot3_msgs__rosidl_typesupport_cExport-noconfig.cmake
[12.765s] -- Installing: /home/anaskh007/Anasros2_ws/install/turtlebot3_msgs/share/turtlebot3_msgs/cmake/turtlebot3_msgs__rosidl_typesupport_introspection_cppExport.cmake
[12.765s] -- Installing: /home/anaskh007/Anasros2_ws/install/turtlebot3_msgs/share/turtlebot3_msgs/cmake/turtlebot3_msgs__rosidl_typesupport_introspection_cppExport-noconfig.cmake
[12.765s] -- Installing: /home/anaskh007/Anasros2_ws/install/turtlebot3_msgs/share/turtlebot3_msgs/cmake/turtlebot3_msgs__rosidl_typesupport_cppExport.cmake
[12.765s] -- Installing: /home/anaskh007/Anasros2_ws/install/turtlebot3_msgs/share/turtlebot3_msgs/cmake/turtlebot3_msgs__rosidl_typesupport_cppExport-noconfig.cmake
[12.766s] -- Installing: /home/anaskh007/Anasros2_ws/install/turtlebot3_msgs/share/turtlebot3_msgs/cmake/export_turtlebot3_msgs__rosidl_generator_pyExport.cmake
[12.766s] -- Installing: /home/anaskh007/Anasros2_ws/install/turtlebot3_msgs/share/turtlebot3_msgs/cmake/export_turtlebot3_msgs__rosidl_generator_pyExport-noconfig.cmake
[12.768s] Invoked command in '/home/anaskh007/Anasros2_ws/build/turtlebot3_msgs' returned '0': CMAKE_PREFIX_PATH=${CMAKE_PREFIX_PATH}:/home/anaskh007/Anasros2_ws/install/turtlebot3_teleop:/home/anaskh007/Anasros2_ws/install/turtlebot3_example:/home/anaskh007/Anasros2_ws/install/dual_robot_nav:/home/anaskh007/Anasros2_ws/install/pub_sub_ex:/home/anaskh007/Anasros2_ws/install/mission_planner:/opt/ros/humble /usr/bin/cmake --install /home/anaskh007/Anasros2_ws/build/turtlebot3_msgs
