[1.267s] Invoking command in '/home/anaskh007/Anasros2_ws/build/pub_sub_ex': PYTHONPATH=/home/anaskh007/Anasros2_ws/build/pub_sub_ex/prefix_override:/usr/lib/python3/dist-packages/colcon_core/task/python/colcon_distutils_commands:/home/anaskh007/Anasros2_ws/install/pub_sub_ex/lib/python3.10/site-packages:${PYTHONPATH} /usr/bin/python3 -W ignore:setup.py install is deprecated -W ignore:easy_install command is deprecated setup.py develop --editable --build-directory /home/anaskh007/Anasros2_ws/build/pub_sub_ex/build --no-deps symlink_data
[1.554s] running develop
[1.684s] running egg_info
[1.684s] writing pub_sub_ex.egg-info/PKG-INFO
[1.684s] writing dependency_links to pub_sub_ex.egg-info/dependency_links.txt
[1.684s] writing entry points to pub_sub_ex.egg-info/entry_points.txt
[1.684s] writing requirements to pub_sub_ex.egg-info/requires.txt
[1.684s] writing top-level names to pub_sub_ex.egg-info/top_level.txt
[1.686s] reading manifest file 'pub_sub_ex.egg-info/SOURCES.txt'
[1.687s] writing manifest file 'pub_sub_ex.egg-info/SOURCES.txt'
[1.688s] running build_ext
[1.688s] Creating /home/anaskh007/Anasros2_ws/install/pub_sub_ex/lib/python3.10/site-packages/pub-sub-ex.egg-link (link to .)
[1.689s] Installing nav_goals script to /home/anaskh007/Anasros2_ws/install/pub_sub_ex/lib/pub_sub_ex
[1.689s] Installing nav_goals_fixed script to /home/anaskh007/Anasros2_ws/install/pub_sub_ex/lib/pub_sub_ex
[1.689s] Installing nav_simple script to /home/anaskh007/Anasros2_ws/install/pub_sub_ex/lib/pub_sub_ex
[1.689s] Installing pub script to /home/anaskh007/Anasros2_ws/install/pub_sub_ex/lib/pub_sub_ex
[1.689s] Installing sub script to /home/anaskh007/Anasros2_ws/install/pub_sub_ex/lib/pub_sub_ex
[1.689s] 
[1.689s] Installed /home/anaskh007/Anasros2_ws/build/pub_sub_ex
[1.689s] running symlink_data
[1.719s] Invoked command in '/home/anaskh007/Anasros2_ws/build/pub_sub_ex' returned '0': PYTHONPATH=/home/anaskh007/Anasros2_ws/build/pub_sub_ex/prefix_override:/usr/lib/python3/dist-packages/colcon_core/task/python/colcon_distutils_commands:/home/anaskh007/Anasros2_ws/install/pub_sub_ex/lib/python3.10/site-packages:${PYTHONPATH} /usr/bin/python3 -W ignore:setup.py install is deprecated -W ignore:easy_install command is deprecated setup.py develop --editable --build-directory /home/anaskh007/Anasros2_ws/build/pub_sub_ex/build --no-deps symlink_data
