[0.012s] Invoking command in '/home/anaskh007/Anasros2_ws/build/turtlebot3_bringup': CMAKE_PREFIX_PATH=/home/anaskh007/Anasros2_ws/install/turtlebot3_node:/home/anaskh007/Anasros2_ws/install/turtlebot3_msgs:/home/anaskh007/Anasros2_ws/install/turtlebot3_description:/home/anaskh007/Anasros2_ws/install/dynamixel_sdk:/home/anaskh007/Anasros2_ws/install/turtlebot3:/home/anaskh007/Anasros2_ws/install/turtlebot3_simulations:/home/anaskh007/Anasros2_ws/install/turtlebot3_bringup:/home/anaskh007/Anasros2_ws/install/turtlebot3_navigation2:/home/anaskh007/Anasros2_ws/install/turtlebot3_fake_node:/home/anaskh007/Anasros2_ws/install/turtlebot3_manipulation_gazebo:/home/anaskh007/Anasros2_ws/install/turtlebot3_gazebo:/home/anaskh007/Anasros2_ws/install/turtlebot3_cartographer:/home/anaskh007/Anasros2_ws/install/dynamixel_sdk_examples:/home/anaskh007/Anasros2_ws/install/dynamixel_sdk_custom_interfaces:/home/anaskh007/Anasros2_ws/install/turtlebot3_teleop:/home/anaskh007/Anasros2_ws/install/turtlebot3_example:/home/anaskh007/Anasros2_ws/install/dual_robot_nav:/home/anaskh007/Anasros2_ws/install/pub_sub_ex:/home/anaskh007/Anasros2_ws/install/mission_planner:/opt/ros/humble LD_LIBRARY_PATH=/home/anaskh007/Anasros2_ws/install/turtlebot3_msgs/lib:/home/anaskh007/Anasros2_ws/install/dynamixel_sdk/lib:/home/anaskh007/Anasros2_ws/install/dynamixel_sdk_custom_interfaces/lib:/usr/lib/x86_64-linux-gnu/gazebo-11/plugins:/opt/ros/humble/opt/rviz_ogre_vendor/lib:/opt/ros/humble/lib/x86_64-linux-gnu:/opt/ros/humble/lib:/usr/lib/x86_64-linux-gnu/gazebo-11/plugins /usr/bin/cmake /home/anaskh007/Anasros2_ws/src/turtlebot3/turtlebot3_bringup -DAMENT_CMAKE_SYMLINK_INSTALL=1 -DCMAKE_INSTALL_PREFIX=/home/anaskh007/Anasros2_ws/install/turtlebot3_bringup
[0.053s] -- The C compiler identification is GNU 11.4.0
[0.096s] -- The CXX compiler identification is GNU 11.4.0
[0.103s] -- Detecting C compiler ABI info
[0.162s] -- Detecting C compiler ABI info - done
[0.167s] -- Check for working C compiler: /usr/bin/cc - skipped
[0.168s] -- Detecting C compile features
[0.168s] -- Detecting C compile features - done
[0.170s] -- Detecting CXX compiler ABI info
[0.235s] -- Detecting CXX compiler ABI info - done
[0.243s] -- Check for working CXX compiler: /usr/bin/c++ - skipped
[0.243s] -- Detecting CXX compile features
[0.243s] -- Detecting CXX compile features - done
[0.246s] -- Found ament_cmake: 1.3.12 (/opt/ros/humble/share/ament_cmake/cmake)
[0.374s] -- Found Python3: /usr/bin/python3 (found version "3.10.12") found components: Interpreter 
[0.425s] -- Override CMake install command with custom implementation using symlinks instead of copying resources
[0.502s] -- Configuring done
[0.504s] -- Generating done
[0.505s] -- Build files have been written to: /home/anaskh007/Anasros2_ws/build/turtlebot3_bringup
[0.508s] Invoked command in '/home/anaskh007/Anasros2_ws/build/turtlebot3_bringup' returned '0': CMAKE_PREFIX_PATH=/home/anaskh007/Anasros2_ws/install/turtlebot3_node:/home/anaskh007/Anasros2_ws/install/turtlebot3_msgs:/home/anaskh007/Anasros2_ws/install/turtlebot3_description:/home/anaskh007/Anasros2_ws/install/dynamixel_sdk:/home/anaskh007/Anasros2_ws/install/turtlebot3:/home/anaskh007/Anasros2_ws/install/turtlebot3_simulations:/home/anaskh007/Anasros2_ws/install/turtlebot3_bringup:/home/anaskh007/Anasros2_ws/install/turtlebot3_navigation2:/home/anaskh007/Anasros2_ws/install/turtlebot3_fake_node:/home/anaskh007/Anasros2_ws/install/turtlebot3_manipulation_gazebo:/home/anaskh007/Anasros2_ws/install/turtlebot3_gazebo:/home/anaskh007/Anasros2_ws/install/turtlebot3_cartographer:/home/anaskh007/Anasros2_ws/install/dynamixel_sdk_examples:/home/anaskh007/Anasros2_ws/install/dynamixel_sdk_custom_interfaces:/home/anaskh007/Anasros2_ws/install/turtlebot3_teleop:/home/anaskh007/Anasros2_ws/install/turtlebot3_example:/home/anaskh007/Anasros2_ws/install/dual_robot_nav:/home/anaskh007/Anasros2_ws/install/pub_sub_ex:/home/anaskh007/Anasros2_ws/install/mission_planner:/opt/ros/humble LD_LIBRARY_PATH=/home/anaskh007/Anasros2_ws/install/turtlebot3_msgs/lib:/home/anaskh007/Anasros2_ws/install/dynamixel_sdk/lib:/home/anaskh007/Anasros2_ws/install/dynamixel_sdk_custom_interfaces/lib:/usr/lib/x86_64-linux-gnu/gazebo-11/plugins:/opt/ros/humble/opt/rviz_ogre_vendor/lib:/opt/ros/humble/lib/x86_64-linux-gnu:/opt/ros/humble/lib:/usr/lib/x86_64-linux-gnu/gazebo-11/plugins /usr/bin/cmake /home/anaskh007/Anasros2_ws/src/turtlebot3/turtlebot3_bringup -DAMENT_CMAKE_SYMLINK_INSTALL=1 -DCMAKE_INSTALL_PREFIX=/home/anaskh007/Anasros2_ws/install/turtlebot3_bringup
[0.509s] Invoking command in '/home/anaskh007/Anasros2_ws/build/turtlebot3_bringup': CMAKE_PREFIX_PATH=/home/anaskh007/Anasros2_ws/install/turtlebot3_node:/home/anaskh007/Anasros2_ws/install/turtlebot3_msgs:/home/anaskh007/Anasros2_ws/install/turtlebot3_description:/home/anaskh007/Anasros2_ws/install/dynamixel_sdk:/home/anaskh007/Anasros2_ws/install/turtlebot3:/home/anaskh007/Anasros2_ws/install/turtlebot3_simulations:/home/anaskh007/Anasros2_ws/install/turtlebot3_bringup:/home/anaskh007/Anasros2_ws/install/turtlebot3_navigation2:/home/anaskh007/Anasros2_ws/install/turtlebot3_fake_node:/home/anaskh007/Anasros2_ws/install/turtlebot3_manipulation_gazebo:/home/anaskh007/Anasros2_ws/install/turtlebot3_gazebo:/home/anaskh007/Anasros2_ws/install/turtlebot3_cartographer:/home/anaskh007/Anasros2_ws/install/dynamixel_sdk_examples:/home/anaskh007/Anasros2_ws/install/dynamixel_sdk_custom_interfaces:/home/anaskh007/Anasros2_ws/install/turtlebot3_teleop:/home/anaskh007/Anasros2_ws/install/turtlebot3_example:/home/anaskh007/Anasros2_ws/install/dual_robot_nav:/home/anaskh007/Anasros2_ws/install/pub_sub_ex:/home/anaskh007/Anasros2_ws/install/mission_planner:/opt/ros/humble LD_LIBRARY_PATH=/home/anaskh007/Anasros2_ws/install/turtlebot3_msgs/lib:/home/anaskh007/Anasros2_ws/install/dynamixel_sdk/lib:/home/anaskh007/Anasros2_ws/install/dynamixel_sdk_custom_interfaces/lib:/usr/lib/x86_64-linux-gnu/gazebo-11/plugins:/opt/ros/humble/opt/rviz_ogre_vendor/lib:/opt/ros/humble/lib/x86_64-linux-gnu:/opt/ros/humble/lib:/usr/lib/x86_64-linux-gnu/gazebo-11/plugins /usr/bin/cmake --build /home/anaskh007/Anasros2_ws/build/turtlebot3_bringup -- -j16 -l16
[0.540s] Invoked command in '/home/anaskh007/Anasros2_ws/build/turtlebot3_bringup' returned '0': CMAKE_PREFIX_PATH=/home/anaskh007/Anasros2_ws/install/turtlebot3_node:/home/anaskh007/Anasros2_ws/install/turtlebot3_msgs:/home/anaskh007/Anasros2_ws/install/turtlebot3_description:/home/anaskh007/Anasros2_ws/install/dynamixel_sdk:/home/anaskh007/Anasros2_ws/install/turtlebot3:/home/anaskh007/Anasros2_ws/install/turtlebot3_simulations:/home/anaskh007/Anasros2_ws/install/turtlebot3_bringup:/home/anaskh007/Anasros2_ws/install/turtlebot3_navigation2:/home/anaskh007/Anasros2_ws/install/turtlebot3_fake_node:/home/anaskh007/Anasros2_ws/install/turtlebot3_manipulation_gazebo:/home/anaskh007/Anasros2_ws/install/turtlebot3_gazebo:/home/anaskh007/Anasros2_ws/install/turtlebot3_cartographer:/home/anaskh007/Anasros2_ws/install/dynamixel_sdk_examples:/home/anaskh007/Anasros2_ws/install/dynamixel_sdk_custom_interfaces:/home/anaskh007/Anasros2_ws/install/turtlebot3_teleop:/home/anaskh007/Anasros2_ws/install/turtlebot3_example:/home/anaskh007/Anasros2_ws/install/dual_robot_nav:/home/anaskh007/Anasros2_ws/install/pub_sub_ex:/home/anaskh007/Anasros2_ws/install/mission_planner:/opt/ros/humble LD_LIBRARY_PATH=/home/anaskh007/Anasros2_ws/install/turtlebot3_msgs/lib:/home/anaskh007/Anasros2_ws/install/dynamixel_sdk/lib:/home/anaskh007/Anasros2_ws/install/dynamixel_sdk_custom_interfaces/lib:/usr/lib/x86_64-linux-gnu/gazebo-11/plugins:/opt/ros/humble/opt/rviz_ogre_vendor/lib:/opt/ros/humble/lib/x86_64-linux-gnu:/opt/ros/humble/lib:/usr/lib/x86_64-linux-gnu/gazebo-11/plugins /usr/bin/cmake --build /home/anaskh007/Anasros2_ws/build/turtlebot3_bringup -- -j16 -l16
[0.542s] Invoking command in '/home/anaskh007/Anasros2_ws/build/turtlebot3_bringup': CMAKE_PREFIX_PATH=/home/anaskh007/Anasros2_ws/install/turtlebot3_node:/home/anaskh007/Anasros2_ws/install/turtlebot3_msgs:/home/anaskh007/Anasros2_ws/install/turtlebot3_description:/home/anaskh007/Anasros2_ws/install/dynamixel_sdk:/home/anaskh007/Anasros2_ws/install/turtlebot3:/home/anaskh007/Anasros2_ws/install/turtlebot3_simulations:/home/anaskh007/Anasros2_ws/install/turtlebot3_bringup:/home/anaskh007/Anasros2_ws/install/turtlebot3_navigation2:/home/anaskh007/Anasros2_ws/install/turtlebot3_fake_node:/home/anaskh007/Anasros2_ws/install/turtlebot3_manipulation_gazebo:/home/anaskh007/Anasros2_ws/install/turtlebot3_gazebo:/home/anaskh007/Anasros2_ws/install/turtlebot3_cartographer:/home/anaskh007/Anasros2_ws/install/dynamixel_sdk_examples:/home/anaskh007/Anasros2_ws/install/dynamixel_sdk_custom_interfaces:/home/anaskh007/Anasros2_ws/install/turtlebot3_teleop:/home/anaskh007/Anasros2_ws/install/turtlebot3_example:/home/anaskh007/Anasros2_ws/install/dual_robot_nav:/home/anaskh007/Anasros2_ws/install/pub_sub_ex:/home/anaskh007/Anasros2_ws/install/mission_planner:/opt/ros/humble LD_LIBRARY_PATH=/home/anaskh007/Anasros2_ws/install/turtlebot3_msgs/lib:/home/anaskh007/Anasros2_ws/install/dynamixel_sdk/lib:/home/anaskh007/Anasros2_ws/install/dynamixel_sdk_custom_interfaces/lib:/usr/lib/x86_64-linux-gnu/gazebo-11/plugins:/opt/ros/humble/opt/rviz_ogre_vendor/lib:/opt/ros/humble/lib/x86_64-linux-gnu:/opt/ros/humble/lib:/usr/lib/x86_64-linux-gnu/gazebo-11/plugins /usr/bin/cmake --install /home/anaskh007/Anasros2_ws/build/turtlebot3_bringup
[0.548s] -- Install configuration: ""
[0.548s] -- Execute custom install script
[0.548s] -- Symlinking: /home/anaskh007/Anasros2_ws/install/turtlebot3_bringup/share/turtlebot3_bringup/launch/camera.launch.py
[0.557s] -- Symlinking: /home/anaskh007/Anasros2_ws/install/turtlebot3_bringup/share/turtlebot3_bringup/launch/robot.launch.py
[0.563s] -- Symlinking: /home/anaskh007/Anasros2_ws/install/turtlebot3_bringup/share/turtlebot3_bringup/launch/rviz2.launch.py
[0.571s] -- Symlinking: /home/anaskh007/Anasros2_ws/install/turtlebot3_bringup/share/turtlebot3_bringup/launch/turtlebot3_state_publisher.launch.py
[0.579s] -- Symlinking: /home/anaskh007/Anasros2_ws/install/turtlebot3_bringup/share/turtlebot3_bringup/param/burger.yaml
[0.586s] -- Symlinking: /home/anaskh007/Anasros2_ws/install/turtlebot3_bringup/share/turtlebot3_bringup/param/humble/burger.yaml
[0.594s] -- Symlinking: /home/anaskh007/Anasros2_ws/install/turtlebot3_bringup/share/turtlebot3_bringup/param/humble/waffle.yaml
[0.601s] -- Symlinking: /home/anaskh007/Anasros2_ws/install/turtlebot3_bringup/share/turtlebot3_bringup/param/humble/waffle_pi.yaml
[0.609s] -- Symlinking: /home/anaskh007/Anasros2_ws/install/turtlebot3_bringup/share/turtlebot3_bringup/param/waffle.yaml
[0.617s] -- Symlinking: /home/anaskh007/Anasros2_ws/install/turtlebot3_bringup/share/turtlebot3_bringup/param/waffle_pi.yaml
[0.623s] -- Symlinking: /home/anaskh007/Anasros2_ws/install/turtlebot3_bringup/share/turtlebot3_bringup/script/99-turtlebot3-cdc.rules
[0.629s] -- Symlinking: /home/anaskh007/Anasros2_ws/install/turtlebot3_bringup/share/turtlebot3_bringup/script/create_udev_rules
[0.637s] -- Symlinking: /home/anaskh007/Anasros2_ws/install/turtlebot3_bringup/share/ament_index/resource_index/package_run_dependencies/turtlebot3_bringup
[0.644s] -- Symlinking: /home/anaskh007/Anasros2_ws/install/turtlebot3_bringup/share/ament_index/resource_index/parent_prefix_path/turtlebot3_bringup
[0.650s] -- Symlinking: /home/anaskh007/Anasros2_ws/install/turtlebot3_bringup/share/turtlebot3_bringup/environment/ament_prefix_path.sh
[0.657s] -- Symlinking: /home/anaskh007/Anasros2_ws/install/turtlebot3_bringup/share/turtlebot3_bringup/environment/ament_prefix_path.dsv
[0.663s] -- Symlinking: /home/anaskh007/Anasros2_ws/install/turtlebot3_bringup/share/turtlebot3_bringup/environment/path.sh
[0.671s] -- Symlinking: /home/anaskh007/Anasros2_ws/install/turtlebot3_bringup/share/turtlebot3_bringup/environment/path.dsv
[0.678s] -- Symlinking: /home/anaskh007/Anasros2_ws/install/turtlebot3_bringup/share/turtlebot3_bringup/local_setup.bash
[0.684s] -- Symlinking: /home/anaskh007/Anasros2_ws/install/turtlebot3_bringup/share/turtlebot3_bringup/local_setup.sh
[0.690s] -- Symlinking: /home/anaskh007/Anasros2_ws/install/turtlebot3_bringup/share/turtlebot3_bringup/local_setup.zsh
[0.698s] -- Symlinking: /home/anaskh007/Anasros2_ws/install/turtlebot3_bringup/share/turtlebot3_bringup/local_setup.dsv
[0.707s] -- Symlinking: /home/anaskh007/Anasros2_ws/install/turtlebot3_bringup/share/turtlebot3_bringup/package.dsv
[0.714s] -- Symlinking: /home/anaskh007/Anasros2_ws/install/turtlebot3_bringup/share/ament_index/resource_index/packages/turtlebot3_bringup
[0.720s] -- Symlinking: /home/anaskh007/Anasros2_ws/install/turtlebot3_bringup/share/turtlebot3_bringup/cmake/turtlebot3_bringupConfig.cmake
[0.726s] -- Symlinking: /home/anaskh007/Anasros2_ws/install/turtlebot3_bringup/share/turtlebot3_bringup/cmake/turtlebot3_bringupConfig-version.cmake
[0.733s] -- Symlinking: /home/anaskh007/Anasros2_ws/install/turtlebot3_bringup/share/turtlebot3_bringup/package.xml
[0.743s] Invoked command in '/home/anaskh007/Anasros2_ws/build/turtlebot3_bringup' returned '0': CMAKE_PREFIX_PATH=/home/anaskh007/Anasros2_ws/install/turtlebot3_node:/home/anaskh007/Anasros2_ws/install/turtlebot3_msgs:/home/anaskh007/Anasros2_ws/install/turtlebot3_description:/home/anaskh007/Anasros2_ws/install/dynamixel_sdk:/home/anaskh007/Anasros2_ws/install/turtlebot3:/home/anaskh007/Anasros2_ws/install/turtlebot3_simulations:/home/anaskh007/Anasros2_ws/install/turtlebot3_bringup:/home/anaskh007/Anasros2_ws/install/turtlebot3_navigation2:/home/anaskh007/Anasros2_ws/install/turtlebot3_fake_node:/home/anaskh007/Anasros2_ws/install/turtlebot3_manipulation_gazebo:/home/anaskh007/Anasros2_ws/install/turtlebot3_gazebo:/home/anaskh007/Anasros2_ws/install/turtlebot3_cartographer:/home/anaskh007/Anasros2_ws/install/dynamixel_sdk_examples:/home/anaskh007/Anasros2_ws/install/dynamixel_sdk_custom_interfaces:/home/anaskh007/Anasros2_ws/install/turtlebot3_teleop:/home/anaskh007/Anasros2_ws/install/turtlebot3_example:/home/anaskh007/Anasros2_ws/install/dual_robot_nav:/home/anaskh007/Anasros2_ws/install/pub_sub_ex:/home/anaskh007/Anasros2_ws/install/mission_planner:/opt/ros/humble LD_LIBRARY_PATH=/home/anaskh007/Anasros2_ws/install/turtlebot3_msgs/lib:/home/anaskh007/Anasros2_ws/install/dynamixel_sdk/lib:/home/anaskh007/Anasros2_ws/install/dynamixel_sdk_custom_interfaces/lib:/usr/lib/x86_64-linux-gnu/gazebo-11/plugins:/opt/ros/humble/opt/rviz_ogre_vendor/lib:/opt/ros/humble/lib/x86_64-linux-gnu:/opt/ros/humble/lib:/usr/lib/x86_64-linux-gnu/gazebo-11/plugins /usr/bin/cmake --install /home/anaskh007/Anasros2_ws/build/turtlebot3_bringup
