[0.901s] Invoking command in '/home/anaskh007/Anasros2_ws/build/turtlebot3_example': CMAKE_PREFIX_PATH=/home/anaskh007/Anasros2_ws/install/turtlebot3_msgs:/home/anaskh007/Anasros2_ws/install/turtlebot3:/home/anaskh007/Anasros2_ws/install/turtlebot3_simulations:/home/anaskh007/Anasros2_ws/install/turtlebot3_bringup:/home/anaskh007/Anasros2_ws/install/turtlebot3_node:/home/anaskh007/Anasros2_ws/install/turtlebot3_navigation2:/home/anaskh007/Anasros2_ws/install/turtlebot3_fake_node:/home/anaskh007/Anasros2_ws/install/turtlebot3_manipulation_gazebo:/home/anaskh007/Anasros2_ws/install/turtlebot3_gazebo:/home/anaskh007/Anasros2_ws/install/turtlebot3_description:/home/anaskh007/Anasros2_ws/install/turtlebot3_cartographer:/home/anaskh007/Anasros2_ws/install/dynamixel_sdk_examples:/home/anaskh007/Anasros2_ws/install/dynamixel_sdk_custom_interfaces:/home/anaskh007/Anasros2_ws/install/dynamixel_sdk LD_LIBRARY_PATH=/home/anaskh007/Anasros2_ws/install/turtlebot3_msgs/lib:/home/anaskh007/Anasros2_ws/install/dynamixel_sdk_custom_interfaces/lib:/home/anaskh007/Anasros2_ws/install/dynamixel_sdk/lib:/usr/lib/x86_64-linux-gnu/gazebo-11/plugins:/opt/ros/humble/opt/rviz_ogre_vendor/lib:/opt/ros/humble/lib/x86_64-linux-gnu:/opt/ros/humble/lib:/usr/lib/x86_64-linux-gnu/gazebo-11/plugins PYTHONPATH=/home/anaskh007/Anasros2_ws/build/turtlebot3_example/prefix_override:/usr/lib/python3/dist-packages/colcon_core/task/python/colcon_distutils_commands:/home/anaskh007/Anasros2_ws/install/turtlebot3_example/lib/python3.10/site-packages:${PYTHONPATH} /usr/bin/python3 -W ignore:setup.py install is deprecated -W ignore:easy_install command is deprecated setup.py develop --editable --build-directory /home/anaskh007/Anasros2_ws/build/turtlebot3_example/build --no-deps symlink_data
[1.315s] running develop
[1.617s] running egg_info
[1.617s] creating turtlebot3_example.egg-info
[1.619s] writing turtlebot3_example.egg-info/PKG-INFO
[1.620s] writing dependency_links to turtlebot3_example.egg-info/dependency_links.txt
[1.620s] writing entry points to turtlebot3_example.egg-info/entry_points.txt
[1.620s] writing requirements to turtlebot3_example.egg-info/requires.txt
[1.620s] writing top-level names to turtlebot3_example.egg-info/top_level.txt
[1.620s] writing manifest file 'turtlebot3_example.egg-info/SOURCES.txt'
[1.622s] reading manifest file 'turtlebot3_example.egg-info/SOURCES.txt'
[1.624s] writing manifest file 'turtlebot3_example.egg-info/SOURCES.txt'
[1.627s] running build_ext
[1.627s] Creating /home/anaskh007/Anasros2_ws/install/turtlebot3_example/lib/python3.10/site-packages/turtlebot3-example.egg-link (link to .)
[1.628s] Installing turtlebot3_absolute_move script to /home/anaskh007/Anasros2_ws/install/turtlebot3_example/lib/turtlebot3_example
[1.628s] Installing turtlebot3_interactive_marker script to /home/anaskh007/Anasros2_ws/install/turtlebot3_example/lib/turtlebot3_example
[1.628s] Installing turtlebot3_obstacle_detection script to /home/anaskh007/Anasros2_ws/install/turtlebot3_example/lib/turtlebot3_example
[1.628s] Installing turtlebot3_patrol_client script to /home/anaskh007/Anasros2_ws/install/turtlebot3_example/lib/turtlebot3_example
[1.628s] Installing turtlebot3_patrol_server script to /home/anaskh007/Anasros2_ws/install/turtlebot3_example/lib/turtlebot3_example
[1.629s] Installing turtlebot3_relative_move script to /home/anaskh007/Anasros2_ws/install/turtlebot3_example/lib/turtlebot3_example
[1.629s] 
[1.629s] Installed /home/anaskh007/Anasros2_ws/build/turtlebot3_example
[1.629s] running symlink_data
[1.629s] creating /home/anaskh007/Anasros2_ws/install/turtlebot3_example/share/ament_index
[1.629s] creating /home/anaskh007/Anasros2_ws/install/turtlebot3_example/share/ament_index/resource_index
[1.629s] creating /home/anaskh007/Anasros2_ws/install/turtlebot3_example/share/ament_index/resource_index/packages
[1.630s] symbolically linking /home/anaskh007/Anasros2_ws/build/turtlebot3_example/resource/turtlebot3_example -> /home/anaskh007/Anasros2_ws/install/turtlebot3_example/share/ament_index/resource_index/packages
[1.630s] symbolically linking /home/anaskh007/Anasros2_ws/build/turtlebot3_example/package.xml -> /home/anaskh007/Anasros2_ws/install/turtlebot3_example/share/turtlebot3_example
[1.678s] Invoked command in '/home/anaskh007/Anasros2_ws/build/turtlebot3_example' returned '0': CMAKE_PREFIX_PATH=/home/anaskh007/Anasros2_ws/install/turtlebot3_msgs:/home/anaskh007/Anasros2_ws/install/turtlebot3:/home/anaskh007/Anasros2_ws/install/turtlebot3_simulations:/home/anaskh007/Anasros2_ws/install/turtlebot3_bringup:/home/anaskh007/Anasros2_ws/install/turtlebot3_node:/home/anaskh007/Anasros2_ws/install/turtlebot3_navigation2:/home/anaskh007/Anasros2_ws/install/turtlebot3_fake_node:/home/anaskh007/Anasros2_ws/install/turtlebot3_manipulation_gazebo:/home/anaskh007/Anasros2_ws/install/turtlebot3_gazebo:/home/anaskh007/Anasros2_ws/install/turtlebot3_description:/home/anaskh007/Anasros2_ws/install/turtlebot3_cartographer:/home/anaskh007/Anasros2_ws/install/dynamixel_sdk_examples:/home/anaskh007/Anasros2_ws/install/dynamixel_sdk_custom_interfaces:/home/anaskh007/Anasros2_ws/install/dynamixel_sdk LD_LIBRARY_PATH=/home/anaskh007/Anasros2_ws/install/turtlebot3_msgs/lib:/home/anaskh007/Anasros2_ws/install/dynamixel_sdk_custom_interfaces/lib:/home/anaskh007/Anasros2_ws/install/dynamixel_sdk/lib:/usr/lib/x86_64-linux-gnu/gazebo-11/plugins:/opt/ros/humble/opt/rviz_ogre_vendor/lib:/opt/ros/humble/lib/x86_64-linux-gnu:/opt/ros/humble/lib:/usr/lib/x86_64-linux-gnu/gazebo-11/plugins PYTHONPATH=/home/anaskh007/Anasros2_ws/build/turtlebot3_example/prefix_override:/usr/lib/python3/dist-packages/colcon_core/task/python/colcon_distutils_commands:/home/anaskh007/Anasros2_ws/install/turtlebot3_example/lib/python3.10/site-packages:${PYTHONPATH} /usr/bin/python3 -W ignore:setup.py install is deprecated -W ignore:easy_install command is deprecated setup.py develop --editable --build-directory /home/anaskh007/Anasros2_ws/build/turtlebot3_example/build --no-deps symlink_data
