[0.028s] Invoking command in '/home/anaskh007/Anasros2_ws/build/dynamixel_sdk': CMAKE_PREFIX_PATH=${CMAKE_PREFIX_PATH}:/home/anaskh007/Anasros2_ws/install/turtlebot3_teleop:/home/anaskh007/Anasros2_ws/install/turtlebot3_example:/home/anaskh007/Anasros2_ws/install/dual_robot_nav:/home/anaskh007/Anasros2_ws/install/pub_sub_ex:/home/anaskh007/Anasros2_ws/install/mission_planner:/opt/ros/humble /usr/bin/cmake /home/anaskh007/Anasros2_ws/src/DynamixelSDK/dynamixel_sdk -DAMENT_CMAKE_SYMLINK_INSTALL=1 -DCMAKE_INSTALL_PREFIX=/home/anaskh007/Anasros2_ws/install/dynamixel_sdk
[0.708s] -- The C compiler identification is GNU 11.4.0
[0.708s] -- The CXX compiler identification is GNU 11.4.0
[0.709s] -- Detecting C compiler ABI info
[0.709s] -- Detecting C compiler ABI info - done
[0.709s] -- Check for working C compiler: /usr/bin/cc - skipped
[0.709s] -- Detecting C compile features
[0.710s] -- Detecting C compile features - done
[0.710s] -- Detecting CXX compiler ABI info
[0.710s] -- Detecting CXX compiler ABI info - done
[0.710s] -- Check for working CXX compiler: /usr/bin/c++ - skipped
[0.710s] -- Detecting CXX compile features
[0.710s] -- Detecting CXX compile features - done
[0.710s] -- Found ament_cmake: 1.3.12 (/opt/ros/humble/share/ament_cmake/cmake)
[0.710s] -- Found Python3: /usr/bin/python3 (found version "3.10.12") found components: Interpreter 
[0.711s] -- Override CMake install command with custom implementation using symlinks instead of copying resources
[0.711s] -- Configuring done
[0.711s] -- Generating done
[0.711s] -- Build files have been written to: /home/anaskh007/Anasros2_ws/build/dynamixel_sdk
[0.919s] Invoked command in '/home/anaskh007/Anasros2_ws/build/dynamixel_sdk' returned '0': CMAKE_PREFIX_PATH=${CMAKE_PREFIX_PATH}:/home/anaskh007/Anasros2_ws/install/turtlebot3_teleop:/home/anaskh007/Anasros2_ws/install/turtlebot3_example:/home/anaskh007/Anasros2_ws/install/dual_robot_nav:/home/anaskh007/Anasros2_ws/install/pub_sub_ex:/home/anaskh007/Anasros2_ws/install/mission_planner:/opt/ros/humble /usr/bin/cmake /home/anaskh007/Anasros2_ws/src/DynamixelSDK/dynamixel_sdk -DAMENT_CMAKE_SYMLINK_INSTALL=1 -DCMAKE_INSTALL_PREFIX=/home/anaskh007/Anasros2_ws/install/dynamixel_sdk
[0.920s] Invoking command in '/home/anaskh007/Anasros2_ws/build/dynamixel_sdk': CMAKE_PREFIX_PATH=${CMAKE_PREFIX_PATH}:/home/anaskh007/Anasros2_ws/install/turtlebot3_teleop:/home/anaskh007/Anasros2_ws/install/turtlebot3_example:/home/anaskh007/Anasros2_ws/install/dual_robot_nav:/home/anaskh007/Anasros2_ws/install/pub_sub_ex:/home/anaskh007/Anasros2_ws/install/mission_planner:/opt/ros/humble /usr/bin/cmake --build /home/anaskh007/Anasros2_ws/build/dynamixel_sdk -- -j16 -l16
[0.979s] [ 10%] [32mBuilding CXX object CMakeFiles/dynamixel_sdk.dir/src/dynamixel_sdk/packet_handler.cpp.o[0m
[0.980s] [ 20%] [32mBuilding CXX object CMakeFiles/dynamixel_sdk.dir/src/dynamixel_sdk/group_bulk_read.cpp.o[0m
[0.980s] [ 30%] [32mBuilding CXX object CMakeFiles/dynamixel_sdk.dir/src/dynamixel_sdk/protocol2_packet_handler.cpp.o[0m
[0.980s] [ 40%] [32mBuilding CXX object CMakeFiles/dynamixel_sdk.dir/src/dynamixel_sdk/group_sync_write.cpp.o[0m
[0.980s] [ 50%] [32mBuilding CXX object CMakeFiles/dynamixel_sdk.dir/src/dynamixel_sdk/group_sync_read.cpp.o[0m
[0.980s] [ 60%] [32mBuilding CXX object CMakeFiles/dynamixel_sdk.dir/src/dynamixel_sdk/protocol1_packet_handler.cpp.o[0m
[0.980s] [ 70%] [32mBuilding CXX object CMakeFiles/dynamixel_sdk.dir/src/dynamixel_sdk/port_handler.cpp.o[0m
[0.981s] [ 80%] [32mBuilding CXX object CMakeFiles/dynamixel_sdk.dir/src/dynamixel_sdk/group_bulk_write.cpp.o[0m
[0.981s] [ 90%] [32mBuilding CXX object CMakeFiles/dynamixel_sdk.dir/src/dynamixel_sdk/port_handler_linux.cpp.o[0m
[1.537s] [100%] [32m[1mLinking CXX shared library libdynamixel_sdk.so[0m
[1.607s] [100%] Built target dynamixel_sdk
[1.695s] Invoked command in '/home/anaskh007/Anasros2_ws/build/dynamixel_sdk' returned '0': CMAKE_PREFIX_PATH=${CMAKE_PREFIX_PATH}:/home/anaskh007/Anasros2_ws/install/turtlebot3_teleop:/home/anaskh007/Anasros2_ws/install/turtlebot3_example:/home/anaskh007/Anasros2_ws/install/dual_robot_nav:/home/anaskh007/Anasros2_ws/install/pub_sub_ex:/home/anaskh007/Anasros2_ws/install/mission_planner:/opt/ros/humble /usr/bin/cmake --build /home/anaskh007/Anasros2_ws/build/dynamixel_sdk -- -j16 -l16
[1.697s] Invoking command in '/home/anaskh007/Anasros2_ws/build/dynamixel_sdk': CMAKE_PREFIX_PATH=${CMAKE_PREFIX_PATH}:/home/anaskh007/Anasros2_ws/install/turtlebot3_teleop:/home/anaskh007/Anasros2_ws/install/turtlebot3_example:/home/anaskh007/Anasros2_ws/install/dual_robot_nav:/home/anaskh007/Anasros2_ws/install/pub_sub_ex:/home/anaskh007/Anasros2_ws/install/mission_planner:/opt/ros/humble /usr/bin/cmake --install /home/anaskh007/Anasros2_ws/build/dynamixel_sdk
[1.703s] -- Install configuration: ""
[1.703s] -- Execute custom install script
[1.703s] -- Symlinking: /home/anaskh007/Anasros2_ws/install/dynamixel_sdk/include//dynamixel_sdk/dynamixel_sdk.h
[1.709s] -- Symlinking: /home/anaskh007/Anasros2_ws/install/dynamixel_sdk/include//dynamixel_sdk/group_bulk_read.h
[1.716s] -- Symlinking: /home/anaskh007/Anasros2_ws/install/dynamixel_sdk/include//dynamixel_sdk/group_bulk_write.h
[1.724s] -- Symlinking: /home/anaskh007/Anasros2_ws/install/dynamixel_sdk/include//dynamixel_sdk/group_sync_read.h
[1.733s] -- Symlinking: /home/anaskh007/Anasros2_ws/install/dynamixel_sdk/include//dynamixel_sdk/group_sync_write.h
[1.743s] -- Symlinking: /home/anaskh007/Anasros2_ws/install/dynamixel_sdk/include//dynamixel_sdk/packet_handler.h
[1.753s] -- Symlinking: /home/anaskh007/Anasros2_ws/install/dynamixel_sdk/include//dynamixel_sdk/port_handler.h
[1.763s] -- Symlinking: /home/anaskh007/Anasros2_ws/install/dynamixel_sdk/include//dynamixel_sdk/port_handler_arduino.h
[1.773s] -- Symlinking: /home/anaskh007/Anasros2_ws/install/dynamixel_sdk/include//dynamixel_sdk/port_handler_linux.h
[1.785s] -- Symlinking: /home/anaskh007/Anasros2_ws/install/dynamixel_sdk/include//dynamixel_sdk/port_handler_mac.h
[1.795s] -- Symlinking: /home/anaskh007/Anasros2_ws/install/dynamixel_sdk/include//dynamixel_sdk/port_handler_windows.h
[1.806s] -- Symlinking: /home/anaskh007/Anasros2_ws/install/dynamixel_sdk/include//dynamixel_sdk/protocol1_packet_handler.h
[1.816s] -- Symlinking: /home/anaskh007/Anasros2_ws/install/dynamixel_sdk/include//dynamixel_sdk/protocol2_packet_handler.h
[1.827s] -- Symlinking: /home/anaskh007/Anasros2_ws/install/dynamixel_sdk/lib/libdynamixel_sdk.so
[1.838s] -- Symlinking: /home/anaskh007/Anasros2_ws/install/dynamixel_sdk/share/dynamixel_sdk/environment/library_path.sh
[1.849s] -- Symlinking: /home/anaskh007/Anasros2_ws/install/dynamixel_sdk/share/dynamixel_sdk/environment/library_path.dsv
[1.860s] -- Symlinking: /home/anaskh007/Anasros2_ws/install/dynamixel_sdk/share/ament_index/resource_index/package_run_dependencies/dynamixel_sdk
[1.870s] -- Symlinking: /home/anaskh007/Anasros2_ws/install/dynamixel_sdk/share/ament_index/resource_index/parent_prefix_path/dynamixel_sdk
[1.882s] -- Symlinking: /home/anaskh007/Anasros2_ws/install/dynamixel_sdk/share/dynamixel_sdk/environment/ament_prefix_path.sh
[1.893s] -- Symlinking: /home/anaskh007/Anasros2_ws/install/dynamixel_sdk/share/dynamixel_sdk/environment/ament_prefix_path.dsv
[1.904s] -- Symlinking: /home/anaskh007/Anasros2_ws/install/dynamixel_sdk/share/dynamixel_sdk/environment/path.sh
[1.912s] -- Symlinking: /home/anaskh007/Anasros2_ws/install/dynamixel_sdk/share/dynamixel_sdk/environment/path.dsv
[1.922s] -- Symlinking: /home/anaskh007/Anasros2_ws/install/dynamixel_sdk/share/dynamixel_sdk/local_setup.bash
[1.933s] -- Symlinking: /home/anaskh007/Anasros2_ws/install/dynamixel_sdk/share/dynamixel_sdk/local_setup.sh
[1.944s] -- Symlinking: /home/anaskh007/Anasros2_ws/install/dynamixel_sdk/share/dynamixel_sdk/local_setup.zsh
[1.954s] -- Symlinking: /home/anaskh007/Anasros2_ws/install/dynamixel_sdk/share/dynamixel_sdk/local_setup.dsv
[1.963s] -- Symlinking: /home/anaskh007/Anasros2_ws/install/dynamixel_sdk/share/dynamixel_sdk/package.dsv
[1.975s] -- Symlinking: /home/anaskh007/Anasros2_ws/install/dynamixel_sdk/share/ament_index/resource_index/packages/dynamixel_sdk
[1.986s] -- Symlinking: /home/anaskh007/Anasros2_ws/install/dynamixel_sdk/share/dynamixel_sdk/cmake/ament_cmake_export_include_directories-extras.cmake
[1.994s] -- Symlinking: /home/anaskh007/Anasros2_ws/install/dynamixel_sdk/share/dynamixel_sdk/cmake/ament_cmake_export_libraries-extras.cmake
[2.005s] -- Symlinking: /home/anaskh007/Anasros2_ws/install/dynamixel_sdk/share/dynamixel_sdk/cmake/dynamixel_sdkConfig.cmake
[2.011s] -- Symlinking: /home/anaskh007/Anasros2_ws/install/dynamixel_sdk/share/dynamixel_sdk/cmake/dynamixel_sdkConfig-version.cmake
[2.022s] -- Symlinking: /home/anaskh007/Anasros2_ws/install/dynamixel_sdk/share/dynamixel_sdk/package.xml
[2.030s] Invoked command in '/home/anaskh007/Anasros2_ws/build/dynamixel_sdk' returned '0': CMAKE_PREFIX_PATH=${CMAKE_PREFIX_PATH}:/home/anaskh007/Anasros2_ws/install/turtlebot3_teleop:/home/anaskh007/Anasros2_ws/install/turtlebot3_example:/home/anaskh007/Anasros2_ws/install/dual_robot_nav:/home/anaskh007/Anasros2_ws/install/pub_sub_ex:/home/anaskh007/Anasros2_ws/install/mission_planner:/opt/ros/humble /usr/bin/cmake --install /home/anaskh007/Anasros2_ws/build/dynamixel_sdk
