[0.037s] Invoking command in '/home/anaskh007/Anasros2_ws/build/dynamixel_sdk': CMAKE_PREFIX_PATH=${CMAKE_PREFIX_PATH}:/home/anaskh007/Anasros2_ws/install/turtlebot3_teleop:/home/anaskh007/Anasros2_ws/install/turtlebot3_example:/home/anaskh007/Anasros2_ws/install/dual_robot_nav:/home/anaskh007/Anasros2_ws/install/pub_sub_ex:/home/anaskh007/Anasros2_ws/install/mission_planner:/opt/ros/humble /usr/bin/cmake --build /home/anaskh007/Anasros2_ws/build/dynamixel_sdk -- -j16 -l16
[0.518s] [100%] Built target dynamixel_sdk
[0.693s] Invoked command in '/home/anaskh007/Anasros2_ws/build/dynamixel_sdk' returned '0': CMAKE_PREFIX_PATH=${CMAKE_PREFIX_PATH}:/home/anaskh007/Anasros2_ws/install/turtlebot3_teleop:/home/anaskh007/Anasros2_ws/install/turtlebot3_example:/home/anaskh007/Anasros2_ws/install/dual_robot_nav:/home/anaskh007/Anasros2_ws/install/pub_sub_ex:/home/anaskh007/Anasros2_ws/install/mission_planner:/opt/ros/humble /usr/bin/cmake --build /home/anaskh007/Anasros2_ws/build/dynamixel_sdk -- -j16 -l16
[0.694s] Invoking command in '/home/anaskh007/Anasros2_ws/build/dynamixel_sdk': CMAKE_PREFIX_PATH=${CMAKE_PREFIX_PATH}:/home/anaskh007/Anasros2_ws/install/turtlebot3_teleop:/home/anaskh007/Anasros2_ws/install/turtlebot3_example:/home/anaskh007/Anasros2_ws/install/dual_robot_nav:/home/anaskh007/Anasros2_ws/install/pub_sub_ex:/home/anaskh007/Anasros2_ws/install/mission_planner:/opt/ros/humble /usr/bin/cmake --install /home/anaskh007/Anasros2_ws/build/dynamixel_sdk
[0.713s] -- Install configuration: ""
[0.713s] -- Execute custom install script
[0.713s] -- Up-to-date symlink: /home/anaskh007/Anasros2_ws/install/dynamixel_sdk/include//dynamixel_sdk/dynamixel_sdk.h
[0.713s] -- Up-to-date symlink: /home/anaskh007/Anasros2_ws/install/dynamixel_sdk/include//dynamixel_sdk/group_bulk_read.h
[0.713s] -- Up-to-date symlink: /home/anaskh007/Anasros2_ws/install/dynamixel_sdk/include//dynamixel_sdk/group_bulk_write.h
[0.719s] -- Up-to-date symlink: /home/anaskh007/Anasros2_ws/install/dynamixel_sdk/include//dynamixel_sdk/group_sync_read.h
[0.720s] -- Up-to-date symlink: /home/anaskh007/Anasros2_ws/install/dynamixel_sdk/include//dynamixel_sdk/group_sync_write.h
[0.720s] -- Up-to-date symlink: /home/anaskh007/Anasros2_ws/install/dynamixel_sdk/include//dynamixel_sdk/packet_handler.h
[0.720s] -- Up-to-date symlink: /home/anaskh007/Anasros2_ws/install/dynamixel_sdk/include//dynamixel_sdk/port_handler.h
[0.720s] -- Up-to-date symlink: /home/anaskh007/Anasros2_ws/install/dynamixel_sdk/include//dynamixel_sdk/port_handler_arduino.h
[0.720s] -- Up-to-date symlink: /home/anaskh007/Anasros2_ws/install/dynamixel_sdk/include//dynamixel_sdk/port_handler_linux.h
[0.720s] -- Up-to-date symlink: /home/anaskh007/Anasros2_ws/install/dynamixel_sdk/include//dynamixel_sdk/port_handler_mac.h
[0.720s] -- Up-to-date symlink: /home/anaskh007/Anasros2_ws/install/dynamixel_sdk/include//dynamixel_sdk/port_handler_windows.h
[0.723s] -- Up-to-date symlink: /home/anaskh007/Anasros2_ws/install/dynamixel_sdk/include//dynamixel_sdk/protocol1_packet_handler.h
[0.723s] -- Up-to-date symlink: /home/anaskh007/Anasros2_ws/install/dynamixel_sdk/include//dynamixel_sdk/protocol2_packet_handler.h
[0.724s] -- Up-to-date symlink: /home/anaskh007/Anasros2_ws/install/dynamixel_sdk/lib/libdynamixel_sdk.so
[0.724s] -- Up-to-date symlink: /home/anaskh007/Anasros2_ws/install/dynamixel_sdk/share/dynamixel_sdk/environment/library_path.sh
[0.729s] -- Up-to-date symlink: /home/anaskh007/Anasros2_ws/install/dynamixel_sdk/share/dynamixel_sdk/environment/library_path.dsv
[0.729s] -- Up-to-date symlink: /home/anaskh007/Anasros2_ws/install/dynamixel_sdk/share/ament_index/resource_index/package_run_dependencies/dynamixel_sdk
[0.729s] -- Up-to-date symlink: /home/anaskh007/Anasros2_ws/install/dynamixel_sdk/share/ament_index/resource_index/parent_prefix_path/dynamixel_sdk
[0.731s] -- Up-to-date symlink: /home/anaskh007/Anasros2_ws/install/dynamixel_sdk/share/dynamixel_sdk/environment/ament_prefix_path.sh
[0.731s] -- Up-to-date symlink: /home/anaskh007/Anasros2_ws/install/dynamixel_sdk/share/dynamixel_sdk/environment/ament_prefix_path.dsv
[0.732s] -- Up-to-date symlink: /home/anaskh007/Anasros2_ws/install/dynamixel_sdk/share/dynamixel_sdk/environment/path.sh
[0.732s] -- Up-to-date symlink: /home/anaskh007/Anasros2_ws/install/dynamixel_sdk/share/dynamixel_sdk/environment/path.dsv
[0.733s] -- Up-to-date symlink: /home/anaskh007/Anasros2_ws/install/dynamixel_sdk/share/dynamixel_sdk/local_setup.bash
[0.737s] -- Up-to-date symlink: /home/anaskh007/Anasros2_ws/install/dynamixel_sdk/share/dynamixel_sdk/local_setup.sh
[0.737s] -- Up-to-date symlink: /home/anaskh007/Anasros2_ws/install/dynamixel_sdk/share/dynamixel_sdk/local_setup.zsh
[0.740s] -- Up-to-date symlink: /home/anaskh007/Anasros2_ws/install/dynamixel_sdk/share/dynamixel_sdk/local_setup.dsv
[0.743s] -- Symlinking: /home/anaskh007/Anasros2_ws/install/dynamixel_sdk/share/dynamixel_sdk/package.dsv
[0.776s] -- Up-to-date symlink: /home/anaskh007/Anasros2_ws/install/dynamixel_sdk/share/ament_index/resource_index/packages/dynamixel_sdk
[0.776s] -- Up-to-date symlink: /home/anaskh007/Anasros2_ws/install/dynamixel_sdk/share/dynamixel_sdk/cmake/ament_cmake_export_include_directories-extras.cmake
[0.777s] -- Up-to-date symlink: /home/anaskh007/Anasros2_ws/install/dynamixel_sdk/share/dynamixel_sdk/cmake/ament_cmake_export_libraries-extras.cmake
[0.777s] -- Up-to-date symlink: /home/anaskh007/Anasros2_ws/install/dynamixel_sdk/share/dynamixel_sdk/cmake/dynamixel_sdkConfig.cmake
[0.777s] -- Up-to-date symlink: /home/anaskh007/Anasros2_ws/install/dynamixel_sdk/share/dynamixel_sdk/cmake/dynamixel_sdkConfig-version.cmake
[0.777s] -- Up-to-date symlink: /home/anaskh007/Anasros2_ws/install/dynamixel_sdk/share/dynamixel_sdk/package.xml
[0.832s] Invoked command in '/home/anaskh007/Anasros2_ws/build/dynamixel_sdk' returned '0': CMAKE_PREFIX_PATH=${CMAKE_PREFIX_PATH}:/home/anaskh007/Anasros2_ws/install/turtlebot3_teleop:/home/anaskh007/Anasros2_ws/install/turtlebot3_example:/home/anaskh007/Anasros2_ws/install/dual_robot_nav:/home/anaskh007/Anasros2_ws/install/pub_sub_ex:/home/anaskh007/Anasros2_ws/install/mission_planner:/opt/ros/humble /usr/bin/cmake --install /home/anaskh007/Anasros2_ws/build/dynamixel_sdk
